#
# There is insufficient memory for the Java Runtime Environment to continue.
# Native memory allocation (mmap) failed to map 199229440 bytes for G1 virtual space
# Possible reasons:
#   The system is out of physical RAM or swap space
#   The process is running with CompressedOops enabled, and the Java Heap may be blocking the growth of the native heap
# Possible solutions:
#   Reduce memory load on the system
#   Increase physical memory or swap space
#   Check if swap backing store is full
#   Decrease Java heap size (-Xmx/-Xms)
#   Decrease number of Java threads
#   Decrease Java thread stack sizes (-Xss)
#   Set larger code cache with -XX:ReservedCodeCacheSize=
#   JVM is running with Zero Based Compressed Oops mode in which the Java heap is
#     placed in the first 32GB address space. The Java Heap base address is the
#     maximum limit for the native heap growth. Please use -XX:HeapBaseMinAddress
#     to set the Java Heap base and to place the Java Heap above 32GB virtual address.
# This output file may be truncated or incomplete.
#
#  Out of Memory Error (os_windows.cpp:3617), pid=16824, tid=15044
#
# JRE version:  (17.0.8.1+1) (build )
# Java VM: OpenJDK 64-Bit Server VM (17.0.8.1+1, mixed mode, sharing, tiered, compressed oops, compressed class ptrs, g1 gc, windows-amd64)
# No core dump will be written. Minidumps are not enabled by default on client versions of Windows
#

---------------  S U M M A R Y ------------

Command Line: --add-opens=java.base/java.lang=ALL-UNNAMED --add-opens=java.base/java.io=ALL-UNNAMED --add-opens=java.base/java.util=ALL-UNNAMED -Dplugin.dir=C:\Users\LENOVO\.vscode\extensions\redhat.java-1.23.0-win32-x64\server\..\..\vscjava.vscode-gradle-3.13.0\server\plugins com.microsoft.java.bs.core.Launcher

Host: Intel(R) Core(TM) i7-6600U CPU @ 2.60GHz, 4 cores, 11G,  Windows 10 , 64 bit Build 19041 (10.0.19041.3570)
Time: Mon Oct 23 12:06:33 2023 Pakistan Standard Time elapsed time: 0.020514 seconds (0d 0h 0m 0s)

---------------  T H R E A D  ---------------

Current thread (0x0000023bea1b7d10):  JavaThread "Unknown thread" [_thread_in_vm, id=15044, stack(0x000000d875800000,0x000000d875900000)]

Stack: [0x000000d875800000,0x000000d875900000]
Native frames: (J=compiled Java code, j=interpreted, Vv=VM code, C=native code)
V  [jvm.dll+0x678b0a]
V  [jvm.dll+0x835e84]
V  [jvm.dll+0x83762e]
V  [jvm.dll+0x837c93]
V  [jvm.dll+0x24746f]
V  [jvm.dll+0x675859]
V  [jvm.dll+0x66a0ea]
V  [jvm.dll+0x306c7b]
V  [jvm.dll+0x30e166]
V  [jvm.dll+0x35dd3e]
V  [jvm.dll+0x35df6f]
V  [jvm.dll+0x2ddb48]
V  [jvm.dll+0x2deab4]
V  [jvm.dll+0x807f31]
V  [jvm.dll+0x36bb21]
V  [jvm.dll+0x7e733c]
V  [jvm.dll+0x3ee4af]
V  [jvm.dll+0x3f00c1]
C  [jli.dll+0x528b]
C  [ucrtbase.dll+0x21bb2]
C  [KERNEL32.DLL+0x17344]
C  [ntdll.dll+0x526b1]


---------------  P R O C E S S  ---------------

Threads class SMR info:
_java_thread_list=0x00007ff8ee0ca018, length=0, elements={
}

Java Threads: ( => current thread )

Other Threads:
  0x0000023bea2104d0 GCTaskThread "GC Thread#0" [stack: 0x000000d875a00000,0x000000d875b00000] [id=13884]
  0x0000023bea21d1e0 ConcurrentGCThread "G1 Main Marker" [stack: 0x000000d875b00000,0x000000d875c00000] [id=10160]
  0x0000023bea21dbf0 ConcurrentGCThread "G1 Conc#0" [stack: 0x000000d875c00000,0x000000d875d00000] [id=13940]

[error occurred during error reporting (printing all threads), id 0xc0000005, EXCEPTION_ACCESS_VIOLATION (0xc0000005) at pc=0x00007ff8ed89e587]

VM state: not at safepoint (not fully initialized)

VM Mutex/Monitor currently owned by a thread:  ([mutex/lock_event])
[0x0000023bea1b2d00] Heap_lock - owner thread: 0x0000023bea1b7d10

Heap address: 0x0000000742400000, size: 3036 MB, Compressed Oops mode: Zero based, Oop shift amount: 3

CDS archive(s) mapped at: [0x0000000000000000-0x0000000000000000-0x0000000000000000), size 0, SharedBaseAddress: 0x0000000800000000, ArchiveRelocationMode: 1.
Narrow klass base: 0x0000000000000000, Narrow klass shift: 0, Narrow klass range: 0x0

GC Precious Log:
<Empty>

Heap:
 garbage-first heap   total 0K, used 0K [0x0000000742400000, 0x0000000800000000)
  region size 2048K, 0 young (0K), 0 survivors (0K)

[error occurred during error reporting (printing heap information), id 0xc0000005, EXCEPTION_ACCESS_VIOLATION (0xc0000005) at pc=0x00007ff8edc82699]

GC Heap History (0 events):
No events

Dll operation events (1 events):
Event: 0.011 Loaded shared library C:\Users\LENOVO\.vscode\extensions\redhat.java-1.23.0-win32-x64\jre\17.0.8.1-win32-x86_64\bin\java.dll

Deoptimization events (0 events):
No events

Classes unloaded (0 events):
No events

Classes redefined (0 events):
No events

Internal exceptions (0 events):
No events

VM Operations (0 events):
No events

Events (0 events):
No events


Dynamic libraries:
0x00007ff6ab8a0000 - 0x00007ff6ab8ae000 	C:\Users\LENOVO\.vscode\extensions\redhat.java-1.23.0-win32-x64\jre\17.0.8.1-win32-x86_64\bin\java.exe
0x00007ff93bb50000 - 0x00007ff93bd47000 	C:\WINDOWS\SYSTEM32\ntdll.dll
0x00007ff93a720000 - 0x00007ff93a7dd000 	C:\WINDOWS\System32\KERNEL32.DLL
0x00007ff9395a0000 - 0x00007ff939896000 	C:\WINDOWS\System32\KERNELBASE.dll
0x00007ff939ab0000 - 0x00007ff939bb0000 	C:\WINDOWS\System32\ucrtbase.dll
0x00007ff917440000 - 0x00007ff917457000 	C:\Users\LENOVO\.vscode\extensions\redhat.java-1.23.0-win32-x64\jre\17.0.8.1-win32-x86_64\bin\jli.dll
0x00007ff939d70000 - 0x00007ff939f0e000 	C:\WINDOWS\System32\USER32.dll
0x00007ff9394b0000 - 0x00007ff9394d2000 	C:\WINDOWS\System32\win32u.dll
0x00007ff93ba80000 - 0x00007ff93baac000 	C:\WINDOWS\System32\GDI32.dll
0x00007ff939390000 - 0x00007ff9394aa000 	C:\WINDOWS\System32\gdi32full.dll
0x00007ff939a10000 - 0x00007ff939aad000 	C:\WINDOWS\System32\msvcp_win.dll
0x00007ff917420000 - 0x00007ff917439000 	C:\Users\LENOVO\.vscode\extensions\redhat.java-1.23.0-win32-x64\jre\17.0.8.1-win32-x86_64\bin\VCRUNTIME140.dll
0x00007ff9246c0000 - 0x00007ff92495a000 	C:\WINDOWS\WinSxS\amd64_microsoft.windows.common-controls_6595b64144ccf1df_6.0.19041.1110_none_60b5254171f9507e\COMCTL32.dll
0x00007ff93b1c0000 - 0x00007ff93b25e000 	C:\WINDOWS\System32\msvcrt.dll
0x00007ff93a6f0000 - 0x00007ff93a720000 	C:\WINDOWS\System32\IMM32.DLL
0x00007ff9338f0000 - 0x00007ff9338fc000 	C:\Users\LENOVO\.vscode\extensions\redhat.java-1.23.0-win32-x64\jre\17.0.8.1-win32-x86_64\bin\vcruntime140_1.dll
0x00007ff917380000 - 0x00007ff917411000 	C:\Users\LENOVO\.vscode\extensions\redhat.java-1.23.0-win32-x64\jre\17.0.8.1-win32-x86_64\bin\msvcp140.dll
0x00007ff8ed5b0000 - 0x00007ff8ee1fc000 	C:\Users\LENOVO\.vscode\extensions\redhat.java-1.23.0-win32-x64\jre\17.0.8.1-win32-x86_64\bin\server\jvm.dll
0x00007ff93b9d0000 - 0x00007ff93ba7e000 	C:\WINDOWS\System32\ADVAPI32.dll
0x00007ff93b4a0000 - 0x00007ff93b53c000 	C:\WINDOWS\System32\sechost.dll
0x00007ff93a5b0000 - 0x00007ff93a6d6000 	C:\WINDOWS\System32\RPCRT4.dll
0x00007ff9387a0000 - 0x00007ff9387eb000 	C:\WINDOWS\SYSTEM32\POWRPROF.dll
0x00007ff9289a0000 - 0x00007ff9289a9000 	C:\WINDOWS\SYSTEM32\WSOCK32.dll
0x00007ff93b260000 - 0x00007ff93b2cb000 	C:\WINDOWS\System32\WS2_32.dll
0x00007ff9251e0000 - 0x00007ff925207000 	C:\WINDOWS\SYSTEM32\WINMM.dll
0x00007ff932dd0000 - 0x00007ff932dda000 	C:\WINDOWS\SYSTEM32\VERSION.dll
0x00007ff938610000 - 0x00007ff938622000 	C:\WINDOWS\SYSTEM32\UMPDC.dll
0x00007ff937a20000 - 0x00007ff937a32000 	C:\WINDOWS\SYSTEM32\kernel.appcore.dll
0x00007ff9331d0000 - 0x00007ff9331da000 	C:\Users\LENOVO\.vscode\extensions\redhat.java-1.23.0-win32-x64\jre\17.0.8.1-win32-x86_64\bin\jimage.dll
0x00007ff9328d0000 - 0x00007ff932ab4000 	C:\WINDOWS\SYSTEM32\DBGHELP.DLL
0x00007ff930960000 - 0x00007ff930994000 	C:\WINDOWS\SYSTEM32\dbgcore.DLL
0x00007ff9398d0000 - 0x00007ff939952000 	C:\WINDOWS\System32\bcryptPrimitives.dll
0x00007ff917350000 - 0x00007ff917375000 	C:\Users\LENOVO\.vscode\extensions\redhat.java-1.23.0-win32-x64\jre\17.0.8.1-win32-x86_64\bin\java.dll

dbghelp: loaded successfully - version: 4.0.5 - missing functions: none
symbol engine: initialized successfully - sym options: 0x614 - pdb path: .;C:\Users\LENOVO\.vscode\extensions\redhat.java-1.23.0-win32-x64\jre\17.0.8.1-win32-x86_64\bin;C:\WINDOWS\SYSTEM32;C:\WINDOWS\WinSxS\amd64_microsoft.windows.common-controls_6595b64144ccf1df_6.0.19041.1110_none_60b5254171f9507e;C:\Users\LENOVO\.vscode\extensions\redhat.java-1.23.0-win32-x64\jre\17.0.8.1-win32-x86_64\bin\server

VM Arguments:
jvm_args: --add-opens=java.base/java.lang=ALL-UNNAMED --add-opens=java.base/java.io=ALL-UNNAMED --add-opens=java.base/java.util=ALL-UNNAMED -Dplugin.dir=C:\Users\LENOVO\.vscode\extensions\redhat.java-1.23.0-win32-x64\server\..\..\vscjava.vscode-gradle-3.13.0\server\plugins 
java_command: com.microsoft.java.bs.core.Launcher
java_class_path (initial): C:\Users\LENOVO\.vscode\extensions\redhat.java-1.23.0-win32-x64\server\..\..\vscjava.vscode-gradle-3.13.0\server\server.jar;C:\Users\LENOVO\.vscode\extensions\redhat.java-1.23.0-win32-x64\server\..\..\vscjava.vscode-gradle-3.13.0\server\runtime\bsp4j-2.1.0-M4.jar;C:\Users\LENOVO\.vscode\extensions\redhat.java-1.23.0-win32-x64\server\..\..\vscjava.vscode-gradle-3.13.0\server\runtime\checker-qual-3.5.0.jar;C:\Users\LENOVO\.vscode\extensions\redhat.java-1.23.0-win32-x64\server\..\..\vscjava.vscode-gradle-3.13.0\server\runtime\commons-lang3-3.13.0.jar;C:\Users\LENOVO\.vscode\extensions\redhat.java-1.23.0-win32-x64\server\..\..\vscjava.vscode-gradle-3.13.0\server\runtime\error_prone_annotations-2.3.4.jar;C:\Users\LENOVO\.vscode\extensions\redhat.java-1.23.0-win32-x64\server\..\..\vscjava.vscode-gradle-3.13.0\server\runtime\failureaccess-1.0.1.jar;C:\Users\LENOVO\.vscode\extensions\redhat.java-1.23.0-win32-x64\server\..\..\vscjava.vscode-gradle-3.13.0\server\runtime\gradle-tooling-api-8.1.1.jar;C:\Users\LENOVO\.vscode\extensions\redhat.java-1.23.0-win32-x64\server\..\..\vscjava.vscode-gradle-3.13.0\server\runtime\gson-2.9.1.jar;C:\Users\LENOVO\.vscode\extensions\redhat.java-1.23.0-win32-x64\server\..\..\vscjava.vscode-gradle-3.13.0\server\runtime\guava-30.1-jre.jar;C:\Users\LENOVO\.vscode\extensions\redhat.java-1.23.0-win32-x64\server\..\..\vscjava.vscode-gradle-3.13.0\server\runtime\j2objc-annotations-1.3.jar;C:\Users\LENOVO\.vscode\extensions\redhat.java-1.23.0-win32-x64\server\..\..\vscjava.vscode-gradle-3.13.0\server\runtime\jsr305-3.0.2.jar;C:\Users\LENOVO\.vscode\extensions\redhat.java-1.23.0-win32-x64\server\..\..\vscjava.vscode-gradle-3.13.0\server\runtime\listenablefuture-9999.0-empty-to-avoid-conflict-with-guava.jar;C:\Users\LENOVO\.vscode\extensions\redhat.java-1.23.0-win32-x64\server\..\..\vscjava.vscode-gradle-3.13.0\server\runtime\model.jar;C:\Users\LENOVO\.vscode\extensions\redhat.java-1.23.0-win32-x64\server\..\..\vscjava.vscod
Launcher Type: SUN_STANDARD

[Global flags]
     intx CICompilerCount                          = 3                                         {product} {ergonomic}
     uint ConcGCThreads                            = 1                                         {product} {ergonomic}
     uint G1ConcRefinementThreads                  = 4                                         {product} {ergonomic}
   size_t G1HeapRegionSize                         = 2097152                                   {product} {ergonomic}
    uintx GCDrainStackTargetSize                   = 64                                        {product} {ergonomic}
   size_t InitialHeapSize                          = 199229440                                 {product} {ergonomic}
   size_t MarkStackSize                            = 4194304                                   {product} {ergonomic}
   size_t MaxHeapSize                              = 3183476736                                {product} {ergonomic}
   size_t MinHeapDeltaBytes                        = 2097152                                   {product} {ergonomic}
   size_t MinHeapSize                              = 8388608                                   {product} {ergonomic}
    uintx NonNMethodCodeHeapSize                   = 5832780                                {pd product} {ergonomic}
    uintx NonProfiledCodeHeapSize                  = 122912730                              {pd product} {ergonomic}
    uintx ProfiledCodeHeapSize                     = 122912730                              {pd product} {ergonomic}
    uintx ReservedCodeCacheSize                    = 251658240                              {pd product} {ergonomic}
     bool SegmentedCodeCache                       = true                                      {product} {ergonomic}
   size_t SoftMaxHeapSize                          = 3183476736                             {manageable} {ergonomic}
     bool UseCompressedClassPointers               = true                           {product lp64_product} {ergonomic}
     bool UseCompressedOops                        = true                           {product lp64_product} {ergonomic}
     bool UseG1GC                                  = true                                      {product} {ergonomic}
     bool UseLargePagesIndividualAllocation        = false                                  {pd product} {ergonomic}

Logging:
Log output configuration:
 #0: stdout all=warning uptime,level,tags
 #1: stderr all=off uptime,level,tags

Environment Variables:
JAVA_HOME=C:\Program Files\Microsoft\jdk-11.0.20.8-hotspot\
PATH=C:\Program Files\Microsoft\jdk-11.0.20.8-hotspot\bin;C:\Python310\Scripts\;C:\Python310\;C:\ProgramData\Oracle\Java\javapath;C:\WINDOWS\system32;C:\WINDOWS;C:\WINDOWS\System32\Wbem;C:\WINDOWS\System32\WindowsPowerShell\v1.0\;C:\WINDOWS\System32\OpenSSH\;C:\Program Files\Microsoft VS Code\bin;C:\ProgramData\chocolatey\bin;C:\Program Files\OpenJDK\openjdk-8u312-b07\bin;C:\Program Files\Git\cmd;C:\Program Files\OpenJDK\openjdk-11.0.13_8\bin;C:\Users\LENOVO\AppData\Local\Android\Sdk\platform-tools;C:\flutter\bin;C:\Users\LENOVO\AppData\Local\Pub\Cache\bin;C:\flutter\.pub-cache\bin;C:\flutter\.pub-cache;C:\Users\LENOVO\AppData\Roaming\npm;C:\Program Files\nodejs\;C:\Users\LENOVO\AppData\Local\Microsoft\WindowsApps;C:\Program Files (x86)\Java\jdk1.8.0_121\bin;C:\flutter\bin;C:\Users\LENOVO\AppData\Local\Android\Sdk;C:\Users\LENOVO\AppData\Local\Pub\Cache\bin;C:\Users\LENOVO\AppData\Roaming\npm
USERNAME=LENOVO
OS=Windows_NT
PROCESSOR_IDENTIFIER=Intel64 Family 6 Model 78 Stepping 3, GenuineIntel
TMP=C:\Users\LENOVO\AppData\Local\Temp
TEMP=C:\Users\LENOVO\AppData\Local\Temp



---------------  S Y S T E M  ---------------

OS:
 Windows 10 , 64 bit Build 19041 (10.0.19041.3570)
OS uptime: 2 days 19:56 hours
Hyper-V role detected

CPU: total 4 (initial active 4) (2 cores per cpu, 2 threads per core) family 6 model 78 stepping 3 microcode 0xf0, cx8, cmov, fxsr, ht, mmx, 3dnowpref, sse, sse2, sse3, ssse3, sse4.1, sse4.2, popcnt, lzcnt, tsc, tscinvbit, avx, avx2, aes, erms, clmul, bmi1, bmi2, rtm, adx, fma, vzeroupper, clflush, clflushopt, hv
Processor Information for all 4 processors :
  Max Mhz: 2808, Current Mhz: 802, Mhz Limit: 786

Memory: 4k page, system-wide physical 12143M (322M free)
TotalPageFile size 16143M (AvailPageFile size 173M)
current process WorkingSet (physical memory assigned to process): 10M, peak: 10M
current process commit charge ("private bytes"): 51M, peak: 241M

vm_info: OpenJDK 64-Bit Server VM (17.0.8.1+1) for windows-amd64 JRE (17.0.8.1+1), built on Aug 23 2023 15:29:17 by "admin" with MS VC++ 16.7 (VS2019)

END.
