#
# There is insufficient memory for the Java Runtime Environment to continue.
# Native memory allocation (malloc) failed to allocate 1187856 bytes for Chunk::new
# Possible reasons:
#   The system is out of physical RAM or swap space
#   The process is running with CompressedOops enabled, and the Java Heap may be blocking the growth of the native heap
# Possible solutions:
#   Reduce memory load on the system
#   Increase physical memory or swap space
#   Check if swap backing store is full
#   Decrease Java heap size (-Xmx/-Xms)
#   Decrease number of Java threads
#   Decrease Java thread stack sizes (-Xss)
#   Set larger code cache with -XX:ReservedCodeCacheSize=
#   JVM is running with Unscaled Compressed Oops mode in which the Java heap is
#     placed in the first 4GB address space. The Java Heap base address is the
#     maximum limit for the native heap growth. Please use -XX:HeapBaseMinAddress
#     to set the Java Heap base and to place the Java Heap above 4GB virtual address.
# This output file may be truncated or incomplete.
#
#  Out of Memory Error (arena.cpp:189), pid=2844, tid=12492
#
# JRE version: OpenJDK Runtime Environment Temurin-17.0.8.1+1 (17.0.8.1+1) (build 17.0.8.1+1)
# Java VM: OpenJDK 64-Bit Server VM Temurin-17.0.8.1+1 (17.0.8.1+1, mixed mode, tiered, compressed oops, compressed class ptrs, parallel gc, windows-amd64)
# No core dump will be written. Minidumps are not enabled by default on client versions of Windows
#

---------------  S U M M A R Y ------------

Command Line: --add-modules=ALL-SYSTEM --add-opens=java.base/java.util=ALL-UNNAMED --add-opens=java.base/java.lang=ALL-UNNAMED --add-opens=java.base/sun.nio.fs=ALL-UNNAMED -Declipse.application=org.eclipse.jdt.ls.core.id1 -Dosgi.bundles.defaultStartLevel=4 -Declipse.product=org.eclipse.jdt.ls.core.product -Djava.import.generatesMetadataFilesAtProjectRoot=false -DDetectVMInstallationsJob.disabled=true -Dfile.encoding=utf8 -XX:+UseParallelGC -XX:GCTimeRatio=4 -XX:AdaptiveSizePolicyWeight=90 -Dsun.zip.disableMemoryMapping=true -Xmx1G -Xms100m -Xlog:disable -javaagent:c:\Users\LENOVO\.vscode\extensions\redhat.java-1.23.0-win32-x64\lombok\lombok-1.18.30.jar -XX:+HeapDumpOnOutOfMemoryError -XX:HeapDumpPath=c:\Users\LENOVO\AppData\Roaming\Code\User\workspaceStorage\86c2424eee156b29ea3928040f350fbe\redhat.java -Daether.dependencyCollector.impl=bf c:\Users\LENOVO\.vscode\extensions\redhat.java-1.23.0-win32-x64\server\plugins\org.eclipse.equinox.launcher_1.6.500.v20230717-2134.jar -configuration c:\Users\LENOVO\AppData\Roaming\Code\User\globalStorage\redhat.java\1.23.0\config_win -data c:\Users\LENOVO\AppData\Roaming\Code\User\workspaceStorage\86c2424eee156b29ea3928040f350fbe\redhat.java\jdt_ws

Host: Intel(R) Core(TM) i7-6600U CPU @ 2.60GHz, 4 cores, 11G,  Windows 10 , 64 bit Build 19041 (10.0.19041.3570)
Time: Mon Oct 23 12:06:20 2023 Pakistan Standard Time elapsed time: 84.827800 seconds (0d 0h 1m 24s)

---------------  T H R E A D  ---------------

Current thread (0x0000026a529d5510):  JavaThread "C2 CompilerThread0" daemon [_thread_in_native, id=12492, stack(0x0000008ea0200000,0x0000008ea0300000)]


Current CompileTask:
C2:  84827 8092   !   4       org.eclipse.jdt.internal.compiler.classfmt.ClassFileReader::<init> (2113 bytes)

Stack: [0x0000008ea0200000,0x0000008ea0300000]
Native frames: (J=compiled Java code, j=interpreted, Vv=VM code, C=native code)
V  [jvm.dll+0x678b0a]
V  [jvm.dll+0x835e84]
V  [jvm.dll+0x83762e]
V  [jvm.dll+0x837c93]
V  [jvm.dll+0x24746f]
V  [jvm.dll+0xac20c]
V  [jvm.dll+0xac7dc]
V  [jvm.dll+0x365c52]
V  [jvm.dll+0x3301a1]
V  [jvm.dll+0x32f64a]
V  [jvm.dll+0x219bf1]
V  [jvm.dll+0x219011]
V  [jvm.dll+0x1a534d]
V  [jvm.dll+0x228d8a]
V  [jvm.dll+0x226dcc]
V  [jvm.dll+0x7ec09b]
V  [jvm.dll+0x7e64ca]
V  [jvm.dll+0x677955]
C  [ucrtbase.dll+0x21bb2]
C  [KERNEL32.DLL+0x17344]
C  [ntdll.dll+0x526b1]


---------------  P R O C E S S  ---------------

Threads class SMR info:
_java_thread_list=0x0000026a5a3abfc0, length=30, elements={
0x0000026a3eb897b0, 0x0000026a3ec4a5f0, 0x0000026a3ec4c110, 0x0000026a529d2270,
0x0000026a529d30f0, 0x0000026a529d3cb0, 0x0000026a529d4770, 0x0000026a529d5510,
0x0000026a57bda450, 0x0000026a57be1540, 0x0000026a57c75220, 0x0000026a57f877c0,
0x0000026a580f3da0, 0x0000026a584aba80, 0x0000026a584abf60, 0x0000026a585ee510,
0x0000026a582680c0, 0x0000026a58268ff0, 0x0000026a5826a430, 0x0000026a582685d0,
0x0000026a5826b360, 0x0000026a5826b870, 0x0000026a58268ae0, 0x0000026a58269500,
0x0000026a594d59c0, 0x0000026a594d7310, 0x0000026a594d4070, 0x0000026a594d7820,
0x0000026a594d63e0, 0x0000026a594d4fa0
}

Java Threads: ( => current thread )
  0x0000026a3eb897b0 JavaThread "main" [_thread_blocked, id=15532, stack(0x0000008e9f900000,0x0000008e9fa00000)]
  0x0000026a3ec4a5f0 JavaThread "Reference Handler" daemon [_thread_blocked, id=15640, stack(0x0000008e9fc00000,0x0000008e9fd00000)]
  0x0000026a3ec4c110 JavaThread "Finalizer" daemon [_thread_blocked, id=12124, stack(0x0000008e9fd00000,0x0000008e9fe00000)]
  0x0000026a529d2270 JavaThread "Signal Dispatcher" daemon [_thread_blocked, id=4964, stack(0x0000008e9fe00000,0x0000008e9ff00000)]
  0x0000026a529d30f0 JavaThread "Attach Listener" daemon [_thread_blocked, id=16184, stack(0x0000008e9ff00000,0x0000008ea0000000)]
  0x0000026a529d3cb0 JavaThread "Service Thread" daemon [_thread_blocked, id=8240, stack(0x0000008ea0000000,0x0000008ea0100000)]
  0x0000026a529d4770 JavaThread "Monitor Deflation Thread" daemon [_thread_blocked, id=10184, stack(0x0000008ea0100000,0x0000008ea0200000)]
=>0x0000026a529d5510 JavaThread "C2 CompilerThread0" daemon [_thread_in_native, id=12492, stack(0x0000008ea0200000,0x0000008ea0300000)]
  0x0000026a57bda450 JavaThread "C1 CompilerThread0" daemon [_thread_blocked, id=15900, stack(0x0000008ea0300000,0x0000008ea0400000)]
  0x0000026a57be1540 JavaThread "Sweeper thread" daemon [_thread_blocked, id=7020, stack(0x0000008ea0400000,0x0000008ea0500000)]
  0x0000026a57c75220 JavaThread "Common-Cleaner" daemon [_thread_blocked, id=15020, stack(0x0000008ea0500000,0x0000008ea0600000)]
  0x0000026a57f877c0 JavaThread "Notification Thread" daemon [_thread_blocked, id=9712, stack(0x0000008ea0600000,0x0000008ea0700000)]
  0x0000026a580f3da0 JavaThread "Active Thread: Equinox Container: b9eefffb-f2da-436a-9f35-55ec9e922561" [_thread_blocked, id=14144, stack(0x0000008ea0b00000,0x0000008ea0c00000)]
  0x0000026a584aba80 JavaThread "Framework Event Dispatcher: Equinox Container: b9eefffb-f2da-436a-9f35-55ec9e922561" daemon [_thread_blocked, id=11612, stack(0x0000008ea0c00000,0x0000008ea0d00000)]
  0x0000026a584abf60 JavaThread "Start Level: Equinox Container: b9eefffb-f2da-436a-9f35-55ec9e922561" daemon [_thread_blocked, id=14796, stack(0x0000008ea0d00000,0x0000008ea0e00000)]
  0x0000026a585ee510 JavaThread "Bundle File Closer" daemon [_thread_blocked, id=12596, stack(0x0000008ea0e00000,0x0000008ea0f00000)]
  0x0000026a582680c0 JavaThread "SCR Component Actor" daemon [_thread_blocked, id=3956, stack(0x0000008ea0f00000,0x0000008ea1000000)]
  0x0000026a58268ff0 JavaThread "Worker-JM" [_thread_blocked, id=7460, stack(0x0000008ea1100000,0x0000008ea1200000)]
  0x0000026a5826a430 JavaThread "Worker-0" [_thread_blocked, id=6404, stack(0x0000008ea1200000,0x0000008ea1300000)]
  0x0000026a582685d0 JavaThread "Worker-1" [_thread_blocked, id=7116, stack(0x0000008ea1300000,0x0000008ea1400000)]
  0x0000026a5826b360 JavaThread "Worker-2: Java indexing... " [_thread_blocked, id=13952, stack(0x0000008ea1400000,0x0000008ea1500000)]
  0x0000026a5826b870 JavaThread "Worker-3: Initialize Workspace" [_thread_blocked, id=15308, stack(0x0000008ea1500000,0x0000008ea1600000)]
  0x0000026a58268ae0 JavaThread "Java indexing" daemon [_thread_in_native, id=3848, stack(0x0000008ea1600000,0x0000008ea1700000)]
  0x0000026a58269500 JavaThread "JNA Cleaner" daemon [_thread_blocked, id=11024, stack(0x0000008ea1700000,0x0000008ea1800000)]
  0x0000026a594d59c0 JavaThread "pool-2-thread-1" [_thread_blocked, id=14252, stack(0x0000008ea1a00000,0x0000008ea1b00000)]
  0x0000026a594d7310 JavaThread "WorkspaceEventsHandler" [_thread_blocked, id=9696, stack(0x0000008ea1b00000,0x0000008ea1c00000)]
  0x0000026a594d4070 JavaThread "pool-1-thread-1" [_thread_blocked, id=4472, stack(0x0000008ea1c00000,0x0000008ea1d00000)]
  0x0000026a594d7820 JavaThread "pool-3-thread-1" [_thread_in_native, id=15808, stack(0x0000008ea1e00000,0x0000008ea1f00000)]
  0x0000026a594d63e0 JavaThread "Worker-4" [_thread_blocked, id=13548, stack(0x0000008ea1f00000,0x0000008ea2000000)]
  0x0000026a594d4fa0 JavaThread "Worker-5" [_thread_blocked, id=16076, stack(0x0000008ea2000000,0x0000008ea2100000)]

Other Threads:
  0x0000026a5299ccd0 VMThread "VM Thread" [stack: 0x0000008e9fb00000,0x0000008e9fc00000] [id=9760]
  0x0000026a57daf820 WatcherThread [stack: 0x0000008ea0700000,0x0000008ea0800000] [id=9636]
  0x0000026a3eb9f310 GCTaskThread "GC Thread#0" [stack: 0x0000008e9fa00000,0x0000008e9fb00000] [id=3088]
  0x0000026a58026490 GCTaskThread "GC Thread#1" [stack: 0x0000008ea0800000,0x0000008ea0900000] [id=17360]
  0x0000026a58026b60 GCTaskThread "GC Thread#2" [stack: 0x0000008ea0900000,0x0000008ea0a00000] [id=7004]
  0x0000026a580230a0 GCTaskThread "GC Thread#3" [stack: 0x0000008ea0a00000,0x0000008ea0b00000] [id=7044]

Threads with active compile tasks:
C2 CompilerThread0    84879 8092   !   4       org.eclipse.jdt.internal.compiler.classfmt.ClassFileReader::<init> (2113 bytes)

VM state: not at safepoint (normal execution)

VM Mutex/Monitor currently owned by a thread: None

Heap address: 0x00000000c0000000, size: 1024 MB, Compressed Oops mode: 32-bit

CDS archive(s) not mapped
Compressed class space mapped at: 0x0000000100000000-0x0000000140000000, reserved size: 1073741824
Narrow klass base: 0x0000000000000000, Narrow klass shift: 3, Narrow klass range: 0x140000000

GC Precious Log:
 CPUs: 4 total, 4 available
 Memory: 12143M
 Large Page Support: Disabled
 NUMA Support: Disabled
 Compressed Oops: Enabled (32-bit)
 Alignments: Space 512K, Generation 512K, Heap 2M
 Heap Min Capacity: 100M
 Heap Initial Capacity: 100M
 Heap Max Capacity: 1G
 Pre-touch: Disabled
 Parallel Workers: 4

Heap:
 PSYoungGen      total 5120K, used 2904K [0x00000000eab00000, 0x00000000eb100000, 0x0000000100000000)
  eden space 4096K, 48% used [0x00000000eab00000,0x00000000eacf3f60,0x00000000eaf00000)
  from space 1024K, 88% used [0x00000000eb000000,0x00000000eb0e2188,0x00000000eb100000)
  to   space 1024K, 0% used [0x00000000eaf00000,0x00000000eaf00000,0x00000000eb000000)
 ParOldGen       total 245760K, used 234226K [0x00000000c0000000, 0x00000000cf000000, 0x00000000eab00000)
  object space 245760K, 95% used [0x00000000c0000000,0x00000000ce4bcb70,0x00000000cf000000)
 Metaspace       used 59112K, committed 60096K, reserved 1114112K
  class space    used 6392K, committed 6848K, reserved 1048576K

Card table byte_map: [0x0000026a3e550000,0x0000026a3e760000] _byte_map_base: 0x0000026a3df50000

Marking Bits: (ParMarkBitMap*) 0x00007ff8ee1383a0
 Begin Bits: [0x0000026a50810000, 0x0000026a51810000)
 End Bits:   [0x0000026a51810000, 0x0000026a52810000)

Polling page: 0x0000026a3cd20000

Metaspace:

Usage:
  Non-class:     51.48 MB used.
      Class:      6.24 MB used.
       Both:     57.73 MB used.

Virtual space:
  Non-class space:       64.00 MB reserved,      52.00 MB ( 81%) committed,  1 nodes.
      Class space:        1.00 GB reserved,       6.69 MB ( <1%) committed,  1 nodes.
             Both:        1.06 GB reserved,      58.69 MB (  5%) committed. 

Chunk freelists:
   Non-Class:  11.72 MB
       Class:  9.28 MB
        Both:  21.00 MB

MaxMetaspaceSize: unlimited
CompressedClassSpaceSize: 1.00 GB
Initial GC threshold: 21.00 MB
Current GC threshold: 97.81 MB
CDS: off
MetaspaceReclaimPolicy: balanced
 - commit_granule_bytes: 65536.
 - commit_granule_words: 8192.
 - virtual_space_node_default_size: 8388608.
 - enlarge_chunks_in_place: 1.
 - new_chunks_are_fully_committed: 0.
 - uncommit_free_chunks: 1.
 - use_allocation_guard: 0.
 - handle_deallocations: 1.


Internal statistics:

num_allocs_failed_limit: 9.
num_arena_births: 494.
num_arena_deaths: 14.
num_vsnodes_births: 2.
num_vsnodes_deaths: 0.
num_space_committed: 939.
num_space_uncommitted: 0.
num_chunks_returned_to_freelist: 23.
num_chunks_taken_from_freelist: 2544.
num_chunk_merges: 13.
num_chunk_splits: 1619.
num_chunks_enlarged: 1010.
num_inconsistent_stats: 0.

CodeHeap 'non-profiled nmethods': size=120000Kb used=4101Kb max_used=4349Kb free=115898Kb
 bounds [0x0000026a492e0000, 0x0000026a49740000, 0x0000026a50810000]
CodeHeap 'profiled nmethods': size=120000Kb used=13239Kb max_used=15235Kb free=106760Kb
 bounds [0x0000026a41810000, 0x0000026a42700000, 0x0000026a48d40000]
CodeHeap 'non-nmethods': size=5760Kb used=1340Kb max_used=1429Kb free=4419Kb
 bounds [0x0000026a48d40000, 0x0000026a48fb0000, 0x0000026a492e0000]
 total_blobs=7219 nmethods=6543 adapters=588
 compilation: enabled
              stopped_count=0, restarted_count=0
 full_count=0

Compilation events (20 events):
Event: 84.551 Thread 0x0000026a529d5510 8083       4       org.eclipse.jdt.internal.compiler.classfmt.MethodInfo::getArgumentNames (16 bytes)
Event: 84.552 Thread 0x0000026a529d5510 nmethod 8083 0x0000026a4932b010 code [0x0000026a4932b1a0, 0x0000026a4932b248]
Event: 84.552 Thread 0x0000026a57bda450 nmethod 8085 0x0000026a423e0790 code [0x0000026a423e1100, 0x0000026a423e9a58]
Event: 84.567 Thread 0x0000026a529d5510 8086       4       org.eclipse.jdt.core.Signature::appendTypeSignature (9 bytes)
Event: 84.567 Thread 0x0000026a57bda450 8087       3       org.eclipse.jdt.internal.core.search.indexing.BinaryIndexer::addBinaryAnnotation (83 bytes)
Event: 84.568 Thread 0x0000026a529d5510 nmethod 8086 0x0000026a49426910 code [0x0000026a49426aa0, 0x0000026a49426b28]
Event: 84.569 Thread 0x0000026a57bda450 nmethod 8087 0x0000026a41912590 code [0x0000026a41912860, 0x0000026a41913898]
Event: 84.569 Thread 0x0000026a57bda450 8088       1       org.eclipse.jdt.internal.compiler.classfmt.ElementValuePairInfo::getName (5 bytes)
Event: 84.569 Thread 0x0000026a57bda450 nmethod 8088 0x0000026a4952c310 code [0x0000026a4952c4a0, 0x0000026a4952c578]
Event: 84.569 Thread 0x0000026a57bda450 8089       1       org.eclipse.jdt.internal.compiler.classfmt.ElementValuePairInfo::getValue (5 bytes)
Event: 84.569 Thread 0x0000026a57bda450 nmethod 8089 0x0000026a49636f10 code [0x0000026a496370a0, 0x0000026a49637178]
Event: 84.578 Thread 0x0000026a57bda450 8090       3       org.eclipse.jdt.internal.compiler.classfmt.AnnotationInfo::scanAnnotation (330 bytes)
Event: 84.579 Thread 0x0000026a529d5510 8091   !   4       org.eclipse.jdt.internal.compiler.classfmt.AnnotationInfo::decodeAnnotation (302 bytes)
Event: 84.580 Thread 0x0000026a57bda450 nmethod 8090 0x0000026a4236a990 code [0x0000026a4236ac80, 0x0000026a4236bd88]
Event: 84.600 Thread 0x0000026a529d5510 nmethod 8091 0x0000026a49451e10 code [0x0000026a49452000, 0x0000026a49452e38]
Event: 84.630 Thread 0x0000026a529d5510 8092   !   4       org.eclipse.jdt.internal.compiler.classfmt.ClassFileReader::<init> (2113 bytes)
Event: 84.639 Thread 0x0000026a57bda450 8093       3       org.eclipse.jdt.internal.compiler.classfmt.FieldInfoWithAnnotation::<init> (106 bytes)
Event: 84.639 Thread 0x0000026a57bda450 nmethod 8093 0x0000026a4196fc90 code [0x0000026a4196fe40, 0x0000026a41970198]
Event: 84.706 Thread 0x0000026a57bda450 8095       3       org.eclipse.jdt.internal.compiler.classfmt.MethodInfo::createMethod (713 bytes)
Event: 84.709 Thread 0x0000026a57bda450 nmethod 8095 0x0000026a423abb10 code [0x0000026a423abfe0, 0x0000026a423aec98]

GC Heap History (20 events):
Event: 84.501 GC heap before
{Heap before GC invocations=143 (full 10):
 PSYoungGen      total 5120K, used 4985K [0x00000000eab00000, 0x00000000eb100000, 0x0000000100000000)
  eden space 4096K, 100% used [0x00000000eab00000,0x00000000eaf00000,0x00000000eaf00000)
  from space 1024K, 86% used [0x00000000eb000000,0x00000000eb0de548,0x00000000eb100000)
  to   space 1024K, 0% used [0x00000000eaf00000,0x00000000eaf00000,0x00000000eb000000)
 ParOldGen       total 245760K, used 223421K [0x00000000c0000000, 0x00000000cf000000, 0x00000000eab00000)
  object space 245760K, 90% used [0x00000000c0000000,0x00000000cda2f5b8,0x00000000cf000000)
 Metaspace       used 59111K, committed 60096K, reserved 1114112K
  class space    used 6392K, committed 6848K, reserved 1048576K
}
Event: 84.506 GC heap after
{Heap after GC invocations=143 (full 10):
 PSYoungGen      total 5120K, used 1003K [0x00000000eab00000, 0x00000000eb100000, 0x0000000100000000)
  eden space 4096K, 0% used [0x00000000eab00000,0x00000000eab00000,0x00000000eaf00000)
  from space 1024K, 98% used [0x00000000eaf00000,0x00000000eaffaef0,0x00000000eb000000)
  to   space 1024K, 0% used [0x00000000eb000000,0x00000000eb000000,0x00000000eb100000)
 ParOldGen       total 245760K, used 224325K [0x00000000c0000000, 0x00000000cf000000, 0x00000000eab00000)
  object space 245760K, 91% used [0x00000000c0000000,0x00000000cdb11418,0x00000000cf000000)
 Metaspace       used 59111K, committed 60096K, reserved 1114112K
  class space    used 6392K, committed 6848K, reserved 1048576K
}
Event: 84.532 GC heap before
{Heap before GC invocations=144 (full 10):
 PSYoungGen      total 5120K, used 5098K [0x00000000eab00000, 0x00000000eb100000, 0x0000000100000000)
  eden space 4096K, 99% used [0x00000000eab00000,0x00000000eaeffa38,0x00000000eaf00000)
  from space 1024K, 98% used [0x00000000eaf00000,0x00000000eaffaef0,0x00000000eb000000)
  to   space 1024K, 0% used [0x00000000eb000000,0x00000000eb000000,0x00000000eb100000)
 ParOldGen       total 245760K, used 224325K [0x00000000c0000000, 0x00000000cf000000, 0x00000000eab00000)
  object space 245760K, 91% used [0x00000000c0000000,0x00000000cdb11418,0x00000000cf000000)
 Metaspace       used 59111K, committed 60096K, reserved 1114112K
  class space    used 6392K, committed 6848K, reserved 1048576K
}
Event: 84.535 GC heap after
{Heap after GC invocations=144 (full 10):
 PSYoungGen      total 5120K, used 890K [0x00000000eab00000, 0x00000000eb100000, 0x0000000100000000)
  eden space 4096K, 0% used [0x00000000eab00000,0x00000000eab00000,0x00000000eaf00000)
  from space 1024K, 86% used [0x00000000eb000000,0x00000000eb0de8f8,0x00000000eb100000)
  to   space 1024K, 0% used [0x00000000eaf00000,0x00000000eaf00000,0x00000000eb000000)
 ParOldGen       total 245760K, used 225244K [0x00000000c0000000, 0x00000000cf000000, 0x00000000eab00000)
  object space 245760K, 91% used [0x00000000c0000000,0x00000000cdbf7100,0x00000000cf000000)
 Metaspace       used 59111K, committed 60096K, reserved 1114112K
  class space    used 6392K, committed 6848K, reserved 1048576K
}
Event: 84.573 GC heap before
{Heap before GC invocations=145 (full 10):
 PSYoungGen      total 5120K, used 4986K [0x00000000eab00000, 0x00000000eb100000, 0x0000000100000000)
  eden space 4096K, 100% used [0x00000000eab00000,0x00000000eaf00000,0x00000000eaf00000)
  from space 1024K, 86% used [0x00000000eb000000,0x00000000eb0de8f8,0x00000000eb100000)
  to   space 1024K, 0% used [0x00000000eaf00000,0x00000000eaf00000,0x00000000eb000000)
 ParOldGen       total 245760K, used 225244K [0x00000000c0000000, 0x00000000cf000000, 0x00000000eab00000)
  object space 245760K, 91% used [0x00000000c0000000,0x00000000cdbf7100,0x00000000cf000000)
 Metaspace       used 59111K, committed 60096K, reserved 1114112K
  class space    used 6392K, committed 6848K, reserved 1048576K
}
Event: 84.576 GC heap after
{Heap after GC invocations=145 (full 10):
 PSYoungGen      total 5120K, used 997K [0x00000000eab00000, 0x00000000eb100000, 0x0000000100000000)
  eden space 4096K, 0% used [0x00000000eab00000,0x00000000eab00000,0x00000000eaf00000)
  from space 1024K, 97% used [0x00000000eaf00000,0x00000000eaff9608,0x00000000eb000000)
  to   space 1024K, 0% used [0x00000000eb000000,0x00000000eb000000,0x00000000eb100000)
 ParOldGen       total 245760K, used 226135K [0x00000000c0000000, 0x00000000cf000000, 0x00000000eab00000)
  object space 245760K, 92% used [0x00000000c0000000,0x00000000cdcd5d20,0x00000000cf000000)
 Metaspace       used 59111K, committed 60096K, reserved 1114112K
  class space    used 6392K, committed 6848K, reserved 1048576K
}
Event: 84.600 GC heap before
{Heap before GC invocations=146 (full 10):
 PSYoungGen      total 5120K, used 5093K [0x00000000eab00000, 0x00000000eb100000, 0x0000000100000000)
  eden space 4096K, 100% used [0x00000000eab00000,0x00000000eaf00000,0x00000000eaf00000)
  from space 1024K, 97% used [0x00000000eaf00000,0x00000000eaff9608,0x00000000eb000000)
  to   space 1024K, 0% used [0x00000000eb000000,0x00000000eb000000,0x00000000eb100000)
 ParOldGen       total 245760K, used 226135K [0x00000000c0000000, 0x00000000cf000000, 0x00000000eab00000)
  object space 245760K, 92% used [0x00000000c0000000,0x00000000cdcd5d20,0x00000000cf000000)
 Metaspace       used 59111K, committed 60096K, reserved 1114112K
  class space    used 6392K, committed 6848K, reserved 1048576K
}
Event: 84.603 GC heap after
{Heap after GC invocations=146 (full 10):
 PSYoungGen      total 5120K, used 912K [0x00000000eab00000, 0x00000000eb100000, 0x0000000100000000)
  eden space 4096K, 0% used [0x00000000eab00000,0x00000000eab00000,0x00000000eaf00000)
  from space 1024K, 89% used [0x00000000eb000000,0x00000000eb0e40d8,0x00000000eb100000)
  to   space 1024K, 0% used [0x00000000eaf00000,0x00000000eaf00000,0x00000000eb000000)
 ParOldGen       total 245760K, used 227106K [0x00000000c0000000, 0x00000000cf000000, 0x00000000eab00000)
  object space 245760K, 92% used [0x00000000c0000000,0x00000000cddc88a0,0x00000000cf000000)
 Metaspace       used 59111K, committed 60096K, reserved 1114112K
  class space    used 6392K, committed 6848K, reserved 1048576K
}
Event: 84.624 GC heap before
{Heap before GC invocations=147 (full 10):
 PSYoungGen      total 5120K, used 5008K [0x00000000eab00000, 0x00000000eb100000, 0x0000000100000000)
  eden space 4096K, 100% used [0x00000000eab00000,0x00000000eaf00000,0x00000000eaf00000)
  from space 1024K, 89% used [0x00000000eb000000,0x00000000eb0e40d8,0x00000000eb100000)
  to   space 1024K, 0% used [0x00000000eaf00000,0x00000000eaf00000,0x00000000eb000000)
 ParOldGen       total 245760K, used 227106K [0x00000000c0000000, 0x00000000cf000000, 0x00000000eab00000)
  object space 245760K, 92% used [0x00000000c0000000,0x00000000cddc88a0,0x00000000cf000000)
 Metaspace       used 59111K, committed 60096K, reserved 1114112K
  class space    used 6392K, committed 6848K, reserved 1048576K
}
Event: 84.627 GC heap after
{Heap after GC invocations=147 (full 10):
 PSYoungGen      total 5120K, used 982K [0x00000000eab00000, 0x00000000eb100000, 0x0000000100000000)
  eden space 4096K, 0% used [0x00000000eab00000,0x00000000eab00000,0x00000000eaf00000)
  from space 1024K, 95% used [0x00000000eaf00000,0x00000000eaff5be0,0x00000000eb000000)
  to   space 1024K, 0% used [0x00000000eb000000,0x00000000eb000000,0x00000000eb100000)
 ParOldGen       total 245760K, used 227969K [0x00000000c0000000, 0x00000000cf000000, 0x00000000eab00000)
  object space 245760K, 92% used [0x00000000c0000000,0x00000000cdea0790,0x00000000cf000000)
 Metaspace       used 59111K, committed 60096K, reserved 1114112K
  class space    used 6392K, committed 6848K, reserved 1048576K
}
Event: 84.649 GC heap before
{Heap before GC invocations=148 (full 10):
 PSYoungGen      total 5120K, used 5078K [0x00000000eab00000, 0x00000000eb100000, 0x0000000100000000)
  eden space 4096K, 100% used [0x00000000eab00000,0x00000000eaf00000,0x00000000eaf00000)
  from space 1024K, 95% used [0x00000000eaf00000,0x00000000eaff5be0,0x00000000eb000000)
  to   space 1024K, 0% used [0x00000000eb000000,0x00000000eb000000,0x00000000eb100000)
 ParOldGen       total 245760K, used 227969K [0x00000000c0000000, 0x00000000cf000000, 0x00000000eab00000)
  object space 245760K, 92% used [0x00000000c0000000,0x00000000cdea0790,0x00000000cf000000)
 Metaspace       used 59111K, committed 60096K, reserved 1114112K
  class space    used 6392K, committed 6848K, reserved 1048576K
}
Event: 84.654 GC heap after
{Heap after GC invocations=148 (full 10):
 PSYoungGen      total 5120K, used 937K [0x00000000eab00000, 0x00000000eb100000, 0x0000000100000000)
  eden space 4096K, 0% used [0x00000000eab00000,0x00000000eab00000,0x00000000eaf00000)
  from space 1024K, 91% used [0x00000000eb000000,0x00000000eb0ea4a8,0x00000000eb100000)
  to   space 1024K, 0% used [0x00000000eaf00000,0x00000000eaf00000,0x00000000eb000000)
 ParOldGen       total 245760K, used 228882K [0x00000000c0000000, 0x00000000cf000000, 0x00000000eab00000)
  object space 245760K, 93% used [0x00000000c0000000,0x00000000cdf84988,0x00000000cf000000)
 Metaspace       used 59111K, committed 60096K, reserved 1114112K
  class space    used 6392K, committed 6848K, reserved 1048576K
}
Event: 84.697 GC heap before
{Heap before GC invocations=149 (full 10):
 PSYoungGen      total 5120K, used 5033K [0x00000000eab00000, 0x00000000eb100000, 0x0000000100000000)
  eden space 4096K, 100% used [0x00000000eab00000,0x00000000eaf00000,0x00000000eaf00000)
  from space 1024K, 91% used [0x00000000eb000000,0x00000000eb0ea4a8,0x00000000eb100000)
  to   space 1024K, 0% used [0x00000000eaf00000,0x00000000eaf00000,0x00000000eb000000)
 ParOldGen       total 245760K, used 228882K [0x00000000c0000000, 0x00000000cf000000, 0x00000000eab00000)
  object space 245760K, 93% used [0x00000000c0000000,0x00000000cdf84988,0x00000000cf000000)
 Metaspace       used 59111K, committed 60096K, reserved 1114112K
  class space    used 6392K, committed 6848K, reserved 1048576K
}
Event: 84.700 GC heap after
{Heap after GC invocations=149 (full 10):
 PSYoungGen      total 5120K, used 906K [0x00000000eab00000, 0x00000000eb100000, 0x0000000100000000)
  eden space 4096K, 0% used [0x00000000eab00000,0x00000000eab00000,0x00000000eaf00000)
  from space 1024K, 88% used [0x00000000eaf00000,0x00000000eafe28c8,0x00000000eb000000)
  to   space 1024K, 0% used [0x00000000eb000000,0x00000000eb000000,0x00000000eb100000)
 ParOldGen       total 245760K, used 229795K [0x00000000c0000000, 0x00000000cf000000, 0x00000000eab00000)
  object space 245760K, 93% used [0x00000000c0000000,0x00000000ce068e60,0x00000000cf000000)
 Metaspace       used 59111K, committed 60096K, reserved 1114112K
  class space    used 6392K, committed 6848K, reserved 1048576K
}
Event: 84.732 GC heap before
{Heap before GC invocations=150 (full 10):
 PSYoungGen      total 5120K, used 5002K [0x00000000eab00000, 0x00000000eb100000, 0x0000000100000000)
  eden space 4096K, 100% used [0x00000000eab00000,0x00000000eaf00000,0x00000000eaf00000)
  from space 1024K, 88% used [0x00000000eaf00000,0x00000000eafe28c8,0x00000000eb000000)
  to   space 1024K, 0% used [0x00000000eb000000,0x00000000eb000000,0x00000000eb100000)
 ParOldGen       total 245760K, used 229795K [0x00000000c0000000, 0x00000000cf000000, 0x00000000eab00000)
  object space 245760K, 93% used [0x00000000c0000000,0x00000000ce068e60,0x00000000cf000000)
 Metaspace       used 59112K, committed 60096K, reserved 1114112K
  class space    used 6392K, committed 6848K, reserved 1048576K
}
Event: 84.735 GC heap after
{Heap after GC invocations=150 (full 10):
 PSYoungGen      total 5120K, used 1005K [0x00000000eab00000, 0x00000000eb100000, 0x0000000100000000)
  eden space 4096K, 0% used [0x00000000eab00000,0x00000000eab00000,0x00000000eaf00000)
  from space 1024K, 98% used [0x00000000eb000000,0x00000000eb0fb5e0,0x00000000eb100000)
  to   space 1024K, 0% used [0x00000000eaf00000,0x00000000eaf00000,0x00000000eb000000)
 ParOldGen       total 245760K, used 230668K [0x00000000c0000000, 0x00000000cf000000, 0x00000000eab00000)
  object space 245760K, 93% used [0x00000000c0000000,0x00000000ce143338,0x00000000cf000000)
 Metaspace       used 59112K, committed 60096K, reserved 1114112K
  class space    used 6392K, committed 6848K, reserved 1048576K
}
Event: 84.761 GC heap before
{Heap before GC invocations=151 (full 10):
 PSYoungGen      total 5120K, used 5101K [0x00000000eab00000, 0x00000000eb100000, 0x0000000100000000)
  eden space 4096K, 100% used [0x00000000eab00000,0x00000000eaf00000,0x00000000eaf00000)
  from space 1024K, 98% used [0x00000000eb000000,0x00000000eb0fb5e0,0x00000000eb100000)
  to   space 1024K, 0% used [0x00000000eaf00000,0x00000000eaf00000,0x00000000eb000000)
 ParOldGen       total 245760K, used 230668K [0x00000000c0000000, 0x00000000cf000000, 0x00000000eab00000)
  object space 245760K, 93% used [0x00000000c0000000,0x00000000ce143338,0x00000000cf000000)
 Metaspace       used 59112K, committed 60096K, reserved 1114112K
  class space    used 6392K, committed 6848K, reserved 1048576K
}
Event: 84.764 GC heap after
{Heap after GC invocations=151 (full 10):
 PSYoungGen      total 5120K, used 950K [0x00000000eab00000, 0x00000000eb100000, 0x0000000100000000)
  eden space 4096K, 0% used [0x00000000eab00000,0x00000000eab00000,0x00000000eaf00000)
  from space 1024K, 92% used [0x00000000eaf00000,0x00000000eafed958,0x00000000eb000000)
  to   space 1024K, 0% used [0x00000000eb000000,0x00000000eb000000,0x00000000eb100000)
 ParOldGen       total 245760K, used 231581K [0x00000000c0000000, 0x00000000cf000000, 0x00000000eab00000)
  object space 245760K, 94% used [0x00000000c0000000,0x00000000ce227650,0x00000000cf000000)
 Metaspace       used 59112K, committed 60096K, reserved 1114112K
  class space    used 6392K, committed 6848K, reserved 1048576K
}
Event: 84.791 GC heap before
{Heap before GC invocations=152 (full 10):
 PSYoungGen      total 5120K, used 5046K [0x00000000eab00000, 0x00000000eb100000, 0x0000000100000000)
  eden space 4096K, 100% used [0x00000000eab00000,0x00000000eaf00000,0x00000000eaf00000)
  from space 1024K, 92% used [0x00000000eaf00000,0x00000000eafed958,0x00000000eb000000)
  to   space 1024K, 0% used [0x00000000eb000000,0x00000000eb000000,0x00000000eb100000)
 ParOldGen       total 245760K, used 231581K [0x00000000c0000000, 0x00000000cf000000, 0x00000000eab00000)
  object space 245760K, 94% used [0x00000000c0000000,0x00000000ce227650,0x00000000cf000000)
 Metaspace       used 59112K, committed 60096K, reserved 1114112K
  class space    used 6392K, committed 6848K, reserved 1048576K
}
Event: 84.795 GC heap after
{Heap after GC invocations=152 (full 10):
 PSYoungGen      total 5120K, used 904K [0x00000000eab00000, 0x00000000eb100000, 0x0000000100000000)
  eden space 4096K, 0% used [0x00000000eab00000,0x00000000eab00000,0x00000000eaf00000)
  from space 1024K, 88% used [0x00000000eb000000,0x00000000eb0e2020,0x00000000eb100000)
  to   space 1024K, 0% used [0x00000000eaf00000,0x00000000eaf00000,0x00000000eb000000)
 ParOldGen       total 245760K, used 232461K [0x00000000c0000000, 0x00000000cf000000, 0x00000000eab00000)
  object space 245760K, 94% used [0x00000000c0000000,0x00000000ce3034f8,0x00000000cf000000)
 Metaspace       used 59112K, committed 60096K, reserved 1114112K
  class space    used 6392K, committed 6848K, reserved 1048576K
}

Dll operation events (11 events):
Event: 0.014 Loaded shared library c:\Users\LENOVO\.vscode\extensions\redhat.java-1.23.0-win32-x64\jre\17.0.8.1-win32-x86_64\bin\java.dll
Event: 0.340 Loaded shared library c:\Users\LENOVO\.vscode\extensions\redhat.java-1.23.0-win32-x64\jre\17.0.8.1-win32-x86_64\bin\zip.dll
Event: 0.346 Loaded shared library C:\Users\LENOVO\.vscode\extensions\redhat.java-1.23.0-win32-x64\jre\17.0.8.1-win32-x86_64\bin\instrument.dll
Event: 0.367 Loaded shared library C:\Users\LENOVO\.vscode\extensions\redhat.java-1.23.0-win32-x64\jre\17.0.8.1-win32-x86_64\bin\net.dll
Event: 0.370 Loaded shared library C:\Users\LENOVO\.vscode\extensions\redhat.java-1.23.0-win32-x64\jre\17.0.8.1-win32-x86_64\bin\nio.dll
Event: 0.387 Loaded shared library C:\Users\LENOVO\.vscode\extensions\redhat.java-1.23.0-win32-x64\jre\17.0.8.1-win32-x86_64\bin\zip.dll
Event: 0.413 Loaded shared library C:\Users\LENOVO\.vscode\extensions\redhat.java-1.23.0-win32-x64\jre\17.0.8.1-win32-x86_64\bin\jimage.dll
Event: 0.628 Loaded shared library c:\Users\LENOVO\.vscode\extensions\redhat.java-1.23.0-win32-x64\jre\17.0.8.1-win32-x86_64\bin\verify.dll
Event: 6.884 Loaded shared library C:\Users\LENOVO\AppData\Roaming\Code\User\globalStorage\redhat.java\1.23.0\config_win\org.eclipse.equinox.launcher\org.eclipse.equinox.launcher.win32.win32.x86_64_1.2.700.v20221108-1024\eclipse_11801.dll
Event: 23.877 Loaded shared library C:\Users\LENOVO\AppData\Local\Temp\jna--2053026509\jna8376370783766738838.dll
Event: 28.004 Loaded shared library C:\Users\LENOVO\.vscode\extensions\redhat.java-1.23.0-win32-x64\jre\17.0.8.1-win32-x86_64\bin\sunmscapi.dll

Deoptimization events (20 events):
Event: 84.692 Thread 0x0000026a58268ae0 DEOPT PACKING pc=0x0000026a423e7b85 sp=0x0000008ea16fee20
Event: 84.692 Thread 0x0000026a58268ae0 DEOPT UNPACKING pc=0x0000026a48d96e43 sp=0x0000008ea16fe348 mode 0
Event: 84.705 Thread 0x0000026a58268ae0 Uncommon trap: trap_request=0xffffff45 fr.pc=0x0000026a49573f2c relative=0x000000000000278c
Event: 84.705 Thread 0x0000026a58268ae0 Uncommon trap: reason=unstable_if action=reinterpret pc=0x0000026a49573f2c method=org.eclipse.jdt.internal.compiler.classfmt.MethodInfo.createMethod([B[IIJ)Lorg/eclipse/jdt/internal/compiler/classfmt/MethodInfo; @ 676 c2
Event: 84.705 Thread 0x0000026a58268ae0 DEOPT PACKING pc=0x0000026a49573f2c sp=0x0000008ea16fed60
Event: 84.705 Thread 0x0000026a58268ae0 DEOPT UNPACKING pc=0x0000026a48d966a3 sp=0x0000008ea16fece0 mode 2
Event: 84.709 Thread 0x0000026a58268ae0 DEOPT PACKING pc=0x0000026a423e7b85 sp=0x0000008ea16fee20
Event: 84.709 Thread 0x0000026a58268ae0 DEOPT UNPACKING pc=0x0000026a48d96e43 sp=0x0000008ea16fe348 mode 0
Event: 84.725 Thread 0x0000026a58268ae0 DEOPT PACKING pc=0x0000026a423e7b85 sp=0x0000008ea16fee20
Event: 84.725 Thread 0x0000026a58268ae0 DEOPT UNPACKING pc=0x0000026a48d96e43 sp=0x0000008ea16fe348 mode 0
Event: 84.744 Thread 0x0000026a58268ae0 DEOPT PACKING pc=0x0000026a423e7b85 sp=0x0000008ea16fee20
Event: 84.744 Thread 0x0000026a58268ae0 DEOPT UNPACKING pc=0x0000026a48d96e43 sp=0x0000008ea16fe348 mode 0
Event: 84.757 Thread 0x0000026a58268ae0 DEOPT PACKING pc=0x0000026a423e7b85 sp=0x0000008ea16fee20
Event: 84.757 Thread 0x0000026a58268ae0 DEOPT UNPACKING pc=0x0000026a48d96e43 sp=0x0000008ea16fe348 mode 0
Event: 84.772 Thread 0x0000026a58268ae0 DEOPT PACKING pc=0x0000026a423e7b85 sp=0x0000008ea16fee20
Event: 84.772 Thread 0x0000026a58268ae0 DEOPT UNPACKING pc=0x0000026a48d96e43 sp=0x0000008ea16fe348 mode 0
Event: 84.789 Thread 0x0000026a58268ae0 DEOPT PACKING pc=0x0000026a423e7b85 sp=0x0000008ea16fee20
Event: 84.789 Thread 0x0000026a58268ae0 DEOPT UNPACKING pc=0x0000026a48d96e43 sp=0x0000008ea16fe348 mode 0
Event: 84.814 Thread 0x0000026a58268ae0 DEOPT PACKING pc=0x0000026a423e7b85 sp=0x0000008ea16fee20
Event: 84.815 Thread 0x0000026a58268ae0 DEOPT UNPACKING pc=0x0000026a48d96e43 sp=0x0000008ea16fe348 mode 0

Classes unloaded (7 events):
Event: 19.161 Thread 0x0000026a5299ccd0 Unloading class 0x000000010024c000 'java/lang/invoke/LambdaForm$MH+0x000000010024c000'
Event: 19.161 Thread 0x0000026a5299ccd0 Unloading class 0x000000010024bc00 'java/lang/invoke/LambdaForm$MH+0x000000010024bc00'
Event: 19.161 Thread 0x0000026a5299ccd0 Unloading class 0x000000010024b800 'java/lang/invoke/LambdaForm$MH+0x000000010024b800'
Event: 19.161 Thread 0x0000026a5299ccd0 Unloading class 0x000000010024b400 'java/lang/invoke/LambdaForm$MH+0x000000010024b400'
Event: 19.161 Thread 0x0000026a5299ccd0 Unloading class 0x000000010024b000 'java/lang/invoke/LambdaForm$BMH+0x000000010024b000'
Event: 19.161 Thread 0x0000026a5299ccd0 Unloading class 0x000000010024ac00 'java/lang/invoke/LambdaForm$DMH+0x000000010024ac00'
Event: 19.161 Thread 0x0000026a5299ccd0 Unloading class 0x0000000100248000 'java/lang/invoke/LambdaForm$DMH+0x0000000100248000'

Classes redefined (0 events):
No events

Internal exceptions (20 events):
Event: 31.039 Thread 0x0000026a5826b870 Exception <a 'sun/nio/fs/WindowsException'{0x00000000eba92010}> (0x00000000eba92010) 
thrown [s\src\hotspot\share\prims\jni.cpp, line 516]
Event: 31.039 Thread 0x0000026a5826b870 Exception <a 'sun/nio/fs/WindowsException'{0x00000000eba925d8}> (0x00000000eba925d8) 
thrown [s\src\hotspot\share\prims\jni.cpp, line 516]
Event: 31.039 Thread 0x0000026a5826b870 Exception <a 'sun/nio/fs/WindowsException'{0x00000000eba92bb8}> (0x00000000eba92bb8) 
thrown [s\src\hotspot\share\prims\jni.cpp, line 516]
Event: 31.041 Thread 0x0000026a5826b870 Exception <a 'sun/nio/fs/WindowsException'{0x00000000eba96760}> (0x00000000eba96760) 
thrown [s\src\hotspot\share\prims\jni.cpp, line 516]
Event: 31.041 Thread 0x0000026a5826b870 Exception <a 'sun/nio/fs/WindowsException'{0x00000000eba96d10}> (0x00000000eba96d10) 
thrown [s\src\hotspot\share\prims\jni.cpp, line 516]
Event: 31.041 Thread 0x0000026a5826b870 Exception <a 'sun/nio/fs/WindowsException'{0x00000000eba972c0}> (0x00000000eba972c0) 
thrown [s\src\hotspot\share\prims\jni.cpp, line 516]
Event: 31.041 Thread 0x0000026a5826b870 Exception <a 'sun/nio/fs/WindowsException'{0x00000000eba97888}> (0x00000000eba97888) 
thrown [s\src\hotspot\share\prims\jni.cpp, line 516]
Event: 31.158 Thread 0x0000026a5826a430 Exception <a 'java/io/FileNotFoundException'{0x00000000ebbe76c8}> (0x00000000ebbe76c8) 
thrown [s\src\hotspot\share\prims\jni.cpp, line 516]
Event: 31.845 Thread 0x0000026a5826b870 Exception <a 'sun/nio/fs/WindowsException'{0x00000000eb82cd88}> (0x00000000eb82cd88) 
thrown [s\src\hotspot\share\prims\jni.cpp, line 516]
Event: 31.845 Thread 0x0000026a5826b870 Exception <a 'sun/nio/fs/WindowsException'{0x00000000eb82d328}> (0x00000000eb82d328) 
thrown [s\src\hotspot\share\prims\jni.cpp, line 516]
Event: 31.845 Thread 0x0000026a5826b870 Exception <a 'sun/nio/fs/WindowsException'{0x00000000eb82d8d8}> (0x00000000eb82d8d8) 
thrown [s\src\hotspot\share\prims\jni.cpp, line 516]
Event: 31.845 Thread 0x0000026a5826b870 Exception <a 'sun/nio/fs/WindowsException'{0x00000000eb82de98}> (0x00000000eb82de98) 
thrown [s\src\hotspot\share\prims\jni.cpp, line 516]
Event: 31.881 Thread 0x0000026a5826b870 Exception <a 'java/lang/NoSuchMethodError'{0x00000000eb8449c8}: 'void java.lang.invoke.DirectMethodHandle$Holder.invokeStatic(java.lang.Object, long)'> (0x00000000eb8449c8) 
thrown [s\src\hotspot\share\interpreter\linkResolver.cpp, line 759]
Event: 31.883 Thread 0x0000026a5826b870 Exception <a 'java/lang/NoSuchMethodError'{0x00000000eb849d70}: 'java.lang.Object java.lang.invoke.DirectMethodHandle$Holder.newInvokeSpecial(java.lang.Object, long)'> (0x00000000eb849d70) 
thrown [s\src\hotspot\share\interpreter\linkResolver.cpp, line 759]
Event: 33.504 Thread 0x0000026a5826a430 Exception <a 'java/lang/NoSuchMethodError'{0x00000000eb0a0d28}: 'int java.lang.invoke.DirectMethodHandle$Holder.invokeVirtual(java.lang.Object, java.lang.Object, java.lang.Object)'> (0x00000000eb0a0d28) 
thrown [s\src\hotspot\share\interpreter\linkResolver.cpp, line 759]
Event: 34.080 Thread 0x0000026a5826a430 Exception <a 'java/io/FileNotFoundException'{0x00000000eb44e7c0}> (0x00000000eb44e7c0) 
thrown [s\src\hotspot\share\prims\jni.cpp, line 516]
Event: 35.451 Thread 0x0000026a5826a430 Exception <a 'java/io/FileNotFoundException'{0x00000000eb5b2a90}> (0x00000000eb5b2a90) 
thrown [s\src\hotspot\share\prims\jni.cpp, line 516]
Event: 35.452 Thread 0x0000026a5826a430 Exception <a 'java/io/FileNotFoundException'{0x00000000eb5b3ab0}> (0x00000000eb5b3ab0) 
thrown [s\src\hotspot\share\prims\jni.cpp, line 516]
Event: 40.027 Thread 0x0000026a58268ae0 Implicit null exception at 0x0000026a496370ac to 0x0000026a496371cc
Event: 42.797 Thread 0x0000026a58268ae0 Implicit null exception at 0x0000026a496bc4cc to 0x0000026a496c2040

VM Operations (20 events):
Event: 84.501 Executing VM operation: ParallelGCFailedAllocation
Event: 84.506 Executing VM operation: ParallelGCFailedAllocation done
Event: 84.532 Executing VM operation: ParallelGCFailedAllocation
Event: 84.535 Executing VM operation: ParallelGCFailedAllocation done
Event: 84.573 Executing VM operation: ParallelGCFailedAllocation
Event: 84.576 Executing VM operation: ParallelGCFailedAllocation done
Event: 84.600 Executing VM operation: ParallelGCFailedAllocation
Event: 84.604 Executing VM operation: ParallelGCFailedAllocation done
Event: 84.624 Executing VM operation: ParallelGCFailedAllocation
Event: 84.627 Executing VM operation: ParallelGCFailedAllocation done
Event: 84.649 Executing VM operation: ParallelGCFailedAllocation
Event: 84.654 Executing VM operation: ParallelGCFailedAllocation done
Event: 84.697 Executing VM operation: ParallelGCFailedAllocation
Event: 84.700 Executing VM operation: ParallelGCFailedAllocation done
Event: 84.732 Executing VM operation: ParallelGCFailedAllocation
Event: 84.735 Executing VM operation: ParallelGCFailedAllocation done
Event: 84.761 Executing VM operation: ParallelGCFailedAllocation
Event: 84.764 Executing VM operation: ParallelGCFailedAllocation done
Event: 84.791 Executing VM operation: ParallelGCFailedAllocation
Event: 84.795 Executing VM operation: ParallelGCFailedAllocation done

Events (20 events):
Event: 53.605 Thread 0x0000026a57be1540 flushing nmethod 0x0000026a42656790
Event: 53.605 Thread 0x0000026a57be1540 flushing nmethod 0x0000026a4265fa90
Event: 53.605 Thread 0x0000026a57be1540 flushing nmethod 0x0000026a42663f90
Event: 53.605 Thread 0x0000026a57be1540 flushing nmethod 0x0000026a4266ff90
Event: 53.605 Thread 0x0000026a57be1540 flushing nmethod 0x0000026a42670690
Event: 53.605 Thread 0x0000026a57be1540 flushing nmethod 0x0000026a42678090
Event: 53.605 Thread 0x0000026a57be1540 flushing nmethod 0x0000026a42679210
Event: 53.605 Thread 0x0000026a57be1540 flushing nmethod 0x0000026a4267a810
Event: 53.605 Thread 0x0000026a57be1540 flushing nmethod 0x0000026a42681310
Event: 53.605 Thread 0x0000026a57be1540 flushing nmethod 0x0000026a42683a10
Event: 53.605 Thread 0x0000026a57be1540 flushing nmethod 0x0000026a42683e10
Event: 53.605 Thread 0x0000026a57be1540 flushing nmethod 0x0000026a42685a90
Event: 53.605 Thread 0x0000026a57be1540 flushing nmethod 0x0000026a4268ee90
Event: 53.605 Thread 0x0000026a57be1540 flushing nmethod 0x0000026a42692890
Event: 53.605 Thread 0x0000026a57be1540 flushing nmethod 0x0000026a42693e10
Event: 53.605 Thread 0x0000026a57be1540 flushing nmethod 0x0000026a4269a990
Event: 53.605 Thread 0x0000026a57be1540 flushing nmethod 0x0000026a426b3390
Event: 53.605 Thread 0x0000026a57be1540 flushing nmethod 0x0000026a426bc690
Event: 53.605 Thread 0x0000026a57be1540 flushing nmethod 0x0000026a426ca810
Event: 53.605 Thread 0x0000026a57be1540 flushing nmethod 0x0000026a426dab10


Dynamic libraries:
0x00007ff6ab8a0000 - 0x00007ff6ab8ae000 	c:\Users\LENOVO\.vscode\extensions\redhat.java-1.23.0-win32-x64\jre\17.0.8.1-win32-x86_64\bin\java.exe
0x00007ff93bb50000 - 0x00007ff93bd47000 	C:\WINDOWS\SYSTEM32\ntdll.dll
0x00007ff93a720000 - 0x00007ff93a7dd000 	C:\WINDOWS\System32\KERNEL32.DLL
0x00007ff9395a0000 - 0x00007ff939896000 	C:\WINDOWS\System32\KERNELBASE.dll
0x00007ff939ab0000 - 0x00007ff939bb0000 	C:\WINDOWS\System32\ucrtbase.dll
0x00007ff917440000 - 0x00007ff917457000 	c:\Users\LENOVO\.vscode\extensions\redhat.java-1.23.0-win32-x64\jre\17.0.8.1-win32-x86_64\bin\jli.dll
0x00007ff939d70000 - 0x00007ff939f0e000 	C:\WINDOWS\System32\USER32.dll
0x00007ff9394b0000 - 0x00007ff9394d2000 	C:\WINDOWS\System32\win32u.dll
0x00007ff93ba80000 - 0x00007ff93baac000 	C:\WINDOWS\System32\GDI32.dll
0x00007ff939390000 - 0x00007ff9394aa000 	C:\WINDOWS\System32\gdi32full.dll
0x00007ff939a10000 - 0x00007ff939aad000 	C:\WINDOWS\System32\msvcp_win.dll
0x00007ff917420000 - 0x00007ff917439000 	c:\Users\LENOVO\.vscode\extensions\redhat.java-1.23.0-win32-x64\jre\17.0.8.1-win32-x86_64\bin\VCRUNTIME140.dll
0x00007ff9246c0000 - 0x00007ff92495a000 	C:\WINDOWS\WinSxS\amd64_microsoft.windows.common-controls_6595b64144ccf1df_6.0.19041.1110_none_60b5254171f9507e\COMCTL32.dll
0x00007ff93b1c0000 - 0x00007ff93b25e000 	C:\WINDOWS\System32\msvcrt.dll
0x00007ff93a6f0000 - 0x00007ff93a720000 	C:\WINDOWS\System32\IMM32.DLL
0x00007ff9338f0000 - 0x00007ff9338fc000 	c:\Users\LENOVO\.vscode\extensions\redhat.java-1.23.0-win32-x64\jre\17.0.8.1-win32-x86_64\bin\vcruntime140_1.dll
0x00007ff917380000 - 0x00007ff917411000 	c:\Users\LENOVO\.vscode\extensions\redhat.java-1.23.0-win32-x64\jre\17.0.8.1-win32-x86_64\bin\msvcp140.dll
0x00007ff8ed5b0000 - 0x00007ff8ee1fc000 	c:\Users\LENOVO\.vscode\extensions\redhat.java-1.23.0-win32-x64\jre\17.0.8.1-win32-x86_64\bin\server\jvm.dll
0x00007ff93b9d0000 - 0x00007ff93ba7e000 	C:\WINDOWS\System32\ADVAPI32.dll
0x00007ff93b4a0000 - 0x00007ff93b53c000 	C:\WINDOWS\System32\sechost.dll
0x00007ff93a5b0000 - 0x00007ff93a6d6000 	C:\WINDOWS\System32\RPCRT4.dll
0x00007ff9387a0000 - 0x00007ff9387eb000 	C:\WINDOWS\SYSTEM32\POWRPROF.dll
0x00007ff9289a0000 - 0x00007ff9289a9000 	C:\WINDOWS\SYSTEM32\WSOCK32.dll
0x00007ff93b260000 - 0x00007ff93b2cb000 	C:\WINDOWS\System32\WS2_32.dll
0x00007ff9251e0000 - 0x00007ff925207000 	C:\WINDOWS\SYSTEM32\WINMM.dll
0x00007ff932dd0000 - 0x00007ff932dda000 	C:\WINDOWS\SYSTEM32\VERSION.dll
0x00007ff938610000 - 0x00007ff938622000 	C:\WINDOWS\SYSTEM32\UMPDC.dll
0x00007ff937a20000 - 0x00007ff937a32000 	C:\WINDOWS\SYSTEM32\kernel.appcore.dll
0x00007ff9331d0000 - 0x00007ff9331da000 	c:\Users\LENOVO\.vscode\extensions\redhat.java-1.23.0-win32-x64\jre\17.0.8.1-win32-x86_64\bin\jimage.dll
0x00007ff9328d0000 - 0x00007ff932ab4000 	C:\WINDOWS\SYSTEM32\DBGHELP.DLL
0x00007ff930960000 - 0x00007ff930994000 	C:\WINDOWS\SYSTEM32\dbgcore.DLL
0x00007ff9398d0000 - 0x00007ff939952000 	C:\WINDOWS\System32\bcryptPrimitives.dll
0x00007ff930a10000 - 0x00007ff930a1e000 	c:\Users\LENOVO\.vscode\extensions\redhat.java-1.23.0-win32-x64\jre\17.0.8.1-win32-x86_64\bin\instrument.dll
0x00007ff917350000 - 0x00007ff917375000 	c:\Users\LENOVO\.vscode\extensions\redhat.java-1.23.0-win32-x64\jre\17.0.8.1-win32-x86_64\bin\java.dll
0x00007ff917330000 - 0x00007ff917348000 	c:\Users\LENOVO\.vscode\extensions\redhat.java-1.23.0-win32-x64\jre\17.0.8.1-win32-x86_64\bin\zip.dll
0x00007ff93aa70000 - 0x00007ff93b1b4000 	C:\WINDOWS\System32\SHELL32.dll
0x00007ff937240000 - 0x00007ff9379db000 	C:\WINDOWS\SYSTEM32\windows.storage.dll
0x00007ff939f70000 - 0x00007ff93a2c4000 	C:\WINDOWS\System32\combase.dll
0x00007ff938b90000 - 0x00007ff938bbd000 	C:\WINDOWS\SYSTEM32\Wldp.dll
0x00007ff93b2d0000 - 0x00007ff93b37d000 	C:\WINDOWS\System32\SHCORE.dll
0x00007ff93a890000 - 0x00007ff93a8e5000 	C:\WINDOWS\System32\shlwapi.dll
0x00007ff939160000 - 0x00007ff939185000 	C:\WINDOWS\SYSTEM32\profapi.dll
0x00007ff917310000 - 0x00007ff917329000 	C:\Users\LENOVO\.vscode\extensions\redhat.java-1.23.0-win32-x64\jre\17.0.8.1-win32-x86_64\bin\net.dll
0x00007ff92e350000 - 0x00007ff92e45a000 	C:\WINDOWS\SYSTEM32\WINHTTP.dll
0x00007ff938970000 - 0x00007ff9389da000 	C:\WINDOWS\system32\mswsock.dll
0x00007ff9170c0000 - 0x00007ff9170d5000 	C:\Users\LENOVO\.vscode\extensions\redhat.java-1.23.0-win32-x64\jre\17.0.8.1-win32-x86_64\bin\nio.dll
0x00007ff9338c0000 - 0x00007ff9338d0000 	c:\Users\LENOVO\.vscode\extensions\redhat.java-1.23.0-win32-x64\jre\17.0.8.1-win32-x86_64\bin\verify.dll
0x00007ff92de40000 - 0x00007ff92de7e000 	C:\Users\LENOVO\AppData\Roaming\Code\User\globalStorage\redhat.java\1.23.0\config_win\org.eclipse.equinox.launcher\org.eclipse.equinox.launcher.win32.win32.x86_64_1.2.700.v20221108-1024\eclipse_11801.dll
0x00007ff93a3b0000 - 0x00007ff93a4db000 	C:\WINDOWS\System32\ole32.dll
0x00007ff938bd0000 - 0x00007ff938be8000 	C:\WINDOWS\SYSTEM32\CRYPTSP.dll
0x00007ff938230000 - 0x00007ff938264000 	C:\WINDOWS\system32\rsaenh.dll
0x00007ff9398a0000 - 0x00007ff9398c7000 	C:\WINDOWS\System32\bcrypt.dll
0x00007ff939120000 - 0x00007ff93914e000 	C:\WINDOWS\SYSTEM32\USERENV.dll
0x00007ff938b00000 - 0x00007ff938b0c000 	C:\WINDOWS\SYSTEM32\CRYPTBASE.dll
0x00007ff938630000 - 0x00007ff93866b000 	C:\WINDOWS\SYSTEM32\IPHLPAPI.DLL
0x00007ff939bb0000 - 0x00007ff939bb8000 	C:\WINDOWS\System32\NSI.dll
0x00007ff930180000 - 0x00007ff930197000 	C:\WINDOWS\SYSTEM32\dhcpcsvc6.DLL
0x00007ff930a60000 - 0x00007ff930a7d000 	C:\WINDOWS\SYSTEM32\dhcpcsvc.DLL
0x00007ff938670000 - 0x00007ff93873a000 	C:\WINDOWS\SYSTEM32\DNSAPI.dll
0x00007ff917890000 - 0x00007ff9178d5000 	C:\Users\LENOVO\AppData\Local\Temp\jna--2053026509\jna8376370783766738838.dll
0x00007ff93a6e0000 - 0x00007ff93a6e8000 	C:\WINDOWS\System32\PSAPI.DLL
0x00007ff933560000 - 0x00007ff93356e000 	C:\Users\LENOVO\.vscode\extensions\redhat.java-1.23.0-win32-x64\jre\17.0.8.1-win32-x86_64\bin\sunmscapi.dll
0x00007ff939230000 - 0x00007ff93938d000 	C:\WINDOWS\System32\CRYPT32.dll
0x00007ff938ce0000 - 0x00007ff938d07000 	C:\WINDOWS\SYSTEM32\ncrypt.dll
0x00007ff938ca0000 - 0x00007ff938cdb000 	C:\WINDOWS\SYSTEM32\NTASN1.dll
0x00007ff931e90000 - 0x00007ff931e9a000 	C:\Windows\System32\rasadhlp.dll
0x00007ff92cae0000 - 0x00007ff92cb62000 	C:\WINDOWS\System32\fwpuclnt.dll

dbghelp: loaded successfully - version: 4.0.5 - missing functions: none
symbol engine: initialized successfully - sym options: 0x614 - pdb path: .;c:\Users\LENOVO\.vscode\extensions\redhat.java-1.23.0-win32-x64\jre\17.0.8.1-win32-x86_64\bin;C:\WINDOWS\SYSTEM32;C:\WINDOWS\WinSxS\amd64_microsoft.windows.common-controls_6595b64144ccf1df_6.0.19041.1110_none_60b5254171f9507e;c:\Users\LENOVO\.vscode\extensions\redhat.java-1.23.0-win32-x64\jre\17.0.8.1-win32-x86_64\bin\server;C:\Users\LENOVO\AppData\Roaming\Code\User\globalStorage\redhat.java\1.23.0\config_win\org.eclipse.equinox.launcher\org.eclipse.equinox.launcher.win32.win32.x86_64_1.2.700.v20221108-1024;C:\Users\LENOVO\AppData\Local\Temp\jna--2053026509

VM Arguments:
jvm_args: --add-modules=ALL-SYSTEM --add-opens=java.base/java.util=ALL-UNNAMED --add-opens=java.base/java.lang=ALL-UNNAMED --add-opens=java.base/sun.nio.fs=ALL-UNNAMED -Declipse.application=org.eclipse.jdt.ls.core.id1 -Dosgi.bundles.defaultStartLevel=4 -Declipse.product=org.eclipse.jdt.ls.core.product -Djava.import.generatesMetadataFilesAtProjectRoot=false -DDetectVMInstallationsJob.disabled=true -Dfile.encoding=utf8 -XX:+UseParallelGC -XX:GCTimeRatio=4 -XX:AdaptiveSizePolicyWeight=90 -Dsun.zip.disableMemoryMapping=true -Xmx1G -Xms100m -Xlog:disable -javaagent:c:\Users\LENOVO\.vscode\extensions\redhat.java-1.23.0-win32-x64\lombok\lombok-1.18.30.jar -XX:+HeapDumpOnOutOfMemoryError -XX:HeapDumpPath=c:\Users\LENOVO\AppData\Roaming\Code\User\workspaceStorage\86c2424eee156b29ea3928040f350fbe\redhat.java -Daether.dependencyCollector.impl=bf 
java_command: c:\Users\LENOVO\.vscode\extensions\redhat.java-1.23.0-win32-x64\server\plugins\org.eclipse.equinox.launcher_1.6.500.v20230717-2134.jar -configuration c:\Users\LENOVO\AppData\Roaming\Code\User\globalStorage\redhat.java\1.23.0\config_win -data c:\Users\LENOVO\AppData\Roaming\Code\User\workspaceStorage\86c2424eee156b29ea3928040f350fbe\redhat.java\jdt_ws
java_class_path (initial): c:\Users\LENOVO\.vscode\extensions\redhat.java-1.23.0-win32-x64\server\plugins\org.eclipse.equinox.launcher_1.6.500.v20230717-2134.jar
Launcher Type: SUN_STANDARD

[Global flags]
    uintx AdaptiveSizePolicyWeight                 = 90                                        {product} {command line}
     intx CICompilerCount                          = 3                                         {product} {ergonomic}
    uintx GCTimeRatio                              = 4                                         {product} {command line}
     bool HeapDumpOnOutOfMemoryError               = true                                   {manageable} {command line}
    ccstr HeapDumpPath                             = c:\Users\LENOVO\AppData\Roaming\Code\User\workspaceStorage\86c2424eee156b29ea3928040f350fbe\redhat.java         {manageable} {command line}
   size_t InitialHeapSize                          = 104857600                                 {product} {command line}
   size_t MaxHeapSize                              = 1073741824                                {product} {command line}
   size_t MaxNewSize                               = 357564416                                 {product} {ergonomic}
   size_t MinHeapDeltaBytes                        = 524288                                    {product} {ergonomic}
   size_t MinHeapSize                              = 104857600                                 {product} {command line}
   size_t NewSize                                  = 34603008                                  {product} {ergonomic}
    uintx NonNMethodCodeHeapSize                   = 5832780                                {pd product} {ergonomic}
    uintx NonProfiledCodeHeapSize                  = 122912730                              {pd product} {ergonomic}
   size_t OldSize                                  = 70254592                                  {product} {ergonomic}
    uintx ProfiledCodeHeapSize                     = 122912730                              {pd product} {ergonomic}
    uintx ReservedCodeCacheSize                    = 251658240                              {pd product} {ergonomic}
     bool SegmentedCodeCache                       = true                                      {product} {ergonomic}
   size_t SoftMaxHeapSize                          = 1073741824                             {manageable} {ergonomic}
     bool UseCompressedClassPointers               = true                           {product lp64_product} {ergonomic}
     bool UseCompressedOops                        = true                           {product lp64_product} {ergonomic}
     bool UseLargePagesIndividualAllocation        = false                                  {pd product} {ergonomic}
     bool UseParallelGC                            = true                                      {product} {command line}

Logging:
Log output configuration:
 #0: stdout all=off uptime,level,tags
 #1: stderr all=off uptime,level,tags

Environment Variables:
JAVA_HOME=C:\Program Files\Microsoft\jdk-11.0.20.8-hotspot\
PATH=C:\Program Files\Microsoft\jdk-11.0.20.8-hotspot\bin;C:\Python310\Scripts\;C:\Python310\;C:\ProgramData\Oracle\Java\javapath;C:\WINDOWS\system32;C:\WINDOWS;C:\WINDOWS\System32\Wbem;C:\WINDOWS\System32\WindowsPowerShell\v1.0\;C:\WINDOWS\System32\OpenSSH\;C:\Program Files\Microsoft VS Code\bin;C:\ProgramData\chocolatey\bin;C:\Program Files\OpenJDK\openjdk-8u312-b07\bin;C:\Program Files\Git\cmd;C:\Program Files\OpenJDK\openjdk-11.0.13_8\bin;C:\Users\LENOVO\AppData\Local\Android\Sdk\platform-tools;C:\flutter\bin;C:\Users\LENOVO\AppData\Local\Pub\Cache\bin;C:\flutter\.pub-cache\bin;C:\flutter\.pub-cache;C:\Users\LENOVO\AppData\Roaming\npm;C:\Program Files\nodejs\;C:\Users\LENOVO\AppData\Local\Microsoft\WindowsApps;C:\Program Files (x86)\Java\jdk1.8.0_121\bin;C:\flutter\bin;C:\Users\LENOVO\AppData\Local\Android\Sdk;C:\Users\LENOVO\AppData\Local\Pub\Cache\bin;C:\Users\LENOVO\AppData\Roaming\npm
USERNAME=LENOVO
OS=Windows_NT
PROCESSOR_IDENTIFIER=Intel64 Family 6 Model 78 Stepping 3, GenuineIntel
TMP=C:\Users\LENOVO\AppData\Local\Temp
TEMP=C:\Users\LENOVO\AppData\Local\Temp



---------------  S Y S T E M  ---------------

OS:
 Windows 10 , 64 bit Build 19041 (10.0.19041.3570)
OS uptime: 2 days 19:55 hours
Hyper-V role detected

CPU: total 4 (initial active 4) (2 cores per cpu, 2 threads per core) family 6 model 78 stepping 3 microcode 0xf0, cx8, cmov, fxsr, ht, mmx, 3dnowpref, sse, sse2, sse3, ssse3, sse4.1, sse4.2, popcnt, lzcnt, tsc, tscinvbit, avx, avx2, aes, erms, clmul, bmi1, bmi2, rtm, adx, fma, vzeroupper, clflush, clflushopt, hv
Processor Information for all 4 processors :
  Max Mhz: 2808, Current Mhz: 802, Mhz Limit: 786

Memory: 4k page, system-wide physical 12143M (61M free)
TotalPageFile size 16143M (AvailPageFile size 2M)
current process WorkingSet (physical memory assigned to process): 491M, peak: 491M
current process commit charge ("private bytes"): 433M, peak: 434M

vm_info: OpenJDK 64-Bit Server VM (17.0.8.1+1) for windows-amd64 JRE (17.0.8.1+1), built on Aug 23 2023 15:29:17 by "admin" with MS VC++ 16.7 (VS2019)

END.
