#
# There is insufficient memory for the Java Runtime Environment to continue.
# Native memory allocation (malloc) failed to allocate 1341936 bytes for Chunk::new
# Possible reasons:
#   The system is out of physical RAM or swap space
#   The process is running with CompressedOops enabled, and the Java Heap may be blocking the growth of the native heap
# Possible solutions:
#   Reduce memory load on the system
#   Increase physical memory or swap space
#   Check if swap backing store is full
#   Decrease Java heap size (-Xmx/-Xms)
#   Decrease number of Java threads
#   Decrease Java thread stack sizes (-Xss)
#   Set larger code cache with -XX:ReservedCodeCacheSize=
#   JVM is running with Unscaled Compressed Oops mode in which the Java heap is
#     placed in the first 4GB address space. The Java Heap base address is the
#     maximum limit for the native heap growth. Please use -XX:HeapBaseMinAddress
#     to set the Java Heap base and to place the Java Heap above 4GB virtual address.
# This output file may be truncated or incomplete.
#
#  Out of Memory Error (arena.cpp:197), pid=11136, tid=3908
#
# JRE version: OpenJDK Runtime Environment Microsoft-8035250 (11.0.20+8) (build 11.0.20+8-LTS)
# Java VM: OpenJDK 64-Bit Server VM Microsoft-8035250 (11.0.20+8-LTS, mixed mode, tiered, compressed oops, g1 gc, windows-amd64)
# No core dump will be written. Minidumps are not enabled by default on client versions of Windows
#

---------------  S U M M A R Y ------------

Command Line: -XX:MaxMetaspaceSize=512m --add-opens=java.base/java.util=ALL-UNNAMED --add-opens=java.base/java.lang=ALL-UNNAMED --add-opens=java.base/java.lang.invoke=ALL-UNNAMED --add-opens=java.prefs/java.util.prefs=ALL-UNNAMED --add-opens=java.base/java.nio.charset=ALL-UNNAMED --add-opens=java.base/java.net=ALL-UNNAMED --add-opens=java.base/java.util.concurrent.atomic=ALL-UNNAMED -Xmx2048m -Dfile.encoding=utf8 -Duser.country=US -Duser.language=en -Duser.variant org.gradle.launcher.daemon.bootstrap.GradleDaemon 8.0.1

Host: Intel(R) Core(TM) i7-6600U CPU @ 2.60GHz, 4 cores, 11G,  Windows 10 , 64 bit Build 19041 (10.0.19041.3570)
Time: Mon Oct 23 18:17:06 2023 Pakistan Standard Time elapsed time: 5.514188 seconds (0d 0h 0m 5s)

---------------  T H R E A D  ---------------

Current thread (0x000001f652968000):  JavaThread "C2 CompilerThread0" daemon [_thread_in_native, id=3908, stack(0x0000009cad200000,0x0000009cad300000)]


Current CompileTask:
C2:   5514 2046   !   4       java.lang.ClassLoader::loadClass (122 bytes)

Stack: [0x0000009cad200000,0x0000009cad300000]
Native frames: (J=compiled Java code, j=interpreted, Vv=VM code, C=native code)
V  [jvm.dll+0x62e9da]
V  [jvm.dll+0x7bc4e9]
V  [jvm.dll+0x7bdbd8]
V  [jvm.dll+0x7be2b3]
V  [jvm.dll+0x2505a8]
V  [jvm.dll+0xc263c]
V  [jvm.dll+0xc2bfc]
V  [jvm.dll+0x35fdc7]
V  [jvm.dll+0x19f201]
V  [jvm.dll+0x2098c5]
V  [jvm.dll+0x20893d]
V  [jvm.dll+0x18a7de]
V  [jvm.dll+0x2181ec]
V  [jvm.dll+0x21642b]
V  [jvm.dll+0x77efc0]
V  [jvm.dll+0x777db4]
V  [jvm.dll+0x62d845]
C  [ucrtbase.dll+0x21bb2]
C  [KERNEL32.DLL+0x17344]
C  [ntdll.dll+0x526b1]


---------------  P R O C E S S  ---------------

Threads class SMR info:
_java_thread_list=0x000001f6545d9850, length=23, elements={
0x000001f63399c000, 0x000001f652942000, 0x000001f65294b800, 0x000001f652961800,
0x000001f652962800, 0x000001f652964800, 0x000001f652968000, 0x000001f65296b800,
0x000001f652970800, 0x000001f65341f000, 0x000001f655425800, 0x000001f654b42800,
0x000001f654e4e800, 0x000001f6542d1800, 0x000001f6542d2800, 0x000001f655294000,
0x000001f654425800, 0x000001f654426000, 0x000001f65563b800, 0x000001f65413c000,
0x000001f6556a7000, 0x000001f6556ab000, 0x000001f6556a8800
}

Java Threads: ( => current thread )
  0x000001f63399c000 JavaThread "main" [_thread_blocked, id=1724, stack(0x0000009cac600000,0x0000009cac700000)]
  0x000001f652942000 JavaThread "Reference Handler" daemon [_thread_blocked, id=1092, stack(0x0000009cacd00000,0x0000009cace00000)]
  0x000001f65294b800 JavaThread "Finalizer" daemon [_thread_blocked, id=8984, stack(0x0000009cace00000,0x0000009cacf00000)]
  0x000001f652961800 JavaThread "Signal Dispatcher" daemon [_thread_blocked, id=9640, stack(0x0000009cacf00000,0x0000009cad000000)]
  0x000001f652962800 JavaThread "Attach Listener" daemon [_thread_blocked, id=10280, stack(0x0000009cad000000,0x0000009cad100000)]
  0x000001f652964800 JavaThread "Service Thread" daemon [_thread_blocked, id=1632, stack(0x0000009cad100000,0x0000009cad200000)]
=>0x000001f652968000 JavaThread "C2 CompilerThread0" daemon [_thread_in_native, id=3908, stack(0x0000009cad200000,0x0000009cad300000)]
  0x000001f65296b800 JavaThread "C1 CompilerThread0" daemon [_thread_blocked, id=7248, stack(0x0000009cad300000,0x0000009cad400000)]
  0x000001f652970800 JavaThread "Sweeper thread" daemon [_thread_blocked, id=1868, stack(0x0000009cad400000,0x0000009cad500000)]
  0x000001f65341f000 JavaThread "Common-Cleaner" daemon [_thread_blocked, id=8116, stack(0x0000009cad500000,0x0000009cad600000)]
  0x000001f655425800 JavaThread "Daemon health stats" [_thread_blocked, id=3708, stack(0x0000009cada00000,0x0000009cadb00000)]
  0x000001f654b42800 JavaThread "Incoming local TCP Connector on port 53962" [_thread_in_native, id=3404, stack(0x0000009cadb00000,0x0000009cadc00000)]
  0x000001f654e4e800 JavaThread "Daemon periodic checks" [_thread_blocked, id=5000, stack(0x0000009cadc00000,0x0000009cadd00000)]
  0x000001f6542d1800 JavaThread "Daemon" [_thread_blocked, id=12588, stack(0x0000009cadd00000,0x0000009cade00000)]
  0x000001f6542d2800 JavaThread "Handler for socket connection from /127.0.0.1:53962 to /127.0.0.1:53963" [_thread_in_native, id=860, stack(0x0000009cade00000,0x0000009cadf00000)]
  0x000001f655294000 JavaThread "Cancel handler" [_thread_blocked, id=1792, stack(0x0000009cadf00000,0x0000009cae000000)]
  0x000001f654425800 JavaThread "Daemon worker" [_thread_in_native, id=4632, stack(0x0000009cae000000,0x0000009cae100000)]
  0x000001f654426000 JavaThread "Asynchronous log dispatcher for DefaultDaemonConnection: socket connection from /127.0.0.1:53962 to /127.0.0.1:53963" [_thread_blocked, id=13264, stack(0x0000009cae100000,0x0000009cae200000)]
  0x000001f65563b800 JavaThread "Stdin handler" [_thread_blocked, id=3648, stack(0x0000009cae200000,0x0000009cae300000)]
  0x000001f65413c000 JavaThread "Daemon client event forwarder" [_thread_blocked, id=12504, stack(0x0000009cae300000,0x0000009cae400000)]
  0x000001f6556a7000 JavaThread "Cache worker for journal cache (C:\Users\LENOVO\.gradle\caches\journal-1)" [_thread_blocked, id=10080, stack(0x0000009cae400000,0x0000009cae500000)]
  0x000001f6556ab000 JavaThread "File lock request listener" [_thread_in_native, id=5324, stack(0x0000009cae500000,0x0000009cae600000)]
  0x000001f6556a8800 JavaThread "Cache worker for file hash cache (C:\Users\LENOVO\.gradle\caches\8.0.1\fileHashes)" [_thread_blocked, id=11256, stack(0x0000009cae600000,0x0000009cae700000)]

Other Threads:
  0x000001f652940800 VMThread "VM Thread" [stack: 0x0000009cacc00000,0x0000009cacd00000] [id=10076]
  0x000001f65344f000 WatcherThread [stack: 0x0000009cad600000,0x0000009cad700000] [id=3804]
  0x000001f6339b6800 GCTaskThread "GC Thread#0" [stack: 0x0000009cac700000,0x0000009cac800000] [id=2984]
  0x000001f65390c800 GCTaskThread "GC Thread#1" [stack: 0x0000009cad700000,0x0000009cad800000] [id=10172]
  0x000001f653a88000 GCTaskThread "GC Thread#2" [stack: 0x0000009cad800000,0x0000009cad900000] [id=9120]
  0x000001f653a88800 GCTaskThread "GC Thread#3" [stack: 0x0000009cad900000,0x0000009cada00000] [id=13152]
  0x000001f6339e8000 ConcurrentGCThread "G1 Main Marker" [stack: 0x0000009cac800000,0x0000009cac900000] [id=10896]
  0x000001f6339ea000 ConcurrentGCThread "G1 Conc#0" [stack: 0x0000009cac900000,0x0000009caca00000] [id=13300]
  0x000001f6527ae800 ConcurrentGCThread "G1 Refine#0" [stack: 0x0000009caca00000,0x0000009cacb00000] [id=10328]
  0x000001f6527af800 ConcurrentGCThread "G1 Young RemSet Sampling" [stack: 0x0000009cacb00000,0x0000009cacc00000] [id=12344]

Threads with active compile tasks:
C2 CompilerThread0     5565 2046   !   4       java.lang.ClassLoader::loadClass (122 bytes)

VM state:not at safepoint (normal execution)

VM Mutex/Monitor currently owned by a thread: None

Heap address: 0x0000000080000000, size: 2048 MB, Compressed Oops mode: 32-bit
Narrow klass base: 0x0000000000000000, Narrow klass shift: 3
Compressed class space size: 528482304 Address: 0x0000000100000000

Heap:
 garbage-first heap   total 194560K, used 44748K [0x0000000080000000, 0x0000000100000000)
  region size 1024K, 32 young (32768K), 5 survivors (5120K)
 Metaspace       used 23780K, capacity 24393K, committed 24624K, reserved 538624K
  class space    used 2931K, capacity 3142K, committed 3200K, reserved 516096K
Heap Regions: E=young(eden), S=young(survivor), O=old, HS=humongous(starts), HC=humongous(continues), CS=collection set, F=free, A=archive, TAMS=top-at-mark-start (previous, next)
|   0|0x0000000080000000, 0x0000000080100000, 0x0000000080100000|100%| O|  |TAMS 0x0000000080100000, 0x0000000080000000| Untracked 
|   1|0x0000000080100000, 0x0000000080200000, 0x0000000080200000|100%| O|  |TAMS 0x0000000080200000, 0x0000000080100000| Untracked 
|   2|0x0000000080200000, 0x0000000080300000, 0x0000000080300000|100%| O|  |TAMS 0x0000000080300000, 0x0000000080200000| Untracked 
|   3|0x0000000080300000, 0x0000000080400000, 0x0000000080400000|100%|HS|  |TAMS 0x0000000080400000, 0x0000000080300000| Complete 
|   4|0x0000000080400000, 0x0000000080500000, 0x0000000080500000|100%|HC|  |TAMS 0x0000000080500000, 0x0000000080400000| Complete 
|   5|0x0000000080500000, 0x0000000080600000, 0x0000000080600000|100%|HC|  |TAMS 0x0000000080600000, 0x0000000080500000| Complete 
|   6|0x0000000080600000, 0x0000000080700000, 0x0000000080700000|100%|HC|  |TAMS 0x0000000080700000, 0x0000000080600000| Complete 
|   7|0x0000000080700000, 0x0000000080800000, 0x0000000080800000|100%| O|  |TAMS 0x0000000080800000, 0x0000000080700000| Untracked 
|   8|0x0000000080800000, 0x0000000080900000, 0x0000000080900000|100%| O|  |TAMS 0x0000000080900000, 0x0000000080800000| Untracked 
|   9|0x0000000080900000, 0x0000000080a00000, 0x0000000080a00000|100%| O|  |TAMS 0x0000000080a00000, 0x0000000080900000| Untracked 
|  10|0x0000000080a00000, 0x0000000080b00000, 0x0000000080b00000|100%| O|  |TAMS 0x0000000080b00000, 0x0000000080a00000| Untracked 
|  11|0x0000000080b00000, 0x0000000080c00000, 0x0000000080c00000|100%| O|  |TAMS 0x0000000080c00000, 0x0000000080b00000| Untracked 
|  12|0x0000000080c00000, 0x0000000080d00000, 0x0000000080d00000|100%| O|  |TAMS 0x0000000080d00000, 0x0000000080c00000| Untracked 
|  13|0x0000000080d00000, 0x0000000080e00000, 0x0000000080e00000|100%| O|  |TAMS 0x0000000080e00000, 0x0000000080d00000| Untracked 
|  14|0x0000000080e00000, 0x0000000080e0fc00, 0x0000000080f00000|  6%| O|  |TAMS 0x0000000080e0fc00, 0x0000000080e00000| Untracked 
|  15|0x0000000080f00000, 0x0000000080f00000, 0x0000000081000000|  0%| F|  |TAMS 0x0000000080f00000, 0x0000000080f00000| Untracked 
|  16|0x0000000081000000, 0x0000000081000000, 0x0000000081100000|  0%| F|  |TAMS 0x0000000081000000, 0x0000000081000000| Untracked 
|  17|0x0000000081100000, 0x0000000081100000, 0x0000000081200000|  0%| F|  |TAMS 0x0000000081100000, 0x0000000081100000| Untracked 
|  18|0x0000000081200000, 0x0000000081200000, 0x0000000081300000|  0%| F|  |TAMS 0x0000000081200000, 0x0000000081200000| Untracked 
|  19|0x0000000081300000, 0x0000000081300000, 0x0000000081400000|  0%| F|  |TAMS 0x0000000081300000, 0x0000000081300000| Untracked 
|  20|0x0000000081400000, 0x0000000081400000, 0x0000000081500000|  0%| F|  |TAMS 0x0000000081400000, 0x0000000081400000| Untracked 
|  21|0x0000000081500000, 0x0000000081500000, 0x0000000081600000|  0%| F|  |TAMS 0x0000000081500000, 0x0000000081500000| Untracked 
|  22|0x0000000081600000, 0x0000000081600000, 0x0000000081700000|  0%| F|  |TAMS 0x0000000081600000, 0x0000000081600000| Untracked 
|  23|0x0000000081700000, 0x0000000081700000, 0x0000000081800000|  0%| F|  |TAMS 0x0000000081700000, 0x0000000081700000| Untracked 
|  24|0x0000000081800000, 0x0000000081800000, 0x0000000081900000|  0%| F|  |TAMS 0x0000000081800000, 0x0000000081800000| Untracked 
|  25|0x0000000081900000, 0x0000000081900000, 0x0000000081a00000|  0%| F|  |TAMS 0x0000000081900000, 0x0000000081900000| Untracked 
|  26|0x0000000081a00000, 0x0000000081a00000, 0x0000000081b00000|  0%| F|  |TAMS 0x0000000081a00000, 0x0000000081a00000| Untracked 
|  27|0x0000000081b00000, 0x0000000081b00000, 0x0000000081c00000|  0%| F|  |TAMS 0x0000000081b00000, 0x0000000081b00000| Untracked 
|  28|0x0000000081c00000, 0x0000000081c00000, 0x0000000081d00000|  0%| F|  |TAMS 0x0000000081c00000, 0x0000000081c00000| Untracked 
|  29|0x0000000081d00000, 0x0000000081d00000, 0x0000000081e00000|  0%| F|  |TAMS 0x0000000081d00000, 0x0000000081d00000| Untracked 
|  30|0x0000000081e00000, 0x0000000081e00000, 0x0000000081f00000|  0%| F|  |TAMS 0x0000000081e00000, 0x0000000081e00000| Untracked 
|  31|0x0000000081f00000, 0x0000000081f00000, 0x0000000082000000|  0%| F|  |TAMS 0x0000000081f00000, 0x0000000081f00000| Untracked 
|  32|0x0000000082000000, 0x0000000082000000, 0x0000000082100000|  0%| F|  |TAMS 0x0000000082000000, 0x0000000082000000| Untracked 
|  33|0x0000000082100000, 0x0000000082100000, 0x0000000082200000|  0%| F|  |TAMS 0x0000000082100000, 0x0000000082100000| Untracked 
|  34|0x0000000082200000, 0x0000000082200000, 0x0000000082300000|  0%| F|  |TAMS 0x0000000082200000, 0x0000000082200000| Untracked 
|  35|0x0000000082300000, 0x0000000082300000, 0x0000000082400000|  0%| F|  |TAMS 0x0000000082300000, 0x0000000082300000| Untracked 
|  36|0x0000000082400000, 0x0000000082400000, 0x0000000082500000|  0%| F|  |TAMS 0x0000000082400000, 0x0000000082400000| Untracked 
|  37|0x0000000082500000, 0x0000000082500000, 0x0000000082600000|  0%| F|  |TAMS 0x0000000082500000, 0x0000000082500000| Untracked 
|  38|0x0000000082600000, 0x0000000082600000, 0x0000000082700000|  0%| F|  |TAMS 0x0000000082600000, 0x0000000082600000| Untracked 
|  39|0x0000000082700000, 0x0000000082700000, 0x0000000082800000|  0%| F|  |TAMS 0x0000000082700000, 0x0000000082700000| Untracked 
|  40|0x0000000082800000, 0x0000000082800000, 0x0000000082900000|  0%| F|  |TAMS 0x0000000082800000, 0x0000000082800000| Untracked 
|  41|0x0000000082900000, 0x0000000082900000, 0x0000000082a00000|  0%| F|  |TAMS 0x0000000082900000, 0x0000000082900000| Untracked 
|  42|0x0000000082a00000, 0x0000000082a00000, 0x0000000082b00000|  0%| F|  |TAMS 0x0000000082a00000, 0x0000000082a00000| Untracked 
|  43|0x0000000082b00000, 0x0000000082b00000, 0x0000000082c00000|  0%| F|  |TAMS 0x0000000082b00000, 0x0000000082b00000| Untracked 
|  44|0x0000000082c00000, 0x0000000082c00000, 0x0000000082d00000|  0%| F|  |TAMS 0x0000000082c00000, 0x0000000082c00000| Untracked 
|  45|0x0000000082d00000, 0x0000000082d00000, 0x0000000082e00000|  0%| F|  |TAMS 0x0000000082d00000, 0x0000000082d00000| Untracked 
|  46|0x0000000082e00000, 0x0000000082e00000, 0x0000000082f00000|  0%| F|  |TAMS 0x0000000082e00000, 0x0000000082e00000| Untracked 
|  47|0x0000000082f00000, 0x0000000082f00000, 0x0000000083000000|  0%| F|  |TAMS 0x0000000082f00000, 0x0000000082f00000| Untracked 
|  48|0x0000000083000000, 0x0000000083000000, 0x0000000083100000|  0%| F|  |TAMS 0x0000000083000000, 0x0000000083000000| Untracked 
|  49|0x0000000083100000, 0x0000000083100000, 0x0000000083200000|  0%| F|  |TAMS 0x0000000083100000, 0x0000000083100000| Untracked 
|  50|0x0000000083200000, 0x0000000083200000, 0x0000000083300000|  0%| F|  |TAMS 0x0000000083200000, 0x0000000083200000| Untracked 
|  51|0x0000000083300000, 0x0000000083300000, 0x0000000083400000|  0%| F|  |TAMS 0x0000000083300000, 0x0000000083300000| Untracked 
|  52|0x0000000083400000, 0x0000000083400000, 0x0000000083500000|  0%| F|  |TAMS 0x0000000083400000, 0x0000000083400000| Untracked 
|  53|0x0000000083500000, 0x0000000083500000, 0x0000000083600000|  0%| F|  |TAMS 0x0000000083500000, 0x0000000083500000| Untracked 
|  54|0x0000000083600000, 0x0000000083600000, 0x0000000083700000|  0%| F|  |TAMS 0x0000000083600000, 0x0000000083600000| Untracked 
|  55|0x0000000083700000, 0x0000000083700000, 0x0000000083800000|  0%| F|  |TAMS 0x0000000083700000, 0x0000000083700000| Untracked 
|  56|0x0000000083800000, 0x0000000083800000, 0x0000000083900000|  0%| F|  |TAMS 0x0000000083800000, 0x0000000083800000| Untracked 
|  57|0x0000000083900000, 0x0000000083900000, 0x0000000083a00000|  0%| F|  |TAMS 0x0000000083900000, 0x0000000083900000| Untracked 
|  58|0x0000000083a00000, 0x0000000083a00000, 0x0000000083b00000|  0%| F|  |TAMS 0x0000000083a00000, 0x0000000083a00000| Untracked 
|  59|0x0000000083b00000, 0x0000000083b00000, 0x0000000083c00000|  0%| F|  |TAMS 0x0000000083b00000, 0x0000000083b00000| Untracked 
|  60|0x0000000083c00000, 0x0000000083c00000, 0x0000000083d00000|  0%| F|  |TAMS 0x0000000083c00000, 0x0000000083c00000| Untracked 
|  61|0x0000000083d00000, 0x0000000083d00000, 0x0000000083e00000|  0%| F|  |TAMS 0x0000000083d00000, 0x0000000083d00000| Untracked 
|  62|0x0000000083e00000, 0x0000000083e00000, 0x0000000083f00000|  0%| F|  |TAMS 0x0000000083e00000, 0x0000000083e00000| Untracked 
|  63|0x0000000083f00000, 0x0000000083f00000, 0x0000000084000000|  0%| F|  |TAMS 0x0000000083f00000, 0x0000000083f00000| Untracked 
|  64|0x0000000084000000, 0x0000000084000000, 0x0000000084100000|  0%| F|  |TAMS 0x0000000084000000, 0x0000000084000000| Untracked 
|  65|0x0000000084100000, 0x0000000084100000, 0x0000000084200000|  0%| F|  |TAMS 0x0000000084100000, 0x0000000084100000| Untracked 
|  66|0x0000000084200000, 0x0000000084200000, 0x0000000084300000|  0%| F|  |TAMS 0x0000000084200000, 0x0000000084200000| Untracked 
|  67|0x0000000084300000, 0x0000000084300000, 0x0000000084400000|  0%| F|  |TAMS 0x0000000084300000, 0x0000000084300000| Untracked 
|  68|0x0000000084400000, 0x0000000084400000, 0x0000000084500000|  0%| F|  |TAMS 0x0000000084400000, 0x0000000084400000| Untracked 
|  69|0x0000000084500000, 0x0000000084500000, 0x0000000084600000|  0%| F|  |TAMS 0x0000000084500000, 0x0000000084500000| Untracked 
|  70|0x0000000084600000, 0x0000000084600000, 0x0000000084700000|  0%| F|  |TAMS 0x0000000084600000, 0x0000000084600000| Untracked 
|  71|0x0000000084700000, 0x0000000084700000, 0x0000000084800000|  0%| F|  |TAMS 0x0000000084700000, 0x0000000084700000| Untracked 
|  72|0x0000000084800000, 0x0000000084800000, 0x0000000084900000|  0%| F|  |TAMS 0x0000000084800000, 0x0000000084800000| Untracked 
|  73|0x0000000084900000, 0x0000000084900000, 0x0000000084a00000|  0%| F|  |TAMS 0x0000000084900000, 0x0000000084900000| Untracked 
|  74|0x0000000084a00000, 0x0000000084a00000, 0x0000000084b00000|  0%| F|  |TAMS 0x0000000084a00000, 0x0000000084a00000| Untracked 
|  75|0x0000000084b00000, 0x0000000084b00000, 0x0000000084c00000|  0%| F|  |TAMS 0x0000000084b00000, 0x0000000084b00000| Untracked 
|  76|0x0000000084c00000, 0x0000000084c00000, 0x0000000084d00000|  0%| F|  |TAMS 0x0000000084c00000, 0x0000000084c00000| Untracked 
|  77|0x0000000084d00000, 0x0000000084d00000, 0x0000000084e00000|  0%| F|  |TAMS 0x0000000084d00000, 0x0000000084d00000| Untracked 
|  78|0x0000000084e00000, 0x0000000084e00000, 0x0000000084f00000|  0%| F|  |TAMS 0x0000000084e00000, 0x0000000084e00000| Untracked 
|  79|0x0000000084f00000, 0x0000000084f00000, 0x0000000085000000|  0%| F|  |TAMS 0x0000000084f00000, 0x0000000084f00000| Untracked 
|  80|0x0000000085000000, 0x0000000085000000, 0x0000000085100000|  0%| F|  |TAMS 0x0000000085000000, 0x0000000085000000| Untracked 
|  81|0x0000000085100000, 0x0000000085100000, 0x0000000085200000|  0%| F|  |TAMS 0x0000000085100000, 0x0000000085100000| Untracked 
|  82|0x0000000085200000, 0x0000000085200000, 0x0000000085300000|  0%| F|  |TAMS 0x0000000085200000, 0x0000000085200000| Untracked 
|  83|0x0000000085300000, 0x0000000085300000, 0x0000000085400000|  0%| F|  |TAMS 0x0000000085300000, 0x0000000085300000| Untracked 
|  84|0x0000000085400000, 0x0000000085400000, 0x0000000085500000|  0%| F|  |TAMS 0x0000000085400000, 0x0000000085400000| Untracked 
|  85|0x0000000085500000, 0x0000000085500000, 0x0000000085600000|  0%| F|  |TAMS 0x0000000085500000, 0x0000000085500000| Untracked 
|  86|0x0000000085600000, 0x0000000085600000, 0x0000000085700000|  0%| F|  |TAMS 0x0000000085600000, 0x0000000085600000| Untracked 
|  87|0x0000000085700000, 0x0000000085700000, 0x0000000085800000|  0%| F|  |TAMS 0x0000000085700000, 0x0000000085700000| Untracked 
|  88|0x0000000085800000, 0x0000000085800000, 0x0000000085900000|  0%| F|  |TAMS 0x0000000085800000, 0x0000000085800000| Untracked 
|  89|0x0000000085900000, 0x0000000085900000, 0x0000000085a00000|  0%| F|  |TAMS 0x0000000085900000, 0x0000000085900000| Untracked 
|  90|0x0000000085a00000, 0x0000000085a00000, 0x0000000085b00000|  0%| F|  |TAMS 0x0000000085a00000, 0x0000000085a00000| Untracked 
|  91|0x0000000085b00000, 0x0000000085b00000, 0x0000000085c00000|  0%| F|  |TAMS 0x0000000085b00000, 0x0000000085b00000| Untracked 
|  92|0x0000000085c00000, 0x0000000085c00000, 0x0000000085d00000|  0%| F|  |TAMS 0x0000000085c00000, 0x0000000085c00000| Untracked 
|  93|0x0000000085d00000, 0x0000000085d00000, 0x0000000085e00000|  0%| F|  |TAMS 0x0000000085d00000, 0x0000000085d00000| Untracked 
|  94|0x0000000085e00000, 0x0000000085e00000, 0x0000000085f00000|  0%| F|  |TAMS 0x0000000085e00000, 0x0000000085e00000| Untracked 
|  95|0x0000000085f00000, 0x0000000085f00000, 0x0000000086000000|  0%| F|  |TAMS 0x0000000085f00000, 0x0000000085f00000| Untracked 
|  96|0x0000000086000000, 0x0000000086000000, 0x0000000086100000|  0%| F|  |TAMS 0x0000000086000000, 0x0000000086000000| Untracked 
|  97|0x0000000086100000, 0x0000000086100000, 0x0000000086200000|  0%| F|  |TAMS 0x0000000086100000, 0x0000000086100000| Untracked 
|  98|0x0000000086200000, 0x0000000086200000, 0x0000000086300000|  0%| F|  |TAMS 0x0000000086200000, 0x0000000086200000| Untracked 
|  99|0x0000000086300000, 0x0000000086300000, 0x0000000086400000|  0%| F|  |TAMS 0x0000000086300000, 0x0000000086300000| Untracked 
| 100|0x0000000086400000, 0x0000000086400000, 0x0000000086500000|  0%| F|  |TAMS 0x0000000086400000, 0x0000000086400000| Untracked 
| 101|0x0000000086500000, 0x0000000086500000, 0x0000000086600000|  0%| F|  |TAMS 0x0000000086500000, 0x0000000086500000| Untracked 
| 102|0x0000000086600000, 0x0000000086600000, 0x0000000086700000|  0%| F|  |TAMS 0x0000000086600000, 0x0000000086600000| Untracked 
| 103|0x0000000086700000, 0x0000000086700000, 0x0000000086800000|  0%| F|  |TAMS 0x0000000086700000, 0x0000000086700000| Untracked 
| 104|0x0000000086800000, 0x0000000086800000, 0x0000000086900000|  0%| F|  |TAMS 0x0000000086800000, 0x0000000086800000| Untracked 
| 105|0x0000000086900000, 0x0000000086900000, 0x0000000086a00000|  0%| F|  |TAMS 0x0000000086900000, 0x0000000086900000| Untracked 
| 106|0x0000000086a00000, 0x0000000086a00000, 0x0000000086b00000|  0%| F|  |TAMS 0x0000000086a00000, 0x0000000086a00000| Untracked 
| 107|0x0000000086b00000, 0x0000000086b00000, 0x0000000086c00000|  0%| F|  |TAMS 0x0000000086b00000, 0x0000000086b00000| Untracked 
| 108|0x0000000086c00000, 0x0000000086c00000, 0x0000000086d00000|  0%| F|  |TAMS 0x0000000086c00000, 0x0000000086c00000| Untracked 
| 109|0x0000000086d00000, 0x0000000086d00000, 0x0000000086e00000|  0%| F|  |TAMS 0x0000000086d00000, 0x0000000086d00000| Untracked 
| 110|0x0000000086e00000, 0x0000000086e00000, 0x0000000086f00000|  0%| F|  |TAMS 0x0000000086e00000, 0x0000000086e00000| Untracked 
| 111|0x0000000086f00000, 0x0000000086f00000, 0x0000000087000000|  0%| F|  |TAMS 0x0000000086f00000, 0x0000000086f00000| Untracked 
| 112|0x0000000087000000, 0x0000000087000000, 0x0000000087100000|  0%| F|  |TAMS 0x0000000087000000, 0x0000000087000000| Untracked 
| 113|0x0000000087100000, 0x0000000087100000, 0x0000000087200000|  0%| F|  |TAMS 0x0000000087100000, 0x0000000087100000| Untracked 
| 114|0x0000000087200000, 0x0000000087200000, 0x0000000087300000|  0%| F|  |TAMS 0x0000000087200000, 0x0000000087200000| Untracked 
| 115|0x0000000087300000, 0x0000000087300000, 0x0000000087400000|  0%| F|  |TAMS 0x0000000087300000, 0x0000000087300000| Untracked 
| 116|0x0000000087400000, 0x0000000087400000, 0x0000000087500000|  0%| F|  |TAMS 0x0000000087400000, 0x0000000087400000| Untracked 
| 117|0x0000000087500000, 0x0000000087500000, 0x0000000087600000|  0%| F|  |TAMS 0x0000000087500000, 0x0000000087500000| Untracked 
| 118|0x0000000087600000, 0x0000000087600000, 0x0000000087700000|  0%| F|  |TAMS 0x0000000087600000, 0x0000000087600000| Untracked 
| 119|0x0000000087700000, 0x0000000087700000, 0x0000000087800000|  0%| F|  |TAMS 0x0000000087700000, 0x0000000087700000| Untracked 
| 120|0x0000000087800000, 0x0000000087800000, 0x0000000087900000|  0%| F|  |TAMS 0x0000000087800000, 0x0000000087800000| Untracked 
| 121|0x0000000087900000, 0x0000000087900000, 0x0000000087a00000|  0%| F|  |TAMS 0x0000000087900000, 0x0000000087900000| Untracked 
| 122|0x0000000087a00000, 0x0000000087a00000, 0x0000000087b00000|  0%| F|  |TAMS 0x0000000087a00000, 0x0000000087a00000| Untracked 
| 123|0x0000000087b00000, 0x0000000087b00000, 0x0000000087c00000|  0%| F|  |TAMS 0x0000000087b00000, 0x0000000087b00000| Untracked 
| 124|0x0000000087c00000, 0x0000000087c00000, 0x0000000087d00000|  0%| F|  |TAMS 0x0000000087c00000, 0x0000000087c00000| Untracked 
| 125|0x0000000087d00000, 0x0000000087d00000, 0x0000000087e00000|  0%| F|  |TAMS 0x0000000087d00000, 0x0000000087d00000| Untracked 
| 126|0x0000000087e00000, 0x0000000087e00000, 0x0000000087f00000|  0%| F|  |TAMS 0x0000000087e00000, 0x0000000087e00000| Untracked 
| 127|0x0000000087f00000, 0x0000000087f00000, 0x0000000088000000|  0%| F|  |TAMS 0x0000000087f00000, 0x0000000087f00000| Untracked 
| 128|0x0000000088000000, 0x0000000088000000, 0x0000000088100000|  0%| F|  |TAMS 0x0000000088000000, 0x0000000088000000| Untracked 
| 129|0x0000000088100000, 0x0000000088100000, 0x0000000088200000|  0%| F|  |TAMS 0x0000000088100000, 0x0000000088100000| Untracked 
| 130|0x0000000088200000, 0x0000000088200000, 0x0000000088300000|  0%| F|  |TAMS 0x0000000088200000, 0x0000000088200000| Untracked 
| 131|0x0000000088300000, 0x0000000088300000, 0x0000000088400000|  0%| F|  |TAMS 0x0000000088300000, 0x0000000088300000| Untracked 
| 132|0x0000000088400000, 0x0000000088400000, 0x0000000088500000|  0%| F|  |TAMS 0x0000000088400000, 0x0000000088400000| Untracked 
| 133|0x0000000088500000, 0x0000000088500000, 0x0000000088600000|  0%| F|  |TAMS 0x0000000088500000, 0x0000000088500000| Untracked 
| 134|0x0000000088600000, 0x0000000088600000, 0x0000000088700000|  0%| F|  |TAMS 0x0000000088600000, 0x0000000088600000| Untracked 
| 135|0x0000000088700000, 0x0000000088700000, 0x0000000088800000|  0%| F|  |TAMS 0x0000000088700000, 0x0000000088700000| Untracked 
| 136|0x0000000088800000, 0x0000000088800000, 0x0000000088900000|  0%| F|  |TAMS 0x0000000088800000, 0x0000000088800000| Untracked 
| 137|0x0000000088900000, 0x0000000088900000, 0x0000000088a00000|  0%| F|  |TAMS 0x0000000088900000, 0x0000000088900000| Untracked 
| 138|0x0000000088a00000, 0x0000000088a00000, 0x0000000088b00000|  0%| F|  |TAMS 0x0000000088a00000, 0x0000000088a00000| Untracked 
| 139|0x0000000088b00000, 0x0000000088b00000, 0x0000000088c00000|  0%| F|  |TAMS 0x0000000088b00000, 0x0000000088b00000| Untracked 
| 140|0x0000000088c00000, 0x0000000088c00000, 0x0000000088d00000|  0%| F|  |TAMS 0x0000000088c00000, 0x0000000088c00000| Untracked 
| 141|0x0000000088d00000, 0x0000000088d00000, 0x0000000088e00000|  0%| F|  |TAMS 0x0000000088d00000, 0x0000000088d00000| Untracked 
| 142|0x0000000088e00000, 0x0000000088e00000, 0x0000000088f00000|  0%| F|  |TAMS 0x0000000088e00000, 0x0000000088e00000| Untracked 
| 143|0x0000000088f00000, 0x0000000088f00000, 0x0000000089000000|  0%| F|  |TAMS 0x0000000088f00000, 0x0000000088f00000| Untracked 
| 144|0x0000000089000000, 0x0000000089000000, 0x0000000089100000|  0%| F|  |TAMS 0x0000000089000000, 0x0000000089000000| Untracked 
| 145|0x0000000089100000, 0x0000000089100000, 0x0000000089200000|  0%| F|  |TAMS 0x0000000089100000, 0x0000000089100000| Untracked 
| 146|0x0000000089200000, 0x0000000089200000, 0x0000000089300000|  0%| F|  |TAMS 0x0000000089200000, 0x0000000089200000| Untracked 
| 147|0x0000000089300000, 0x0000000089300000, 0x0000000089400000|  0%| F|  |TAMS 0x0000000089300000, 0x0000000089300000| Untracked 
| 148|0x0000000089400000, 0x0000000089400000, 0x0000000089500000|  0%| F|  |TAMS 0x0000000089400000, 0x0000000089400000| Untracked 
| 149|0x0000000089500000, 0x0000000089500000, 0x0000000089600000|  0%| F|  |TAMS 0x0000000089500000, 0x0000000089500000| Untracked 
| 150|0x0000000089600000, 0x0000000089600000, 0x0000000089700000|  0%| F|  |TAMS 0x0000000089600000, 0x0000000089600000| Untracked 
| 151|0x0000000089700000, 0x0000000089700000, 0x0000000089800000|  0%| F|  |TAMS 0x0000000089700000, 0x0000000089700000| Untracked 
| 152|0x0000000089800000, 0x0000000089800000, 0x0000000089900000|  0%| F|  |TAMS 0x0000000089800000, 0x0000000089800000| Untracked 
| 153|0x0000000089900000, 0x0000000089900000, 0x0000000089a00000|  0%| F|  |TAMS 0x0000000089900000, 0x0000000089900000| Untracked 
| 154|0x0000000089a00000, 0x0000000089a00000, 0x0000000089b00000|  0%| F|  |TAMS 0x0000000089a00000, 0x0000000089a00000| Untracked 
| 155|0x0000000089b00000, 0x0000000089b00000, 0x0000000089c00000|  0%| F|  |TAMS 0x0000000089b00000, 0x0000000089b00000| Untracked 
| 156|0x0000000089c00000, 0x0000000089c00000, 0x0000000089d00000|  0%| F|  |TAMS 0x0000000089c00000, 0x0000000089c00000| Untracked 
| 157|0x0000000089d00000, 0x0000000089d00000, 0x0000000089e00000|  0%| F|  |TAMS 0x0000000089d00000, 0x0000000089d00000| Untracked 
| 158|0x0000000089e00000, 0x0000000089ef6f38, 0x0000000089f00000| 96%| E|  |TAMS 0x0000000089e00000, 0x0000000089e00000| Complete 
| 159|0x0000000089f00000, 0x000000008a000000, 0x000000008a000000|100%| E|CS|TAMS 0x0000000089f00000, 0x0000000089f00000| Complete 
| 160|0x000000008a000000, 0x000000008a100000, 0x000000008a100000|100%| E|CS|TAMS 0x000000008a000000, 0x000000008a000000| Complete 
| 161|0x000000008a100000, 0x000000008a200000, 0x000000008a200000|100%| E|CS|TAMS 0x000000008a100000, 0x000000008a100000| Complete 
| 162|0x000000008a200000, 0x000000008a300000, 0x000000008a300000|100%| E|CS|TAMS 0x000000008a200000, 0x000000008a200000| Complete 
| 163|0x000000008a300000, 0x000000008a400000, 0x000000008a400000|100%| E|CS|TAMS 0x000000008a300000, 0x000000008a300000| Complete 
| 164|0x000000008a400000, 0x000000008a500000, 0x000000008a500000|100%| E|CS|TAMS 0x000000008a400000, 0x000000008a400000| Complete 
| 165|0x000000008a500000, 0x000000008a600000, 0x000000008a600000|100%| E|CS|TAMS 0x000000008a500000, 0x000000008a500000| Complete 
| 166|0x000000008a600000, 0x000000008a700000, 0x000000008a700000|100%| E|CS|TAMS 0x000000008a600000, 0x000000008a600000| Complete 
| 167|0x000000008a700000, 0x000000008a7a34d0, 0x000000008a800000| 63%| S|CS|TAMS 0x000000008a700000, 0x000000008a700000| Complete 
| 168|0x000000008a800000, 0x000000008a900000, 0x000000008a900000|100%| S|CS|TAMS 0x000000008a800000, 0x000000008a800000| Complete 
| 169|0x000000008a900000, 0x000000008aa00000, 0x000000008aa00000|100%| S|CS|TAMS 0x000000008a900000, 0x000000008a900000| Complete 
| 170|0x000000008aa00000, 0x000000008ab00000, 0x000000008ab00000|100%| S|CS|TAMS 0x000000008aa00000, 0x000000008aa00000| Complete 
| 171|0x000000008ab00000, 0x000000008ac00000, 0x000000008ac00000|100%| S|CS|TAMS 0x000000008ab00000, 0x000000008ab00000| Complete 
| 172|0x000000008ac00000, 0x000000008ad00000, 0x000000008ad00000|100%| E|CS|TAMS 0x000000008ac00000, 0x000000008ac00000| Complete 
| 173|0x000000008ad00000, 0x000000008ae00000, 0x000000008ae00000|100%| E|CS|TAMS 0x000000008ad00000, 0x000000008ad00000| Complete 
| 174|0x000000008ae00000, 0x000000008af00000, 0x000000008af00000|100%| E|CS|TAMS 0x000000008ae00000, 0x000000008ae00000| Complete 
| 175|0x000000008af00000, 0x000000008b000000, 0x000000008b000000|100%| E|CS|TAMS 0x000000008af00000, 0x000000008af00000| Complete 
| 176|0x000000008b000000, 0x000000008b100000, 0x000000008b100000|100%| E|CS|TAMS 0x000000008b000000, 0x000000008b000000| Complete 
| 177|0x000000008b100000, 0x000000008b200000, 0x000000008b200000|100%| E|CS|TAMS 0x000000008b100000, 0x000000008b100000| Complete 
| 178|0x000000008b200000, 0x000000008b300000, 0x000000008b300000|100%| E|CS|TAMS 0x000000008b200000, 0x000000008b200000| Complete 
| 179|0x000000008b300000, 0x000000008b400000, 0x000000008b400000|100%| E|CS|TAMS 0x000000008b300000, 0x000000008b300000| Complete 
| 180|0x000000008b400000, 0x000000008b500000, 0x000000008b500000|100%| E|CS|TAMS 0x000000008b400000, 0x000000008b400000| Complete 
| 181|0x000000008b500000, 0x000000008b600000, 0x000000008b600000|100%| E|CS|TAMS 0x000000008b500000, 0x000000008b500000| Complete 
| 182|0x000000008b600000, 0x000000008b700000, 0x000000008b700000|100%| E|CS|TAMS 0x000000008b600000, 0x000000008b600000| Complete 
| 183|0x000000008b700000, 0x000000008b800000, 0x000000008b800000|100%| E|CS|TAMS 0x000000008b700000, 0x000000008b700000| Complete 
| 184|0x000000008b800000, 0x000000008b900000, 0x000000008b900000|100%| E|  |TAMS 0x000000008b800000, 0x000000008b800000| Complete 
| 185|0x000000008b900000, 0x000000008ba00000, 0x000000008ba00000|100%| E|CS|TAMS 0x000000008b900000, 0x000000008b900000| Complete 
| 186|0x000000008ba00000, 0x000000008bb00000, 0x000000008bb00000|100%| E|CS|TAMS 0x000000008ba00000, 0x000000008ba00000| Complete 
| 187|0x000000008bb00000, 0x000000008bc00000, 0x000000008bc00000|100%| E|CS|TAMS 0x000000008bb00000, 0x000000008bb00000| Complete 
| 188|0x000000008bc00000, 0x000000008bd00000, 0x000000008bd00000|100%| E|CS|TAMS 0x000000008bc00000, 0x000000008bc00000| Complete 
| 189|0x000000008bd00000, 0x000000008be00000, 0x000000008be00000|100%| E|CS|TAMS 0x000000008bd00000, 0x000000008bd00000| Complete 

Card table byte_map: [0x000001f64bb40000,0x000001f64bf40000] _byte_map_base: 0x000001f64b740000

Marking Bits (Prev, Next): (CMBitMap*) 0x000001f6339df2a0, (CMBitMap*) 0x000001f6339df268
 Prev Bits: [0x000001f64e340000, 0x000001f650340000)
 Next Bits: [0x000001f64c340000, 0x000001f64e340000)

Polling page: 0x000001f6320e0000

Metaspace:

Usage:
  Non-class:     20.82 MB capacity,    20.41 MB ( 98%) used,   373.66 KB (  2%) free+waste,    48.13 KB ( <1%) overhead. 
      Class:      3.07 MB capacity,     2.87 MB ( 93%) used,   183.09 KB (  6%) free+waste,    23.94 KB ( <1%) overhead. 
       Both:     23.89 MB capacity,    23.27 MB ( 97%) used,   556.76 KB (  2%) free+waste,    72.06 KB ( <1%) overhead. 

Virtual space:
  Non-class space:       22.00 MB reserved,      20.92 MB ( 95%) committed 
      Class space:      504.00 MB reserved,       3.13 MB ( <1%) committed 
             Both:      526.00 MB reserved,      24.05 MB (  5%) committed 

Chunk freelists:
   Non-Class:  43.00 KB
       Class:  25.00 KB
        Both:  68.00 KB

MaxMetaspaceSize: 512.00 MB
CompressedClassSpaceSize: 504.00 MB
Initial GC threshold: 20.80 MB
Current GC threshold: 35.08 MB
CDS: off

CodeHeap 'non-profiled nmethods': size=120064Kb used=906Kb max_used=906Kb free=119157Kb
 bounds [0x000001f643be0000, 0x000001f643e50000, 0x000001f64b120000]
CodeHeap 'profiled nmethods': size=120000Kb used=4438Kb max_used=4438Kb free=115561Kb
 bounds [0x000001f63c6b0000, 0x000001f63cb10000, 0x000001f643be0000]
CodeHeap 'non-nmethods': size=5696Kb used=1225Kb max_used=1234Kb free=4470Kb
 bounds [0x000001f63c120000, 0x000001f63c390000, 0x000001f63c6b0000]
 total_blobs=2622 nmethods=2115 adapters=419
 compilation: enabled
              stopped_count=0, restarted_count=0
 full_count=0

Compilation events (20 events):
Event: 5.435 Thread 0x000001f65296b800 2108       3       java.lang.String::subSequence (7 bytes)
Event: 5.435 Thread 0x000001f65296b800 nmethod 2108 0x000001f63cafb190 code [0x000001f63cafb340, 0x000001f63cafb468]
Event: 5.435 Thread 0x000001f65296b800 2110       3       org.gradle.util.internal.DefaultGradleVersion::compareTo (9 bytes)
Event: 5.435 Thread 0x000001f65296b800 nmethod 2110 0x000001f63cafb510 code [0x000001f63cafb6e0, 0x000001f63cafb908]
Event: 5.435 Thread 0x000001f65296b800 2105       3       org.gradle.internal.service.DefaultServiceRegistry$SingletonService::getService (18 bytes)
Event: 5.435 Thread 0x000001f65296b800 nmethod 2105 0x000001f63cafba10 code [0x000001f63cafbbe0, 0x000001f63cafbdf8]
Event: 5.435 Thread 0x000001f65296b800 2106       3       org.gradle.internal.service.DefaultServiceRegistry::access$1300 (6 bytes)
Event: 5.436 Thread 0x000001f65296b800 nmethod 2106 0x000001f63cafbf10 code [0x000001f63cafc0c0, 0x000001f63cafc1c8]
Event: 5.441 Thread 0x000001f65296b800 2111       3       jdk.internal.reflect.ReflectionFactory::getExecutableSharedParameterTypes (10 bytes)
Event: 5.441 Thread 0x000001f65296b800 nmethod 2111 0x000001f63cafc290 code [0x000001f63cafc480, 0x000001f63cafc808]
Event: 5.441 Thread 0x000001f65296b800 2112       3       java.lang.reflect.ReflectAccess::getExecutableSharedParameterTypes (5 bytes)
Event: 5.442 Thread 0x000001f65296b800 nmethod 2112 0x000001f63cafc990 code [0x000001f63cafcb40, 0x000001f63cafcd08]
Event: 5.491 Thread 0x000001f65296b800 2113       3       java.lang.invoke.MemberName::<init> (131 bytes)
Event: 5.492 Thread 0x000001f65296b800 nmethod 2113 0x000001f63cafce10 code [0x000001f63cafd160, 0x000001f63cafe558]
Event: 5.492 Thread 0x000001f65296b800 2114       3       com.google.common.collect.Hashing::smear (19 bytes)
Event: 5.492 Thread 0x000001f65296b800 nmethod 2114 0x000001f63cafeb10 code [0x000001f63cafecc0, 0x000001f63cafee38]
Event: 5.492 Thread 0x000001f65296b800 2115       3       java.lang.Integer::rotateLeft (9 bytes)
Event: 5.493 Thread 0x000001f65296b800 nmethod 2115 0x000001f63cafef10 code [0x000001f63caff0c0, 0x000001f63caff1b8]
Event: 5.496 Thread 0x000001f65296b800 2117       3       java.util.Collections$EmptySet::iterator (4 bytes)
Event: 5.496 Thread 0x000001f65296b800 nmethod 2117 0x000001f63caff290 code [0x000001f63caff440, 0x000001f63caff598]

GC Heap History (10 events):
Event: 0.889 GC heap before
{Heap before GC invocations=0 (full 0):
 garbage-first heap   total 194560K, used 13312K [0x0000000080000000, 0x0000000100000000)
  region size 1024K, 14 young (14336K), 0 survivors (0K)
 Metaspace       used 6804K, capacity 6985K, committed 7168K, reserved 524288K
  class space    used 572K, capacity 650K, committed 768K, reserved 516096K
}
Event: 0.901 GC heap after
{Heap after GC invocations=1 (full 0):
 garbage-first heap   total 194560K, used 4678K [0x0000000080000000, 0x0000000100000000)
  region size 1024K, 2 young (2048K), 2 survivors (2048K)
 Metaspace       used 6804K, capacity 6985K, committed 7168K, reserved 524288K
  class space    used 572K, capacity 650K, committed 768K, reserved 516096K
}
Event: 1.349 GC heap before
{Heap before GC invocations=1 (full 0):
 garbage-first heap   total 194560K, used 20038K [0x0000000080000000, 0x0000000100000000)
  region size 1024K, 13 young (13312K), 2 survivors (2048K)
 Metaspace       used 9867K, capacity 10080K, committed 10368K, reserved 526336K
  class space    used 1007K, capacity 1069K, committed 1152K, reserved 516096K
}
Event: 1.353 GC heap after
{Heap after GC invocations=2 (full 0):
 garbage-first heap   total 194560K, used 10961K [0x0000000080000000, 0x0000000100000000)
  region size 1024K, 2 young (2048K), 2 survivors (2048K)
 Metaspace       used 9867K, capacity 10080K, committed 10368K, reserved 526336K
  class space    used 1007K, capacity 1069K, committed 1152K, reserved 516096K
}
Event: 2.462 GC heap before
{Heap before GC invocations=2 (full 0):
 garbage-first heap   total 194560K, used 39633K [0x0000000080000000, 0x0000000100000000)
  region size 1024K, 30 young (30720K), 2 survivors (2048K)
 Metaspace       used 10934K, capacity 11195K, committed 11520K, reserved 526336K
  class space    used 1115K, capacity 1206K, committed 1280K, reserved 516096K
}
Event: 2.468 GC heap after
{Heap after GC invocations=3 (full 0):
 garbage-first heap   total 194560K, used 13927K [0x0000000080000000, 0x0000000100000000)
  region size 1024K, 4 young (4096K), 4 survivors (4096K)
 Metaspace       used 10934K, capacity 11195K, committed 11520K, reserved 526336K
  class space    used 1115K, capacity 1206K, committed 1280K, reserved 516096K
}
Event: 4.582 GC heap before
{Heap before GC invocations=3 (full 0):
 garbage-first heap   total 194560K, used 55911K [0x0000000080000000, 0x0000000100000000)
  region size 1024K, 45 young (46080K), 4 survivors (4096K)
 Metaspace       used 18530K, capacity 18898K, committed 19200K, reserved 534528K
  class space    used 2119K, capacity 2241K, committed 2304K, reserved 516096K
}
Event: 4.593 GC heap after
{Heap after GC invocations=4 (full 0):
 garbage-first heap   total 194560K, used 18558K [0x0000000080000000, 0x0000000100000000)
  region size 1024K, 6 young (6144K), 6 survivors (6144K)
 Metaspace       used 18530K, capacity 18898K, committed 19200K, reserved 534528K
  class space    used 2119K, capacity 2241K, committed 2304K, reserved 516096K
}
Event: 4.964 GC heap before
{Heap before GC invocations=4 (full 0):
 garbage-first heap   total 194560K, used 35966K [0x0000000080000000, 0x0000000100000000)
  region size 1024K, 24 young (24576K), 6 survivors (6144K)
 Metaspace       used 20716K, capacity 21155K, committed 21296K, reserved 536576K
  class space    used 2454K, capacity 2639K, committed 2688K, reserved 516096K
}
Event: 4.972 GC heap after
{Heap after GC invocations=5 (full 0):
 garbage-first heap   total 194560K, used 19148K [0x0000000080000000, 0x0000000100000000)
  region size 1024K, 5 young (5120K), 5 survivors (5120K)
 Metaspace       used 20716K, capacity 21155K, committed 21296K, reserved 536576K
  class space    used 2454K, capacity 2639K, committed 2688K, reserved 516096K
}

Deoptimization events (20 events):
Event: 5.136 Thread 0x000001f654425800 DEOPT PACKING pc=0x000001f643bfd030 sp=0x0000009cae0fcd70
Event: 5.136 Thread 0x000001f654425800 DEOPT UNPACKING pc=0x000001f63c16a1af sp=0x0000009cae0fcd08 mode 2
Event: 5.137 Thread 0x000001f654425800 Uncommon trap: trap_request=0xffffffc6 fr.pc=0x000001f643c54a24 relative=0x0000000000000084
Event: 5.137 Thread 0x000001f654425800 Uncommon trap: reason=bimorphic_or_optimized_type_check action=maybe_recompile pc=0x000001f643c54a24 method=java.util.AbstractList$Itr.hasNext()Z @ 8 c2
Event: 5.137 Thread 0x000001f654425800 DEOPT PACKING pc=0x000001f643c54a24 sp=0x0000009cae0fc2d0
Event: 5.137 Thread 0x000001f654425800 DEOPT UNPACKING pc=0x000001f63c16a1af sp=0x0000009cae0fc268 mode 2
Event: 5.137 Thread 0x000001f654425800 Uncommon trap: trap_request=0xffffffc6 fr.pc=0x000001f643c550f4 relative=0x0000000000000134
Event: 5.137 Thread 0x000001f654425800 Uncommon trap: reason=bimorphic_or_optimized_type_check action=maybe_recompile pc=0x000001f643c550f4 method=java.util.AbstractList$Itr.next()Ljava/lang/Object; @ 14 c2
Event: 5.137 Thread 0x000001f654425800 DEOPT PACKING pc=0x000001f643c550f4 sp=0x0000009cae0fc2c0
Event: 5.137 Thread 0x000001f654425800 DEOPT UNPACKING pc=0x000001f63c16a1af sp=0x0000009cae0fc258 mode 2
Event: 5.138 Thread 0x000001f654425800 Uncommon trap: trap_request=0xffffff4d fr.pc=0x000001f643c4cc5c relative=0x000000000000051c
Event: 5.138 Thread 0x000001f654425800 Uncommon trap: reason=unstable_if action=reinterpret pc=0x000001f643c4cc5c method=java.io.File.getName()Ljava/lang/String; @ 16 c2
Event: 5.138 Thread 0x000001f654425800 DEOPT PACKING pc=0x000001f643c4cc5c sp=0x0000009cae0fcd00
Event: 5.138 Thread 0x000001f654425800 DEOPT UNPACKING pc=0x000001f63c16a1af sp=0x0000009cae0fccd0 mode 2
Event: 5.138 Thread 0x000001f654425800 Uncommon trap: trap_request=0xffffff4d fr.pc=0x000001f643c49fb4 relative=0x0000000000000474
Event: 5.138 Thread 0x000001f654425800 Uncommon trap: reason=unstable_if action=reinterpret pc=0x000001f643c49fb4 method=java.lang.String.substring(I)Ljava/lang/String; @ 34 c2
Event: 5.138 Thread 0x000001f654425800 DEOPT PACKING pc=0x000001f643c49fb4 sp=0x0000009cae0fcc80
Event: 5.138 Thread 0x000001f654425800 DEOPT UNPACKING pc=0x000001f63c16a1af sp=0x0000009cae0fcc58 mode 2
Event: 5.282 Thread 0x000001f65413c000 DEOPT PACKING pc=0x000001f63c9a8760 sp=0x0000009cae3fcf80
Event: 5.282 Thread 0x000001f65413c000 DEOPT UNPACKING pc=0x000001f63c16a95e sp=0x0000009cae3fc4e8 mode 0

Classes redefined (0 events):
No events

Internal exceptions (20 events):
Event: 4.746 Thread 0x000001f654425800 Exception <a 'java/lang/NoSuchMethodError'{0x000000008b8ddb50}: 'void java.lang.invoke.DirectMethodHandle$Holder.invokeSpecial(java.lang.Object, java.lang.Object, java.lang.Object, java.lang.Object, java.lang.Object, java.lang.Object)'> (0x000000008b8ddb50) thrown at [s\src\hotspot\share\interpreter\linkResolver.cpp, line 773]
Event: 4.750 Thread 0x000001f654425800 Exception <a 'java/lang/NoSuchMethodError'{0x000000008b70bcc0}: 'java.lang.Object java.lang.invoke.DirectMethodHandle$Holder.invokeSpecial(java.lang.Object, java.lang.Object, java.lang.Object, java.lang.Object, java.lang.Object, java.lang.Object, java.lang.Object, java.lang.Object, int, int)'> (0x000000008b70bcc0) thrown at [s\src\hotspot\share\interpreter\linkResolver.cpp, line 773]
Event: 4.783 Thread 0x000001f654425800 Exception <a 'java/lang/NoSuchMethodError'{0x000000008b62eba8}: 'java.lang.Object java.lang.invoke.DirectMethodHandle$Holder.invokeStatic(java.lang.Object, java.lang.Object, java.lang.Object, int, java.lang.Object, java.lang.Object)'> (0x000000008b62eba8) thrown at [s\src\hotspot\share\interpreter\linkResolver.cpp, line 773]
Event: 4.784 Thread 0x000001f654425800 Exception <a 'java/lang/NoSuchMethodError'{0x000000008b636010}: 'java.lang.Object java.lang.invoke.Invokers$Holder.linkToTargetMethod(java.lang.Object, java.lang.Object, int, java.lang.Object, java.lang.Object, java.lang.Object)'> (0x000000008b636010) thrown at [s\src\hotspot\share\interpreter\linkResolver.cpp, line 773]
Event: 4.847 Thread 0x000001f654425800 Exception <a 'java/lang/NoSuchMethodError'{0x000000008b47c4d8}: 'void java.lang.invoke.DelegatingMethodHandle$Holder.reinvoke_L(java.lang.Object, java.lang.Object, java.lang.Object, java.lang.Object, java.lang.Object, java.lang.Object, java.lang.Object, java.lang.Object, java.lang.Object, java.lang.Object, java.lang.Object)'> (0x000000008b47c4d8) thrown at [s\src\hotspot\share\interpreter\linkResolver.cpp, line 773]
Event: 4.848 Thread 0x000001f654425800 Exception <a 'java/lang/NoSuchMethodError'{0x000000008b484950}: 'java.lang.Object java.lang.invoke.DirectMethodHandle$Holder.invokeSpecial(java.lang.Object, java.lang.Object, java.lang.Object, java.lang.Object, java.lang.Object, java.lang.Object, java.lang.Object, java.lang.Object, java.lang.Object, java.lang.Object, java.lang.Object)'> (0x000000008b484950) thrown at [s\src\hotspot\share\interpreter\linkResolver.cpp, line 773]
Event: 4.848 Thread 0x000001f654425800 Exception <a 'java/lang/NoSuchMethodError'{0x000000008b4890c0}: 'java.lang.Object java.lang.invoke.Invokers$Holder.invoker(java.lang.Object, java.lang.Object, java.lang.Object, java.lang.Object, java.lang.Object, java.lang.Object, java.lang.Object, java.lang.Object, java.lang.Object, java.lang.Object, java.lang.Object)'> (0x000000008b4890c0) thrown at [s\src\hotspot\share\interpreter\linkResolver.cpp, line 773]
Event: 4.849 Thread 0x000001f654425800 Exception <a 'java/lang/NoSuchMethodError'{0x000000008b48e1d8}: 'java.lang.Object java.lang.invoke.DirectMethodHandle$Holder.invokeSpecial(java.lang.Object, java.lang.Object, java.lang.Object, java.lang.Object, java.lang.Object, java.lang.Object, java.lang.Object, java.lang.Object, java.lang.Object, java.lang.Object, java.lang.Object, java.lang.Object)'> (0x000000008b48e1d8) thrown at [s\src\hotspot\share\interpreter\linkResolver.cpp, line 773]
Event: 4.888 Thread 0x000001f654425800 Exception <a 'java/lang/NoSuchMethodError'{0x000000008b3ed048}: 'java.lang.Object java.lang.invoke.DirectMethodHandle$Holder.invokeSpecial(java.lang.Object, java.lang.Object, java.lang.Object, java.lang.Object, java.lang.Object, java.lang.Object, java.lang.Object, java.lang.Object, java.lang.Object)'> (0x000000008b3ed048) thrown at [s\src\hotspot\share\interpreter\linkResolver.cpp, line 773]
Event: 5.001 Thread 0x000001f654425800 Exception <a 'java/lang/NoSuchMethodError'{0x000000008bdcef98}: 'void java.lang.invoke.DirectMethodHandle$Holder.invokeStaticInit(java.lang.Object)'> (0x000000008bdcef98) thrown at [s\src\hotspot\share\interpreter\linkResolver.cpp, line 773]
Event: 5.022 Thread 0x000001f654425800 Exception <a 'java/lang/NoSuchMethodError'{0x000000008bcb0da0}: 'java.lang.Object java.lang.invoke.DirectMethodHandle$Holder.invokeStatic(java.lang.Object, java.lang.Object, java.lang.Object, int)'> (0x000000008bcb0da0) thrown at [s\src\hotspot\share\interpreter\linkResolver.cpp, line 773]
Event: 5.023 Thread 0x000001f654425800 Exception <a 'java/lang/NoSuchMethodError'{0x000000008bcb4f68}: 'java.lang.Object java.lang.invoke.DirectMethodHandle$Holder.invokeSpecial(java.lang.Object, java.lang.Object, java.lang.Object, java.lang.Object, int)'> (0x000000008bcb4f68) thrown at [s\src\hotspot\share\interpreter\linkResolver.cpp, line 773]
Event: 5.023 Thread 0x000001f654425800 Exception <a 'java/lang/NoSuchMethodError'{0x000000008bcb8950}: 'java.lang.Object java.lang.invoke.Invokers$Holder.linkToTargetMethod(java.lang.Object, java.lang.Object, int, java.lang.Object)'> (0x000000008bcb8950) thrown at [s\src\hotspot\share\interpreter\linkResolver.cpp, line 773]
Event: 5.279 Thread 0x000001f65413c000 Exception <a 'java/lang/NoSuchMethodError'{0x000000008bd84cb0}: <clinit>> (0x000000008bd84cb0) thrown at [s\src\hotspot\share\prims\jni.cpp, line 1367]
Event: 5.281 Thread 0x000001f65413c000 Exception <a 'java/lang/NoSuchMethodError'{0x000000008bd863e0}: <clinit>> (0x000000008bd863e0) thrown at [s\src\hotspot\share\prims\jni.cpp, line 1367]
Event: 5.282 Thread 0x000001f65413c000 Exception <a 'java/lang/NoSuchMethodError'{0x000000008bd8f100}: <clinit>> (0x000000008bd8f100) thrown at [s\src\hotspot\share\prims\jni.cpp, line 1367]
Event: 5.295 Thread 0x000001f65413c000 Exception <a 'java/lang/NoSuchMethodError'{0x000000008bda1ce0}: <clinit>> (0x000000008bda1ce0) thrown at [s\src\hotspot\share\prims\jni.cpp, line 1367]
Event: 5.489 Thread 0x000001f654425800 Exception <a 'java/lang/NoSuchMethodError'{0x000000008a19b978}: 'int java.lang.invoke.DirectMethodHandle$Holder.invokeSpecialIFC(java.lang.Object, java.lang.Object, java.lang.Object, java.lang.Object)'> (0x000000008a19b978) thrown at [s\src\hotspot\share\interpreter\linkResolver.cpp, line 773]
Event: 5.492 Thread 0x000001f654425800 Exception <a 'java/lang/NoSuchMethodError'{0x000000008a1a9b78}: 'java.lang.Object java.lang.invoke.DirectMethodHandle$Holder.invokeInterface(java.lang.Object, java.lang.Object, java.lang.Object)'> (0x000000008a1a9b78) thrown at [s\src\hotspot\share\interpreter\linkResolver.cpp, line 773]
Event: 5.493 Thread 0x000001f654425800 Exception <a 'java/lang/IncompatibleClassChangeError'{0x000000008a1ad050}: Found class java.lang.Object, but interface was expected> (0x000000008a1ad050) thrown at [s\src\hotspot\share\interpreter\linkResolver.cpp, line 839]

Events (20 events):
Event: 5.509 loading class org/gradle/internal/serialize/ExceptionReplacingObjectOutputStream
Event: 5.509 loading class org/gradle/internal/serialize/ExceptionReplacingObjectOutputStream done
Event: 5.509 loading class org/gradle/tooling/internal/provider/serialization/PayloadSerializerObjectInputStream
Event: 5.509 loading class org/gradle/tooling/internal/provider/serialization/PayloadSerializerObjectInputStream done
Event: 5.509 loading class org/gradle/internal/serialize/ExceptionReplacingObjectInputStream
Event: 5.509 loading class org/gradle/internal/serialize/ExceptionReplacingObjectInputStream done
Event: 5.509 loading class org/gradle/internal/io/ClassLoaderObjectInputStream
Event: 5.509 loading class org/gradle/internal/io/ClassLoaderObjectInputStream done
Event: 5.510 loading class org/gradle/tooling/internal/provider/serialization/WellKnownClassLoaderRegistry
Event: 5.510 loading class org/gradle/tooling/internal/provider/serialization/WellKnownClassLoaderRegistry done
Event: 5.510 loading class org/gradle/tooling/internal/provider/serialization/WellKnownClassLoaderRegistry$KnownClassLoaderSpec
Event: 5.510 loading class org/gradle/tooling/internal/provider/serialization/WellKnownClassLoaderRegistry$KnownClassLoaderSpec done
Event: 5.510 loading class org/gradle/tooling/internal/provider/serialization/DeserializeMap
Event: 5.510 loading class org/gradle/tooling/internal/provider/serialization/DeserializeMap done
Event: 5.511 loading class org/gradle/tooling/internal/provider/serialization/SerializeMap
Event: 5.511 loading class org/gradle/tooling/internal/provider/serialization/SerializeMap done
Event: 5.511 loading class org/gradle/tooling/internal/provider/serialization/ClassLoaderDetails
Event: 5.511 loading class org/gradle/tooling/internal/provider/serialization/ClassLoaderDetails done
Event: 5.512 loading class org/gradle/tooling/internal/provider/serialization/DefaultPayloadClassLoaderRegistry
Event: 5.512 loading class org/gradle/tooling/internal/provider/serialization/DefaultPayloadClassLoaderRegistry done


Dynamic libraries:
0x00007ff6a3e00000 - 0x00007ff6a3e0d000 	C:\Program Files\Microsoft\jdk-11.0.20.8-hotspot\bin\java.exe
0x00007ff890b70000 - 0x00007ff890d67000 	C:\WINDOWS\SYSTEM32\ntdll.dll
0x00007ff890070000 - 0x00007ff89012d000 	C:\WINDOWS\System32\KERNEL32.DLL
0x00007ff88e250000 - 0x00007ff88e546000 	C:\WINDOWS\System32\KERNELBASE.dll
0x00007ff88e6f0000 - 0x00007ff88e7f0000 	C:\WINDOWS\System32\ucrtbase.dll
0x00007ff8839a0000 - 0x00007ff8839b5000 	C:\Program Files\Microsoft\jdk-11.0.20.8-hotspot\bin\VCRUNTIME140.dll
0x00007ff885a00000 - 0x00007ff885a17000 	C:\Program Files\Microsoft\jdk-11.0.20.8-hotspot\bin\jli.dll
0x00007ff890780000 - 0x00007ff89091e000 	C:\WINDOWS\System32\USER32.dll
0x00007ff88e550000 - 0x00007ff88e572000 	C:\WINDOWS\System32\win32u.dll
0x00007ff88ffd0000 - 0x00007ff88fffc000 	C:\WINDOWS\System32\GDI32.dll
0x00007ff88e580000 - 0x00007ff88e69a000 	C:\WINDOWS\System32\gdi32full.dll
0x00007ff87b020000 - 0x00007ff87b2ba000 	C:\WINDOWS\WinSxS\amd64_microsoft.windows.common-controls_6595b64144ccf1df_6.0.19041.1110_none_60b5254171f9507e\COMCTL32.dll
0x00007ff8905c0000 - 0x00007ff89065e000 	C:\WINDOWS\System32\msvcrt.dll
0x00007ff88ea30000 - 0x00007ff88eacd000 	C:\WINDOWS\System32\msvcp_win.dll
0x00007ff890460000 - 0x00007ff890490000 	C:\WINDOWS\System32\IMM32.DLL
0x00007ff86a6e0000 - 0x00007ff86a77b000 	C:\Program Files\Microsoft\jdk-11.0.20.8-hotspot\bin\msvcp140.dll
0x00007ff859ea0000 - 0x00007ff85aa36000 	C:\Program Files\Microsoft\jdk-11.0.20.8-hotspot\bin\server\jvm.dll
0x00007ff890320000 - 0x00007ff8903ce000 	C:\WINDOWS\System32\ADVAPI32.dll
0x00007ff88f420000 - 0x00007ff88f4bc000 	C:\WINDOWS\System32\sechost.dll
0x00007ff88fc50000 - 0x00007ff88fd76000 	C:\WINDOWS\System32\RPCRT4.dll
0x00007ff88fc40000 - 0x00007ff88fc48000 	C:\WINDOWS\System32\PSAPI.DLL
0x00007ff87df70000 - 0x00007ff87df79000 	C:\WINDOWS\SYSTEM32\WSOCK32.dll
0x00007ff890000000 - 0x00007ff89006b000 	C:\WINDOWS\System32\WS2_32.dll
0x00007ff87b6b0000 - 0x00007ff87b6d7000 	C:\WINDOWS\SYSTEM32\WINMM.dll
0x00007ff886d70000 - 0x00007ff886d7a000 	C:\WINDOWS\SYSTEM32\VERSION.dll
0x00007ff88ca90000 - 0x00007ff88caa2000 	C:\WINDOWS\SYSTEM32\kernel.appcore.dll
0x00007ff889d60000 - 0x00007ff889d70000 	C:\Program Files\Microsoft\jdk-11.0.20.8-hotspot\bin\verify.dll
0x00007ff888bf0000 - 0x00007ff888dd4000 	C:\WINDOWS\SYSTEM32\DBGHELP.DLL
0x00007ff877af0000 - 0x00007ff877b24000 	C:\WINDOWS\SYSTEM32\dbgcore.DLL
0x00007ff88eb40000 - 0x00007ff88ebc2000 	C:\WINDOWS\System32\bcryptPrimitives.dll
0x00007ff869b90000 - 0x00007ff869bb8000 	C:\Program Files\Microsoft\jdk-11.0.20.8-hotspot\bin\java.dll
0x00007ff886000000 - 0x00007ff88600a000 	C:\Program Files\Microsoft\jdk-11.0.20.8-hotspot\bin\jimage.dll
0x00007ff87eef0000 - 0x00007ff87ef08000 	C:\Program Files\Microsoft\jdk-11.0.20.8-hotspot\bin\zip.dll
0x00007ff88f4f0000 - 0x00007ff88fc34000 	C:\WINDOWS\System32\SHELL32.dll
0x00007ff88c260000 - 0x00007ff88c9fb000 	C:\WINDOWS\SYSTEM32\windows.storage.dll
0x00007ff88f040000 - 0x00007ff88f394000 	C:\WINDOWS\System32\combase.dll
0x00007ff88dbb0000 - 0x00007ff88dbdd000 	C:\WINDOWS\SYSTEM32\Wldp.dll
0x00007ff88ff20000 - 0x00007ff88ffcd000 	C:\WINDOWS\System32\SHCORE.dll
0x00007ff890260000 - 0x00007ff8902b5000 	C:\WINDOWS\System32\shlwapi.dll
0x00007ff88e180000 - 0x00007ff88e1a5000 	C:\WINDOWS\SYSTEM32\profapi.dll
0x00007ff87d1a0000 - 0x00007ff87d1b9000 	C:\Program Files\Microsoft\jdk-11.0.20.8-hotspot\bin\net.dll
0x00007ff883710000 - 0x00007ff88381a000 	C:\WINDOWS\SYSTEM32\WINHTTP.dll
0x00007ff88d990000 - 0x00007ff88d9fa000 	C:\WINDOWS\system32\mswsock.dll
0x00007ff87c8d0000 - 0x00007ff87c8e3000 	C:\Program Files\Microsoft\jdk-11.0.20.8-hotspot\bin\nio.dll
0x00007ff889a20000 - 0x00007ff889a47000 	C:\Users\LENOVO\.gradle\native\68d5fa5c4cc2d200863cafc0d521ce42e7d3e7ee720ec0a83991735586a16f82\windows-amd64\native-platform.dll
0x00007ff865ec0000 - 0x00007ff866004000 	C:\Users\LENOVO\.gradle\native\e376f236ea51e6404a007f0833ffe2c6e607c4080706a723a18a27aeea778392\windows-amd64\native-platform-file-events.dll
0x00007ff87d350000 - 0x00007ff87d359000 	C:\Program Files\Microsoft\jdk-11.0.20.8-hotspot\bin\management.dll
0x00007ff87d300000 - 0x00007ff87d30b000 	C:\Program Files\Microsoft\jdk-11.0.20.8-hotspot\bin\management_ext.dll
0x00007ff88dbf0000 - 0x00007ff88dc08000 	C:\WINDOWS\SYSTEM32\CRYPTSP.dll
0x00007ff88d250000 - 0x00007ff88d284000 	C:\WINDOWS\system32\rsaenh.dll
0x00007ff88ea00000 - 0x00007ff88ea27000 	C:\WINDOWS\System32\bcrypt.dll
0x00007ff88e140000 - 0x00007ff88e16e000 	C:\WINDOWS\SYSTEM32\USERENV.dll
0x00007ff88db20000 - 0x00007ff88db2c000 	C:\WINDOWS\SYSTEM32\CRYPTBASE.dll
0x00007ff88d650000 - 0x00007ff88d68b000 	C:\WINDOWS\SYSTEM32\IPHLPAPI.DLL
0x00007ff88f4e0000 - 0x00007ff88f4e8000 	C:\WINDOWS\System32\NSI.dll
0x00007ff884330000 - 0x00007ff884347000 	C:\WINDOWS\SYSTEM32\dhcpcsvc6.DLL
0x00007ff8855a0000 - 0x00007ff8855bd000 	C:\WINDOWS\SYSTEM32\dhcpcsvc.DLL
0x00007ff88d690000 - 0x00007ff88d75a000 	C:\WINDOWS\SYSTEM32\DNSAPI.dll

dbghelp: loaded successfully - version: 4.0.5 - missing functions: none
symbol engine: initialized successfully - sym options: 0x614 - pdb path: .;C:\Program Files\Microsoft\jdk-11.0.20.8-hotspot\bin;C:\WINDOWS\SYSTEM32;C:\WINDOWS\WinSxS\amd64_microsoft.windows.common-controls_6595b64144ccf1df_6.0.19041.1110_none_60b5254171f9507e;C:\Program Files\Microsoft\jdk-11.0.20.8-hotspot\bin\server;C:\Users\LENOVO\.gradle\native\68d5fa5c4cc2d200863cafc0d521ce42e7d3e7ee720ec0a83991735586a16f82\windows-amd64;C:\Users\LENOVO\.gradle\native\e376f236ea51e6404a007f0833ffe2c6e607c4080706a723a18a27aeea778392\windows-amd64

VM Arguments:
jvm_args: -XX:MaxMetaspaceSize=512m --add-opens=java.base/java.util=ALL-UNNAMED --add-opens=java.base/java.lang=ALL-UNNAMED --add-opens=java.base/java.lang.invoke=ALL-UNNAMED --add-opens=java.prefs/java.util.prefs=ALL-UNNAMED --add-opens=java.base/java.nio.charset=ALL-UNNAMED --add-opens=java.base/java.net=ALL-UNNAMED --add-opens=java.base/java.util.concurrent.atomic=ALL-UNNAMED -Xmx2048m -Dfile.encoding=utf8 -Duser.country=US -Duser.language=en -Duser.variant 
java_command: org.gradle.launcher.daemon.bootstrap.GradleDaemon 8.0.1
java_class_path (initial): C:\Users\LENOVO\.gradle\wrapper\dists\gradle-8.0.1-all\aro4hu1c3oeioove7l0i4i14o\gradle-8.0.1\lib\gradle-launcher-8.0.1.jar
Launcher Type: SUN_STANDARD

[Global flags]
     intx CICompilerCount                          = 3                                         {product} {ergonomic}
   size_t CompressedClassSpaceSize                 = 528482304                                 {product} {ergonomic}
     uint ConcGCThreads                            = 1                                         {product} {ergonomic}
     uint G1ConcRefinementThreads                  = 4                                         {product} {ergonomic}
   size_t G1HeapRegionSize                         = 1048576                                   {product} {ergonomic}
    uintx GCDrainStackTargetSize                   = 64                                        {product} {ergonomic}
   size_t InitialHeapSize                          = 199229440                                 {product} {ergonomic}
   size_t MarkStackSize                            = 4194304                                   {product} {ergonomic}
   size_t MaxHeapSize                              = 2147483648                                {product} {command line}
   size_t MaxMetaspaceSize                         = 536870912                                 {product} {command line}
   size_t MaxNewSize                               = 1287651328                                {product} {ergonomic}
   size_t MinHeapDeltaBytes                        = 1048576                                   {product} {ergonomic}
    uintx NonNMethodCodeHeapSize                   = 5830732                                {pd product} {ergonomic}
    uintx NonProfiledCodeHeapSize                  = 122913754                              {pd product} {ergonomic}
    uintx ProfiledCodeHeapSize                     = 122913754                              {pd product} {ergonomic}
    uintx ReservedCodeCacheSize                    = 251658240                              {pd product} {ergonomic}
     bool SegmentedCodeCache                       = true                                      {product} {ergonomic}
     bool UseCompressedClassPointers               = true                                 {lp64_product} {ergonomic}
     bool UseCompressedOops                        = true                                 {lp64_product} {ergonomic}
     bool UseG1GC                                  = true                                      {product} {ergonomic}
     bool UseLargePagesIndividualAllocation        = false                                  {pd product} {ergonomic}

Logging:
Log output configuration:
 #0: stdout all=warning uptime,level,tags
 #1: stderr all=off uptime,level,tags

Environment Variables:
JAVA_HOME=C:\Program Files\Microsoft\jdk-11.0.20.8-hotspot\
PATH=C:\Program Files\Microsoft\jdk-11.0.20.8-hotspot\bin;C:\Python310\Scripts\;C:\Python310\;C:\ProgramData\Oracle\Java\javapath;C:\WINDOWS\system32;C:\WINDOWS;C:\WINDOWS\System32\Wbem;C:\WINDOWS\System32\WindowsPowerShell\v1.0\;C:\WINDOWS\System32\OpenSSH\;C:\Program Files\Microsoft VS Code\bin;C:\ProgramData\chocolatey\bin;C:\Program Files\OpenJDK\openjdk-8u312-b07\bin;C:\Program Files\Git\cmd;C:\Program Files\OpenJDK\openjdk-11.0.13_8\bin;C:\Users\LENOVO\AppData\Local\Android\Sdk\platform-tools;C:\flutter\bin;C:\Users\LENOVO\AppData\Local\Pub\Cache\bin;C:\flutter\.pub-cache\bin;C:\flutter\.pub-cache;C:\Users\LENOVO\AppData\Roaming\npm;C:\Program Files\nodejs\;C:\Users\LENOVO\AppData\Local\Microsoft\WindowsApps;C:\Program Files (x86)\Java\jdk1.8.0_121\bin;C:\flutter\bin;C:\Users\LENOVO\AppData\Local\Android\Sdk;C:\Users\LENOVO\AppData\Local\Pub\Cache\bin;C:\Users\LENOVO\AppData\Roaming\npm
USERNAME=LENOVO
OS=Windows_NT
PROCESSOR_IDENTIFIER=Intel64 Family 6 Model 78 Stepping 3, GenuineIntel
TMP=C:\Users\LENOVO\AppData\Local\Temp
TEMP=C:\Users\LENOVO\AppData\Local\Temp



---------------  S Y S T E M  ---------------

OS: Windows 10 , 64 bit Build 19041 (10.0.19041.3570)
OS uptime: 0 days 5:51 hours
Hyper-V role detected

CPU:total 4 (initial active 4) (2 cores per cpu, 2 threads per core) family 6 model 78 stepping 3 microcode 0xf0, cmov, cx8, fxsr, mmx, sse, sse2, sse3, ssse3, sse4.1, sse4.2, popcnt, avx, avx2, aes, clmul, erms, rtm, 3dnowpref, lzcnt, ht, tsc, tscinvbit, bmi1, bmi2, adx, fma

Memory: 4k page, system-wide physical 12143M (50M free)
TotalPageFile size 16143M (AvailPageFile size 5M)
current process WorkingSet (physical memory assigned to process): 155M, peak: 156M
current process commit charge ("private bytes"): 320M, peak: 321M

vm_info: OpenJDK 64-Bit Server VM (11.0.20+8-LTS) for windows-amd64 JRE (11.0.20+8-LTS), built on Jul  7 2023 17:05:21 by "MicrosoftCorporation" with MS VC++ 15.9 (VS2017)

END.
