#
# There is insufficient memory for the Java Runtime Environment to continue.
# Native memory allocation (malloc) failed to allocate 686016 bytes for Chunk::new
# Possible reasons:
#   The system is out of physical RAM or swap space
#   The process is running with CompressedOops enabled, and the Java Heap may be blocking the growth of the native heap
# Possible solutions:
#   Reduce memory load on the system
#   Increase physical memory or swap space
#   Check if swap backing store is full
#   Decrease Java heap size (-Xmx/-Xms)
#   Decrease number of Java threads
#   Decrease Java thread stack sizes (-Xss)
#   Set larger code cache with -XX:ReservedCodeCacheSize=
#   JVM is running with Unscaled Compressed Oops mode in which the Java heap is
#     placed in the first 4GB address space. The Java Heap base address is the
#     maximum limit for the native heap growth. Please use -XX:HeapBaseMinAddress
#     to set the Java Heap base and to place the Java Heap above 4GB virtual address.
# This output file may be truncated or incomplete.
#
#  Out of Memory Error (arena.cpp:197), pid=8132, tid=8616
#
# JRE version: OpenJDK Runtime Environment Microsoft-8035250 (11.0.20+8) (build 11.0.20+8-LTS)
# Java VM: OpenJDK 64-Bit Server VM Microsoft-8035250 (11.0.20+8-LTS, mixed mode, tiered, compressed oops, g1 gc, windows-amd64)
# No core dump will be written. Minidumps are not enabled by default on client versions of Windows
#

---------------  S U M M A R Y ------------

Command Line: -XX:MaxMetaspaceSize=512m --add-opens=java.base/java.util=ALL-UNNAMED --add-opens=java.base/java.lang=ALL-UNNAMED --add-opens=java.base/java.lang.invoke=ALL-UNNAMED --add-opens=java.prefs/java.util.prefs=ALL-UNNAMED --add-opens=java.base/java.nio.charset=ALL-UNNAMED --add-opens=java.base/java.net=ALL-UNNAMED --add-opens=java.base/java.util.concurrent.atomic=ALL-UNNAMED -Xmx2048m -Dfile.encoding=windows-1252 -Duser.country=US -Duser.language=en -Duser.variant org.gradle.launcher.daemon.bootstrap.GradleDaemon 7.6

Host: Intel(R) Core(TM) i7-6600U CPU @ 2.60GHz, 4 cores, 11G,  Windows 10 , 64 bit Build 19041 (10.0.19041.3570)
Time: Mon Oct 23 17:47:20 2023 Pakistan Standard Time elapsed time: 204.436712 seconds (0d 0h 3m 24s)

---------------  T H R E A D  ---------------

Current thread (0x000001e6d3e0b000):  JavaThread "C2 CompilerThread0" daemon [_thread_in_native, id=8616, stack(0x000000975fc00000,0x000000975fd00000)]


Current CompileTask:
C2: 204436 8754       4       org.objectweb.asm.MethodVisitor::visitMethodInsn (80 bytes)

Stack: [0x000000975fc00000,0x000000975fd00000]
Native frames: (J=compiled Java code, j=interpreted, Vv=VM code, C=native code)
V  [jvm.dll+0x62e9da]
V  [jvm.dll+0x7bc4e9]
V  [jvm.dll+0x7bdbd8]
V  [jvm.dll+0x7be2b3]
V  [jvm.dll+0x2505a8]
V  [jvm.dll+0xc263c]
V  [jvm.dll+0xc2bfc]
V  [jvm.dll+0x2c56a4]
V  [jvm.dll+0x536a1c]
V  [jvm.dll+0x211a7b]
V  [jvm.dll+0x20b6b4]
V  [jvm.dll+0x20881b]
V  [jvm.dll+0x18a7de]
V  [jvm.dll+0x2181ec]
V  [jvm.dll+0x21642b]
V  [jvm.dll+0x77efc0]
V  [jvm.dll+0x777db4]
V  [jvm.dll+0x62d845]
C  [ucrtbase.dll+0x21bb2]
C  [KERNEL32.DLL+0x17344]
C  [ntdll.dll+0x526b1]


---------------  P R O C E S S  ---------------

Threads class SMR info:
_java_thread_list=0x000001e6d4a05e50, length=91, elements={
0x000001e6b3644000, 0x000001e6d3df9800, 0x000001e6d3dfb000, 0x000001e6d3df5800,
0x000001e6d3e07000, 0x000001e6d3e08000, 0x000001e6d3e0b000, 0x000001e6d3e0c800,
0x000001e6d47c8800, 0x000001e6d48c1800, 0x000001e6d5c88800, 0x000001e6d6b8a000,
0x000001e6d6688000, 0x000001e6d54dc800, 0x000001e6d6573800, 0x000001e6d605e800,
0x000001e6d6020800, 0x000001e6d6823000, 0x000001e6d5622800, 0x000001e6d4afa800,
0x000001e6d4af5000, 0x000001e6d4af9800, 0x000001e6d4afb800, 0x000001e6d4af8000,
0x000001e6d4af9000, 0x000001e6d4af5800, 0x000001e6d4af6800, 0x000001e6d4af7000,
0x000001e6d536e800, 0x000001e6d5371000, 0x000001e6d5370000, 0x000001e6d5372800,
0x000001e6d536d000, 0x000001e6d536f000, 0x000001e6d536d800, 0x000001e6d5377800,
0x000001e6d537a000, 0x000001e6d5376800, 0x000001e6d5374000, 0x000001e6d5378000,
0x000001e6d5379000, 0x000001e6d537a800, 0x000001e6d5375000, 0x000001e6d537b800,
0x000001e6d5375800, 0x000001e6d955d800, 0x000001e6d955c800, 0x000001e6d955b000,
0x000001e6d9560000, 0x000001e6d955e000, 0x000001e6d955f000, 0x000001e6d9560800,
0x000001e6d9561800, 0x000001e6d955c000, 0x000001e6d9568000, 0x000001e6d9562800,
0x000001e6d9563000, 0x000001e6d9565800, 0x000001e6d9567000, 0x000001e6d9565000,
0x000001e6d9566800, 0x000001e6d9569000, 0x000001e6d9569800, 0x000001e6d9564000,
0x000001e6d72ee000, 0x000001e6d72f2000, 0x000001e6d72ef800, 0x000001e6d72f0800,
0x000001e6d72f1000, 0x000001e6d72ec800, 0x000001e6d72f3000, 0x000001e6d72ed000,
0x000001e6d72f3800, 0x000001e6d72f4800, 0x000001e6d72ee800, 0x000001e6d72f8800,
0x000001e6d72f7000, 0x000001e6d72fa000, 0x000001e6d72fb000, 0x000001e6d72f5800,
0x000001e6d72f9800, 0x000001e6d72f6000, 0x000001e6d72f7800, 0x000001e6da927000,
0x000001e6da927800, 0x000001e6da92c000, 0x000001e6da92a000, 0x000001e6da92b000,
0x000001e6da92d800, 0x000001e6da928800, 0x000001e6da92e800
}

Java Threads: ( => current thread )
  0x000001e6b3644000 JavaThread "main" [_thread_blocked, id=4540, stack(0x000000975f000000,0x000000975f100000)]
  0x000001e6d3df9800 JavaThread "Reference Handler" daemon [_thread_blocked, id=5852, stack(0x000000975f700000,0x000000975f800000)]
  0x000001e6d3dfb000 JavaThread "Finalizer" daemon [_thread_blocked, id=8828, stack(0x000000975f800000,0x000000975f900000)]
  0x000001e6d3df5800 JavaThread "Signal Dispatcher" daemon [_thread_blocked, id=1868, stack(0x000000975f900000,0x000000975fa00000)]
  0x000001e6d3e07000 JavaThread "Attach Listener" daemon [_thread_blocked, id=6060, stack(0x000000975fa00000,0x000000975fb00000)]
  0x000001e6d3e08000 JavaThread "Service Thread" daemon [_thread_blocked, id=8136, stack(0x000000975fb00000,0x000000975fc00000)]
=>0x000001e6d3e0b000 JavaThread "C2 CompilerThread0" daemon [_thread_in_native, id=8616, stack(0x000000975fc00000,0x000000975fd00000)]
  0x000001e6d3e0c800 JavaThread "C1 CompilerThread0" daemon [_thread_in_native, id=12808, stack(0x000000975fd00000,0x000000975fe00000)]
  0x000001e6d47c8800 JavaThread "Sweeper thread" daemon [_thread_blocked, id=8628, stack(0x000000975fe00000,0x000000975ff00000)]
  0x000001e6d48c1800 JavaThread "Common-Cleaner" daemon [_thread_blocked, id=11760, stack(0x000000975ff00000,0x0000009760000000)]
  0x000001e6d5c88800 JavaThread "Daemon health stats" [_thread_blocked, id=3576, stack(0x0000009760400000,0x0000009760500000)]
  0x000001e6d6b8a000 JavaThread "Incoming local TCP Connector on port 51127" [_thread_in_native, id=9136, stack(0x0000009760500000,0x0000009760600000)]
  0x000001e6d6688000 JavaThread "Daemon periodic checks" [_thread_blocked, id=12984, stack(0x0000009760600000,0x0000009760700000)]
  0x000001e6d54dc800 JavaThread "Daemon" [_thread_blocked, id=2308, stack(0x0000009760700000,0x0000009760800000)]
  0x000001e6d6573800 JavaThread "Handler for socket connection from /127.0.0.1:51127 to /127.0.0.1:51128" [_thread_in_native, id=1884, stack(0x0000009760800000,0x0000009760900000)]
  0x000001e6d605e800 JavaThread "Cancel handler" [_thread_blocked, id=3708, stack(0x0000009760900000,0x0000009760a00000)]
  0x000001e6d6020800 JavaThread "Daemon worker" [_thread_blocked, id=3640, stack(0x0000009760a00000,0x0000009760b00000)]
  0x000001e6d6823000 JavaThread "Asynchronous log dispatcher for DefaultDaemonConnection: socket connection from /127.0.0.1:51127 to /127.0.0.1:51128" [_thread_blocked, id=10840, stack(0x0000009760b00000,0x0000009760c00000)]
  0x000001e6d5622800 JavaThread "Daemon client event forwarder" [_thread_blocked, id=10820, stack(0x0000009760d00000,0x0000009760e00000)]
  0x000001e6d4afa800 JavaThread "Cache worker for journal cache (C:\Users\LENOVO\.gradle\caches\journal-1)" [_thread_blocked, id=12752, stack(0x0000009760e00000,0x0000009760f00000)]
  0x000001e6d4af5000 JavaThread "File lock request listener" [_thread_in_native, id=1648, stack(0x0000009760f00000,0x0000009761000000)]
  0x000001e6d4af9800 JavaThread "Cache worker for file hash cache (C:\Users\LENOVO\.gradle\caches\7.6\fileHashes)" [_thread_blocked, id=3212, stack(0x0000009761000000,0x0000009761100000)]
  0x000001e6d4afb800 JavaThread "File watcher server" daemon [_thread_in_native, id=10584, stack(0x0000009761100000,0x0000009761200000)]
  0x000001e6d4af8000 JavaThread "File watcher consumer" daemon [_thread_blocked, id=13036, stack(0x0000009761200000,0x0000009761300000)]
  0x000001e6d4af9000 JavaThread "Cache worker for checksums cache (D:\CSentryDemo\android\.gradle\7.6\checksums)" [_thread_blocked, id=1504, stack(0x0000009761300000,0x0000009761400000)]
  0x000001e6d4af5800 JavaThread "Cache worker for cache directory md-rule (C:\Users\LENOVO\.gradle\caches\7.6\md-rule)" [_thread_blocked, id=356, stack(0x0000009761400000,0x0000009761500000)]
  0x000001e6d4af6800 JavaThread "Cache worker for file content cache (C:\Users\LENOVO\.gradle\caches\7.6\fileContent)" [_thread_blocked, id=2208, stack(0x0000009761500000,0x0000009761600000)]
  0x000001e6d4af7000 JavaThread "Cache worker for file hash cache (D:\CSentryDemo\android\.gradle\7.6\fileHashes)" [_thread_blocked, id=11028, stack(0x0000009761600000,0x0000009761700000)]
  0x000001e6d536e800 JavaThread "Cache worker for cache directory md-supplier (C:\Users\LENOVO\.gradle\caches\7.6\md-supplier)" [_thread_blocked, id=13284, stack(0x0000009761700000,0x0000009761800000)]
  0x000001e6d5371000 JavaThread "Cache worker for execution history cache (C:\Users\LENOVO\.gradle\caches\7.6\executionHistory)" [_thread_blocked, id=12588, stack(0x0000009761800000,0x0000009761900000)]
  0x000001e6d5370000 JavaThread "jar transforms" [_thread_in_Java, id=12528, stack(0x0000009761900000,0x0000009761a00000)]
  0x000001e6d5372800 JavaThread "jar transforms Thread 2" [_thread_blocked, id=6796, stack(0x0000009761a00000,0x0000009761b00000)]
  0x000001e6d536d000 JavaThread "jar transforms Thread 3" [_thread_blocked, id=12632, stack(0x0000009761b00000,0x0000009761c00000)]
  0x000001e6d536f000 JavaThread "jar transforms Thread 4" [_thread_blocked, id=8284, stack(0x0000009761c00000,0x0000009761d00000)]
  0x000001e6d536d800 JavaThread "Cache worker for kotlin-dsl (C:\Users\LENOVO\.gradle\caches\7.6\kotlin-dsl)" [_thread_blocked, id=8748, stack(0x0000009761f00000,0x0000009762000000)]
  0x000001e6d5377800 JavaThread "Cache worker for dependencies-accessors (D:\CSentryDemo\android\.gradle\7.6\dependencies-accessors)" [_thread_blocked, id=8380, stack(0x000000975ed00000,0x000000975ee00000)]
  0x000001e6d537a000 JavaThread "Cache worker for Build Output Cleanup Cache (D:\CSentryDemo\node_modules\@react-native\gradle-plugin\.gradle\buildOutputCleanup)" [_thread_blocked, id=1076, stack(0x000000975ef00000,0x000000975f000000)]
  0x000001e6d5376800 JavaThread "Unconstrained build operations" [_thread_blocked, id=8736, stack(0x0000009760c00000,0x0000009760d00000)]
  0x000001e6d5374000 JavaThread "Unconstrained build operations Thread 2" [_thread_blocked, id=13048, stack(0x0000009762000000,0x0000009762100000)]
  0x000001e6d5378000 JavaThread "Unconstrained build operations Thread 3" [_thread_blocked, id=688, stack(0x0000009762100000,0x0000009762200000)]
  0x000001e6d5379000 JavaThread "Unconstrained build operations Thread 4" [_thread_blocked, id=9724, stack(0x0000009762200000,0x0000009762300000)]
  0x000001e6d537a800 JavaThread "Unconstrained build operations Thread 5" [_thread_blocked, id=9360, stack(0x0000009762300000,0x0000009762400000)]
  0x000001e6d5375000 JavaThread "Unconstrained build operations Thread 6" [_thread_blocked, id=7976, stack(0x0000009762400000,0x0000009762500000)]
  0x000001e6d537b800 JavaThread "Unconstrained build operations Thread 7" [_thread_blocked, id=1304, stack(0x0000009762500000,0x0000009762600000)]
  0x000001e6d5375800 JavaThread "Unconstrained build operations Thread 8" [_thread_blocked, id=7340, stack(0x0000009762600000,0x0000009762700000)]
  0x000001e6d955d800 JavaThread "Unconstrained build operations Thread 9" [_thread_blocked, id=10368, stack(0x0000009762700000,0x0000009762800000)]
  0x000001e6d955c800 JavaThread "Unconstrained build operations Thread 10" [_thread_blocked, id=11012, stack(0x0000009762800000,0x0000009762900000)]
  0x000001e6d955b000 JavaThread "Unconstrained build operations Thread 11" [_thread_blocked, id=10836, stack(0x0000009762900000,0x0000009762a00000)]
  0x000001e6d9560000 JavaThread "Unconstrained build operations Thread 12" [_thread_blocked, id=3040, stack(0x0000009762a00000,0x0000009762b00000)]
  0x000001e6d955e000 JavaThread "Unconstrained build operations Thread 13" [_thread_blocked, id=8352, stack(0x0000009762b00000,0x0000009762c00000)]
  0x000001e6d955f000 JavaThread "Unconstrained build operations Thread 14" [_thread_blocked, id=13128, stack(0x0000009762c00000,0x0000009762d00000)]
  0x000001e6d9560800 JavaThread "Unconstrained build operations Thread 15" [_thread_blocked, id=2752, stack(0x0000009762d00000,0x0000009762e00000)]
  0x000001e6d9561800 JavaThread "Unconstrained build operations Thread 16" [_thread_blocked, id=12636, stack(0x0000009762e00000,0x0000009762f00000)]
  0x000001e6d955c000 JavaThread "Unconstrained build operations Thread 17" [_thread_blocked, id=4812, stack(0x0000009762f00000,0x0000009763000000)]
  0x000001e6d9568000 JavaThread "Unconstrained build operations Thread 18" [_thread_blocked, id=6320, stack(0x0000009763000000,0x0000009763100000)]
  0x000001e6d9562800 JavaThread "Unconstrained build operations Thread 19" [_thread_blocked, id=8264, stack(0x0000009763100000,0x0000009763200000)]
  0x000001e6d9563000 JavaThread "Unconstrained build operations Thread 20" [_thread_blocked, id=1404, stack(0x0000009763200000,0x0000009763300000)]
  0x000001e6d9565800 JavaThread "Unconstrained build operations Thread 21" [_thread_blocked, id=13264, stack(0x0000009763300000,0x0000009763400000)]
  0x000001e6d9567000 JavaThread "Unconstrained build operations Thread 22" [_thread_blocked, id=10048, stack(0x0000009763400000,0x0000009763500000)]
  0x000001e6d9565000 JavaThread "Unconstrained build operations Thread 23" [_thread_blocked, id=4944, stack(0x0000009763500000,0x0000009763600000)]
  0x000001e6d9566800 JavaThread "Unconstrained build operations Thread 24" [_thread_blocked, id=6456, stack(0x0000009763600000,0x0000009763700000)]
  0x000001e6d9569000 JavaThread "Unconstrained build operations Thread 25" [_thread_blocked, id=8172, stack(0x0000009763700000,0x0000009763800000)]
  0x000001e6d9569800 JavaThread "Unconstrained build operations Thread 26" [_thread_blocked, id=10716, stack(0x0000009763800000,0x0000009763900000)]
  0x000001e6d9564000 JavaThread "Memory manager" [_thread_blocked, id=9748, stack(0x0000009763900000,0x0000009763a00000)]
  0x000001e6d72ee000 JavaThread "Cache worker for Build Output Cleanup Cache (D:\CSentryDemo\android\.gradle\buildOutputCleanup)" [_thread_blocked, id=1812, stack(0x0000009763a00000,0x0000009763b00000)]
  0x000001e6d72f2000 JavaThread "included builds" [_thread_blocked, id=3648, stack(0x0000009763b00000,0x0000009763c00000)]
  0x000001e6d72ef800 JavaThread "Execution worker" [_thread_blocked, id=10652, stack(0x0000009763c00000,0x0000009763d00000)]
  0x000001e6d72f0800 JavaThread "Execution worker Thread 2" [_thread_blocked, id=7584, stack(0x0000009763d00000,0x0000009763e00000)]
  0x000001e6d72f1000 JavaThread "Execution worker Thread 3" [_thread_blocked, id=13280, stack(0x0000009763e00000,0x0000009763f00000)]
  0x000001e6d72ec800 JavaThread "Cache worker for execution history cache (D:\CSentryDemo\node_modules\@react-native\gradle-plugin\.gradle\7.6\executionHistory)" [_thread_blocked, id=2580, stack(0x0000009763f00000,0x0000009764000000)]
  0x000001e6d72f3000 JavaThread "Unconstrained build operations Thread 27" [_thread_blocked, id=12664, stack(0x0000009764000000,0x0000009764100000)]
  0x000001e6d72ed000 JavaThread "Unconstrained build operations Thread 28" [_thread_blocked, id=892, stack(0x0000009764100000,0x0000009764200000)]
  0x000001e6d72f3800 JavaThread "Unconstrained build operations Thread 29" [_thread_blocked, id=12792, stack(0x0000009764200000,0x0000009764300000)]
  0x000001e6d72f4800 JavaThread "Unconstrained build operations Thread 30" [_thread_blocked, id=9376, stack(0x0000009764300000,0x0000009764400000)]
  0x000001e6d72ee800 JavaThread "Unconstrained build operations Thread 31" [_thread_blocked, id=3348, stack(0x0000009764400000,0x0000009764500000)]
  0x000001e6d72f8800 JavaThread "Unconstrained build operations Thread 32" [_thread_blocked, id=2968, stack(0x0000009764500000,0x0000009764600000)]
  0x000001e6d72f7000 JavaThread "Unconstrained build operations Thread 33" [_thread_blocked, id=11144, stack(0x0000009764600000,0x0000009764700000)]
  0x000001e6d72fa000 JavaThread "Unconstrained build operations Thread 34" [_thread_blocked, id=9656, stack(0x0000009764700000,0x0000009764800000)]
  0x000001e6d72fb000 JavaThread "Unconstrained build operations Thread 35" [_thread_blocked, id=7280, stack(0x0000009764800000,0x0000009764900000)]
  0x000001e6d72f5800 JavaThread "Unconstrained build operations Thread 36" [_thread_blocked, id=9112, stack(0x0000009764900000,0x0000009764a00000)]
  0x000001e6d72f9800 JavaThread "Unconstrained build operations Thread 37" [_thread_blocked, id=6792, stack(0x0000009764a00000,0x0000009764b00000)]
  0x000001e6d72f6000 JavaThread "Unconstrained build operations Thread 38" [_thread_blocked, id=8700, stack(0x0000009764b00000,0x0000009764c00000)]
  0x000001e6d72f7800 JavaThread "Unconstrained build operations Thread 39" [_thread_blocked, id=8280, stack(0x0000009764c00000,0x0000009764d00000)]
  0x000001e6da927000 JavaThread "Unconstrained build operations Thread 40" [_thread_blocked, id=12476, stack(0x0000009764d00000,0x0000009764e00000)]
  0x000001e6da927800 JavaThread "WorkerExecutor Queue" [_thread_blocked, id=9040, stack(0x0000009764e00000,0x0000009764f00000)]
  0x000001e6da92c000 JavaThread "RMI Scheduler(0)" daemon [_thread_blocked, id=4960, stack(0x0000009764f00000,0x0000009765000000)]
  0x000001e6da92a000 JavaThread "RMI RenewClean-[127.0.0.1:17451,org.jetbrains.kotlin.daemon.common.LoopbackNetworkInterface$ClientLoopbackSocketFactory@66ab0be5]" daemon [_thread_blocked, id=8588, stack(0x0000009765000000,0x0000009765100000)]
  0x000001e6da92b000 JavaThread "RMI GC Daemon" daemon [_thread_blocked, id=11624, stack(0x0000009765100000,0x0000009765200000)]
  0x000001e6da92d800 JavaThread "RMI TCP Accept-0" daemon [_thread_in_native, id=3556, stack(0x0000009765200000,0x0000009765300000)]
  0x000001e6da928800 JavaThread "RMI Reaper" [_thread_blocked, id=3900, stack(0x0000009765300000,0x0000009765400000)]
  0x000001e6da92e800 JavaThread "RMI TCP Connection(2)-127.0.0.1" daemon [_thread_in_native, id=12292, stack(0x0000009765400000,0x0000009765500000)]

Other Threads:
  0x000001e6d3de6800 VMThread "VM Thread" [stack: 0x000000975f600000,0x000000975f700000] [id=8068]
  0x000001e6d4901800 WatcherThread [stack: 0x0000009760000000,0x0000009760100000] [id=11412]
  0x000001e6b3657000 GCTaskThread "GC Thread#0" [stack: 0x000000975f100000,0x000000975f200000] [id=9060]
  0x000001e6d4972800 GCTaskThread "GC Thread#1" [stack: 0x0000009760100000,0x0000009760200000] [id=9176]
  0x000001e6d4973800 GCTaskThread "GC Thread#2" [stack: 0x0000009760200000,0x0000009760300000] [id=2872]
  0x000001e6d4be5000 GCTaskThread "GC Thread#3" [stack: 0x0000009760300000,0x0000009760400000] [id=10648]
  0x000001e6b368a000 ConcurrentGCThread "G1 Main Marker" [stack: 0x000000975f200000,0x000000975f300000] [id=7072]
  0x000001e6b368c800 ConcurrentGCThread "G1 Conc#0" [stack: 0x000000975f300000,0x000000975f400000] [id=10988]
  0x000001e6d3c50800 ConcurrentGCThread "G1 Refine#0" [stack: 0x000000975f400000,0x000000975f500000] [id=7124]
  0x000001e6d3c51800 ConcurrentGCThread "G1 Young RemSet Sampling" [stack: 0x000000975f500000,0x000000975f600000] [id=10180]

Threads with active compile tasks:
C2 CompilerThread0   204505 8754       4       org.objectweb.asm.MethodVisitor::visitMethodInsn (80 bytes)
C1 CompilerThread0   204505 8790       3       org.gradle.internal.classpath.InstrumentingTransformer$InstrumentingMethodVisitor::visitINVOKESTATIC (848 bytes)

VM state:not at safepoint (normal execution)

VM Mutex/Monitor currently owned by a thread: None

Heap address: 0x0000000080000000, size: 2048 MB, Compressed Oops mode: 32-bit
Narrow klass base: 0x0000000000000000, Narrow klass shift: 3
Compressed class space size: 528482304 Address: 0x0000000100000000

Heap:
 garbage-first heap   total 194560K, used 112141K [0x0000000080000000, 0x0000000100000000)
  region size 1024K, 67 young (68608K), 11 survivors (11264K)
 Metaspace       used 75922K, capacity 78376K, committed 78632K, reserved 585728K
  class space    used 9894K, capacity 10856K, committed 10880K, reserved 516096K
Heap Regions: E=young(eden), S=young(survivor), O=old, HS=humongous(starts), HC=humongous(continues), CS=collection set, F=free, A=archive, TAMS=top-at-mark-start (previous, next)
|   0|0x0000000080000000, 0x0000000080100000, 0x0000000080100000|100%|HS|  |TAMS 0x0000000080100000, 0x0000000080000000| Complete 
|   1|0x0000000080100000, 0x0000000080200000, 0x0000000080200000|100%|HC|  |TAMS 0x0000000080200000, 0x0000000080100000| Complete 
|   2|0x0000000080200000, 0x0000000080300000, 0x0000000080300000|100%|HC|  |TAMS 0x0000000080300000, 0x0000000080200000| Complete 
|   3|0x0000000080300000, 0x0000000080400000, 0x0000000080400000|100%| O|  |TAMS 0x0000000080400000, 0x0000000080300000| Untracked 
|   4|0x0000000080400000, 0x0000000080500000, 0x0000000080500000|100%| O|  |TAMS 0x0000000080500000, 0x0000000080400000| Untracked 
|   5|0x0000000080500000, 0x0000000080600000, 0x0000000080600000|100%| O|  |TAMS 0x0000000080600000, 0x0000000080500000| Untracked 
|   6|0x0000000080600000, 0x0000000080700000, 0x0000000080700000|100%| O|  |TAMS 0x0000000080700000, 0x0000000080600000| Untracked 
|   7|0x0000000080700000, 0x0000000080800000, 0x0000000080800000|100%| O|  |TAMS 0x0000000080800000, 0x0000000080700000| Untracked 
|   8|0x0000000080800000, 0x0000000080900000, 0x0000000080900000|100%| O|  |TAMS 0x0000000080900000, 0x0000000080800000| Untracked 
|   9|0x0000000080900000, 0x0000000080a00000, 0x0000000080a00000|100%| O|  |TAMS 0x0000000080a00000, 0x0000000080900000| Untracked 
|  10|0x0000000080a00000, 0x0000000080b00000, 0x0000000080b00000|100%| O|  |TAMS 0x0000000080b00000, 0x0000000080a00000| Untracked 
|  11|0x0000000080b00000, 0x0000000080c00000, 0x0000000080c00000|100%| O|  |TAMS 0x0000000080c00000, 0x0000000080b00000| Untracked 
|  12|0x0000000080c00000, 0x0000000080d00000, 0x0000000080d00000|100%| O|  |TAMS 0x0000000080d00000, 0x0000000080c00000| Untracked 
|  13|0x0000000080d00000, 0x0000000080e00000, 0x0000000080e00000|100%| O|  |TAMS 0x0000000080e00000, 0x0000000080d00000| Untracked 
|  14|0x0000000080e00000, 0x0000000080f00000, 0x0000000080f00000|100%| O|  |TAMS 0x0000000080f00000, 0x0000000080e00000| Untracked 
|  15|0x0000000080f00000, 0x0000000081000000, 0x0000000081000000|100%| O|  |TAMS 0x0000000081000000, 0x0000000080f00000| Untracked 
|  16|0x0000000081000000, 0x0000000081100000, 0x0000000081100000|100%| O|  |TAMS 0x0000000081100000, 0x0000000081000000| Untracked 
|  17|0x0000000081100000, 0x0000000081200000, 0x0000000081200000|100%| O|  |TAMS 0x0000000081200000, 0x0000000081100000| Untracked 
|  18|0x0000000081200000, 0x0000000081300000, 0x0000000081300000|100%| O|  |TAMS 0x0000000081300000, 0x0000000081200000| Untracked 
|  19|0x0000000081300000, 0x0000000081400000, 0x0000000081400000|100%| O|  |TAMS 0x0000000081400000, 0x0000000081300000| Untracked 
|  20|0x0000000081400000, 0x0000000081500000, 0x0000000081500000|100%| O|  |TAMS 0x0000000081500000, 0x0000000081400000| Untracked 
|  21|0x0000000081500000, 0x0000000081600000, 0x0000000081600000|100%| O|  |TAMS 0x0000000081600000, 0x0000000081500000| Untracked 
|  22|0x0000000081600000, 0x0000000081700000, 0x0000000081700000|100%| O|  |TAMS 0x0000000081700000, 0x0000000081600000| Untracked 
|  23|0x0000000081700000, 0x0000000081800000, 0x0000000081800000|100%| O|  |TAMS 0x0000000081800000, 0x0000000081700000| Untracked 
|  24|0x0000000081800000, 0x0000000081900000, 0x0000000081900000|100%|HS|  |TAMS 0x0000000081900000, 0x0000000081800000| Complete 
|  25|0x0000000081900000, 0x0000000081a00000, 0x0000000081a00000|100%|HC|  |TAMS 0x0000000081a00000, 0x0000000081900000| Complete 
|  26|0x0000000081a00000, 0x0000000081b00000, 0x0000000081b00000|100%|HS|  |TAMS 0x0000000081b00000, 0x0000000081a00000| Complete 
|  27|0x0000000081b00000, 0x0000000081c00000, 0x0000000081c00000|100%|HC|  |TAMS 0x0000000081c00000, 0x0000000081b00000| Complete 
|  28|0x0000000081c00000, 0x0000000081d00000, 0x0000000081d00000|100%|HC|  |TAMS 0x0000000081d00000, 0x0000000081c00000| Complete 
|  29|0x0000000081d00000, 0x0000000081e00000, 0x0000000081e00000|100%|HC|  |TAMS 0x0000000081e00000, 0x0000000081d00000| Complete 
|  30|0x0000000081e00000, 0x0000000081f00000, 0x0000000081f00000|100%| O|  |TAMS 0x0000000081f00000, 0x0000000081e00000| Untracked 
|  31|0x0000000081f00000, 0x0000000082000000, 0x0000000082000000|100%| O|  |TAMS 0x0000000082000000, 0x0000000081f00000| Untracked 
|  32|0x0000000082000000, 0x0000000082100000, 0x0000000082100000|100%| O|  |TAMS 0x0000000082100000, 0x0000000082000000| Untracked 
|  33|0x0000000082100000, 0x0000000082200000, 0x0000000082200000|100%| O|  |TAMS 0x0000000082200000, 0x0000000082100000| Untracked 
|  34|0x0000000082200000, 0x0000000082300000, 0x0000000082300000|100%| O|  |TAMS 0x0000000082300000, 0x0000000082200000| Untracked 
|  35|0x0000000082300000, 0x0000000082400000, 0x0000000082400000|100%| O|  |TAMS 0x0000000082400000, 0x0000000082300000| Untracked 
|  36|0x0000000082400000, 0x0000000082500000, 0x0000000082500000|100%| O|  |TAMS 0x0000000082500000, 0x0000000082400000| Untracked 
|  37|0x0000000082500000, 0x0000000082600000, 0x0000000082600000|100%| O|  |TAMS 0x0000000082600000, 0x0000000082500000| Untracked 
|  38|0x0000000082600000, 0x0000000082700000, 0x0000000082700000|100%| O|  |TAMS 0x0000000082700000, 0x0000000082600000| Untracked 
|  39|0x0000000082700000, 0x0000000082800000, 0x0000000082800000|100%| O|  |TAMS 0x0000000082800000, 0x0000000082700000| Untracked 
|  40|0x0000000082800000, 0x0000000082900000, 0x0000000082900000|100%| O|  |TAMS 0x0000000082900000, 0x0000000082800000| Untracked 
|  41|0x0000000082900000, 0x0000000082a00000, 0x0000000082a00000|100%| O|  |TAMS 0x0000000082a00000, 0x0000000082900000| Untracked 
|  42|0x0000000082a00000, 0x0000000082b00000, 0x0000000082b00000|100%| O|  |TAMS 0x0000000082b00000, 0x0000000082a00000| Untracked 
|  43|0x0000000082b00000, 0x0000000082c00000, 0x0000000082c00000|100%| O|  |TAMS 0x0000000082c00000, 0x0000000082b00000| Untracked 
|  44|0x0000000082c00000, 0x0000000082c83600, 0x0000000082d00000| 51%| O|  |TAMS 0x0000000082c83600, 0x0000000082c00000| Untracked 
|  45|0x0000000082d00000, 0x0000000082d00000, 0x0000000082e00000|  0%| F|  |TAMS 0x0000000082d00000, 0x0000000082d00000| Untracked 
|  46|0x0000000082e00000, 0x0000000082e00000, 0x0000000082f00000|  0%| F|  |TAMS 0x0000000082e00000, 0x0000000082e00000| Untracked 
|  47|0x0000000082f00000, 0x0000000082f00000, 0x0000000083000000|  0%| F|  |TAMS 0x0000000082f00000, 0x0000000082f00000| Untracked 
|  48|0x0000000083000000, 0x0000000083000000, 0x0000000083100000|  0%| F|  |TAMS 0x0000000083000000, 0x0000000083000000| Untracked 
|  49|0x0000000083100000, 0x0000000083100000, 0x0000000083200000|  0%| F|  |TAMS 0x0000000083100000, 0x0000000083100000| Untracked 
|  50|0x0000000083200000, 0x0000000083200000, 0x0000000083300000|  0%| F|  |TAMS 0x0000000083200000, 0x0000000083200000| Untracked 
|  51|0x0000000083300000, 0x0000000083300000, 0x0000000083400000|  0%| F|  |TAMS 0x0000000083300000, 0x0000000083300000| Untracked 
|  52|0x0000000083400000, 0x0000000083400000, 0x0000000083500000|  0%| F|  |TAMS 0x0000000083400000, 0x0000000083400000| Untracked 
|  53|0x0000000083500000, 0x0000000083500000, 0x0000000083600000|  0%| F|  |TAMS 0x0000000083500000, 0x0000000083500000| Untracked 
|  54|0x0000000083600000, 0x0000000083600000, 0x0000000083700000|  0%| F|  |TAMS 0x0000000083600000, 0x0000000083600000| Untracked 
|  55|0x0000000083700000, 0x0000000083700000, 0x0000000083800000|  0%| F|  |TAMS 0x0000000083700000, 0x0000000083700000| Untracked 
|  56|0x0000000083800000, 0x0000000083800000, 0x0000000083900000|  0%| F|  |TAMS 0x0000000083800000, 0x0000000083800000| Untracked 
|  57|0x0000000083900000, 0x0000000083900000, 0x0000000083a00000|  0%| F|  |TAMS 0x0000000083900000, 0x0000000083900000| Untracked 
|  58|0x0000000083a00000, 0x0000000083a00000, 0x0000000083b00000|  0%| F|  |TAMS 0x0000000083a00000, 0x0000000083a00000| Untracked 
|  59|0x0000000083b00000, 0x0000000083b00000, 0x0000000083c00000|  0%| F|  |TAMS 0x0000000083b00000, 0x0000000083b00000| Untracked 
|  60|0x0000000083c00000, 0x0000000083c00000, 0x0000000083d00000|  0%| F|  |TAMS 0x0000000083c00000, 0x0000000083c00000| Untracked 
|  61|0x0000000083d00000, 0x0000000083d00000, 0x0000000083e00000|  0%| F|  |TAMS 0x0000000083d00000, 0x0000000083d00000| Untracked 
|  62|0x0000000083e00000, 0x0000000083e00000, 0x0000000083f00000|  0%| F|  |TAMS 0x0000000083e00000, 0x0000000083e00000| Untracked 
|  63|0x0000000083f00000, 0x0000000083f00000, 0x0000000084000000|  0%| F|  |TAMS 0x0000000083f00000, 0x0000000083f00000| Untracked 
|  64|0x0000000084000000, 0x0000000084000000, 0x0000000084100000|  0%| F|  |TAMS 0x0000000084000000, 0x0000000084000000| Untracked 
|  65|0x0000000084100000, 0x0000000084100000, 0x0000000084200000|  0%| F|  |TAMS 0x0000000084100000, 0x0000000084100000| Untracked 
|  66|0x0000000084200000, 0x0000000084200000, 0x0000000084300000|  0%| F|  |TAMS 0x0000000084200000, 0x0000000084200000| Untracked 
|  67|0x0000000084300000, 0x0000000084300000, 0x0000000084400000|  0%| F|  |TAMS 0x0000000084300000, 0x0000000084300000| Untracked 
|  68|0x0000000084400000, 0x0000000084400000, 0x0000000084500000|  0%| F|  |TAMS 0x0000000084400000, 0x0000000084400000| Untracked 
|  69|0x0000000084500000, 0x0000000084500000, 0x0000000084600000|  0%| F|  |TAMS 0x0000000084500000, 0x0000000084500000| Untracked 
|  70|0x0000000084600000, 0x0000000084600000, 0x0000000084700000|  0%| F|  |TAMS 0x0000000084600000, 0x0000000084600000| Untracked 
|  71|0x0000000084700000, 0x0000000084700000, 0x0000000084800000|  0%| F|  |TAMS 0x0000000084700000, 0x0000000084700000| Untracked 
|  72|0x0000000084800000, 0x0000000084800000, 0x0000000084900000|  0%| F|  |TAMS 0x0000000084800000, 0x0000000084800000| Untracked 
|  73|0x0000000084900000, 0x0000000084900000, 0x0000000084a00000|  0%| F|  |TAMS 0x0000000084900000, 0x0000000084900000| Untracked 
|  74|0x0000000084a00000, 0x0000000084a00000, 0x0000000084b00000|  0%| F|  |TAMS 0x0000000084a00000, 0x0000000084a00000| Untracked 
|  75|0x0000000084b00000, 0x0000000084b00000, 0x0000000084c00000|  0%| F|  |TAMS 0x0000000084b00000, 0x0000000084b00000| Untracked 
|  76|0x0000000084c00000, 0x0000000084c00000, 0x0000000084d00000|  0%| F|  |TAMS 0x0000000084c00000, 0x0000000084c00000| Untracked 
|  77|0x0000000084d00000, 0x0000000084d00000, 0x0000000084e00000|  0%| F|  |TAMS 0x0000000084d00000, 0x0000000084d00000| Untracked 
|  78|0x0000000084e00000, 0x0000000084e00000, 0x0000000084f00000|  0%| F|  |TAMS 0x0000000084e00000, 0x0000000084e00000| Untracked 
|  79|0x0000000084f00000, 0x0000000084f00000, 0x0000000085000000|  0%| F|  |TAMS 0x0000000084f00000, 0x0000000084f00000| Untracked 
|  80|0x0000000085000000, 0x0000000085000000, 0x0000000085100000|  0%| F|  |TAMS 0x0000000085000000, 0x0000000085000000| Untracked 
|  81|0x0000000085100000, 0x0000000085100000, 0x0000000085200000|  0%| F|  |TAMS 0x0000000085100000, 0x0000000085100000| Untracked 
|  82|0x0000000085200000, 0x0000000085200000, 0x0000000085300000|  0%| F|  |TAMS 0x0000000085200000, 0x0000000085200000| Untracked 
|  83|0x0000000085300000, 0x0000000085300000, 0x0000000085400000|  0%| F|  |TAMS 0x0000000085300000, 0x0000000085300000| Untracked 
|  84|0x0000000085400000, 0x0000000085400000, 0x0000000085500000|  0%| F|  |TAMS 0x0000000085400000, 0x0000000085400000| Untracked 
|  85|0x0000000085500000, 0x0000000085500000, 0x0000000085600000|  0%| F|  |TAMS 0x0000000085500000, 0x0000000085500000| Untracked 
|  86|0x0000000085600000, 0x0000000085600000, 0x0000000085700000|  0%| F|  |TAMS 0x0000000085600000, 0x0000000085600000| Untracked 
|  87|0x0000000085700000, 0x0000000085700000, 0x0000000085800000|  0%| F|  |TAMS 0x0000000085700000, 0x0000000085700000| Untracked 
|  88|0x0000000085800000, 0x0000000085800000, 0x0000000085900000|  0%| F|  |TAMS 0x0000000085800000, 0x0000000085800000| Untracked 
|  89|0x0000000085900000, 0x0000000085900000, 0x0000000085a00000|  0%| F|  |TAMS 0x0000000085900000, 0x0000000085900000| Untracked 
|  90|0x0000000085a00000, 0x0000000085a00000, 0x0000000085b00000|  0%| F|  |TAMS 0x0000000085a00000, 0x0000000085a00000| Untracked 
|  91|0x0000000085b00000, 0x0000000085b00000, 0x0000000085c00000|  0%| F|  |TAMS 0x0000000085b00000, 0x0000000085b00000| Untracked 
|  92|0x0000000085c00000, 0x0000000085c00000, 0x0000000085d00000|  0%| F|  |TAMS 0x0000000085c00000, 0x0000000085c00000| Untracked 
|  93|0x0000000085d00000, 0x0000000085d00000, 0x0000000085e00000|  0%| F|  |TAMS 0x0000000085d00000, 0x0000000085d00000| Untracked 
|  94|0x0000000085e00000, 0x0000000085f00000, 0x0000000085f00000|100%| S|CS|TAMS 0x0000000085e00000, 0x0000000085e00000| Complete 
|  95|0x0000000085f00000, 0x0000000086000000, 0x0000000086000000|100%| S|CS|TAMS 0x0000000085f00000, 0x0000000085f00000| Complete 
|  96|0x0000000086000000, 0x0000000086100000, 0x0000000086100000|100%| S|CS|TAMS 0x0000000086000000, 0x0000000086000000| Complete 
|  97|0x0000000086100000, 0x0000000086200000, 0x0000000086200000|100%| S|CS|TAMS 0x0000000086100000, 0x0000000086100000| Complete 
|  98|0x0000000086200000, 0x0000000086300000, 0x0000000086300000|100%| S|CS|TAMS 0x0000000086200000, 0x0000000086200000| Complete 
|  99|0x0000000086300000, 0x0000000086400000, 0x0000000086400000|100%| S|CS|TAMS 0x0000000086300000, 0x0000000086300000| Complete 
| 100|0x0000000086400000, 0x0000000086500000, 0x0000000086500000|100%| S|CS|TAMS 0x0000000086400000, 0x0000000086400000| Complete 
| 101|0x0000000086500000, 0x0000000086600000, 0x0000000086600000|100%| S|CS|TAMS 0x0000000086500000, 0x0000000086500000| Complete 
| 102|0x0000000086600000, 0x0000000086700000, 0x0000000086700000|100%| S|CS|TAMS 0x0000000086600000, 0x0000000086600000| Complete 
| 103|0x0000000086700000, 0x0000000086800000, 0x0000000086800000|100%| S|CS|TAMS 0x0000000086700000, 0x0000000086700000| Complete 
| 104|0x0000000086800000, 0x0000000086900000, 0x0000000086900000|100%| S|CS|TAMS 0x0000000086800000, 0x0000000086800000| Complete 
| 105|0x0000000086900000, 0x0000000086900000, 0x0000000086a00000|  0%| F|  |TAMS 0x0000000086900000, 0x0000000086900000| Untracked 
| 106|0x0000000086a00000, 0x0000000086a00000, 0x0000000086b00000|  0%| F|  |TAMS 0x0000000086a00000, 0x0000000086a00000| Untracked 
| 107|0x0000000086b00000, 0x0000000086b00000, 0x0000000086c00000|  0%| F|  |TAMS 0x0000000086b00000, 0x0000000086b00000| Untracked 
| 108|0x0000000086c00000, 0x0000000086c00000, 0x0000000086d00000|  0%| F|  |TAMS 0x0000000086c00000, 0x0000000086c00000| Untracked 
| 109|0x0000000086d00000, 0x0000000086d00000, 0x0000000086e00000|  0%| F|  |TAMS 0x0000000086d00000, 0x0000000086d00000| Untracked 
| 110|0x0000000086e00000, 0x0000000086e00000, 0x0000000086f00000|  0%| F|  |TAMS 0x0000000086e00000, 0x0000000086e00000| Untracked 
| 111|0x0000000086f00000, 0x0000000086f00000, 0x0000000087000000|  0%| F|  |TAMS 0x0000000086f00000, 0x0000000086f00000| Untracked 
| 112|0x0000000087000000, 0x0000000087000000, 0x0000000087100000|  0%| F|  |TAMS 0x0000000087000000, 0x0000000087000000| Untracked 
| 113|0x0000000087100000, 0x0000000087100000, 0x0000000087200000|  0%| F|  |TAMS 0x0000000087100000, 0x0000000087100000| Untracked 
| 114|0x0000000087200000, 0x0000000087200000, 0x0000000087300000|  0%| F|  |TAMS 0x0000000087200000, 0x0000000087200000| Untracked 
| 115|0x0000000087300000, 0x0000000087300000, 0x0000000087400000|  0%| F|  |TAMS 0x0000000087300000, 0x0000000087300000| Untracked 
| 116|0x0000000087400000, 0x0000000087400000, 0x0000000087500000|  0%| F|  |TAMS 0x0000000087400000, 0x0000000087400000| Untracked 
| 117|0x0000000087500000, 0x0000000087500000, 0x0000000087600000|  0%| F|  |TAMS 0x0000000087500000, 0x0000000087500000| Untracked 
| 118|0x0000000087600000, 0x0000000087600000, 0x0000000087700000|  0%| F|  |TAMS 0x0000000087600000, 0x0000000087600000| Untracked 
| 119|0x0000000087700000, 0x0000000087700000, 0x0000000087800000|  0%| F|  |TAMS 0x0000000087700000, 0x0000000087700000| Untracked 
| 120|0x0000000087800000, 0x0000000087800000, 0x0000000087900000|  0%| F|  |TAMS 0x0000000087800000, 0x0000000087800000| Untracked 
| 121|0x0000000087900000, 0x0000000087900000, 0x0000000087a00000|  0%| F|  |TAMS 0x0000000087900000, 0x0000000087900000| Untracked 
| 122|0x0000000087a00000, 0x0000000087a00000, 0x0000000087b00000|  0%| F|  |TAMS 0x0000000087a00000, 0x0000000087a00000| Untracked 
| 123|0x0000000087b00000, 0x0000000087b00000, 0x0000000087c00000|  0%| F|  |TAMS 0x0000000087b00000, 0x0000000087b00000| Untracked 
| 124|0x0000000087c00000, 0x0000000087c00000, 0x0000000087d00000|  0%| F|  |TAMS 0x0000000087c00000, 0x0000000087c00000| Untracked 
| 125|0x0000000087d00000, 0x0000000087d00000, 0x0000000087e00000|  0%| F|  |TAMS 0x0000000087d00000, 0x0000000087d00000| Untracked 
| 126|0x0000000087e00000, 0x0000000087e00000, 0x0000000087f00000|  0%| F|  |TAMS 0x0000000087e00000, 0x0000000087e00000| Untracked 
| 127|0x0000000087f00000, 0x0000000087f00000, 0x0000000088000000|  0%| F|  |TAMS 0x0000000087f00000, 0x0000000087f00000| Untracked 
| 128|0x0000000088000000, 0x0000000088000000, 0x0000000088100000|  0%| F|  |TAMS 0x0000000088000000, 0x0000000088000000| Untracked 
| 129|0x0000000088100000, 0x0000000088100000, 0x0000000088200000|  0%| F|  |TAMS 0x0000000088100000, 0x0000000088100000| Untracked 
| 130|0x0000000088200000, 0x0000000088200000, 0x0000000088300000|  0%| F|  |TAMS 0x0000000088200000, 0x0000000088200000| Untracked 
| 131|0x0000000088300000, 0x0000000088300000, 0x0000000088400000|  0%| F|  |TAMS 0x0000000088300000, 0x0000000088300000| Untracked 
| 132|0x0000000088400000, 0x0000000088400000, 0x0000000088500000|  0%| F|  |TAMS 0x0000000088400000, 0x0000000088400000| Untracked 
| 133|0x0000000088500000, 0x0000000088500000, 0x0000000088600000|  0%| F|  |TAMS 0x0000000088500000, 0x0000000088500000| Untracked 
| 134|0x0000000088600000, 0x00000000886f7a38, 0x0000000088700000| 96%| E|  |TAMS 0x0000000088600000, 0x0000000088600000| Complete 
| 135|0x0000000088700000, 0x0000000088800000, 0x0000000088800000|100%| E|CS|TAMS 0x0000000088700000, 0x0000000088700000| Complete 
| 136|0x0000000088800000, 0x0000000088900000, 0x0000000088900000|100%| E|CS|TAMS 0x0000000088800000, 0x0000000088800000| Complete 
| 137|0x0000000088900000, 0x0000000088a00000, 0x0000000088a00000|100%| E|CS|TAMS 0x0000000088900000, 0x0000000088900000| Complete 
| 138|0x0000000088a00000, 0x0000000088b00000, 0x0000000088b00000|100%| E|CS|TAMS 0x0000000088a00000, 0x0000000088a00000| Complete 
| 139|0x0000000088b00000, 0x0000000088c00000, 0x0000000088c00000|100%| E|CS|TAMS 0x0000000088b00000, 0x0000000088b00000| Complete 
| 140|0x0000000088c00000, 0x0000000088d00000, 0x0000000088d00000|100%| E|CS|TAMS 0x0000000088c00000, 0x0000000088c00000| Complete 
| 141|0x0000000088d00000, 0x0000000088e00000, 0x0000000088e00000|100%| E|CS|TAMS 0x0000000088d00000, 0x0000000088d00000| Complete 
| 142|0x0000000088e00000, 0x0000000088f00000, 0x0000000088f00000|100%| E|CS|TAMS 0x0000000088e00000, 0x0000000088e00000| Complete 
| 143|0x0000000088f00000, 0x0000000089000000, 0x0000000089000000|100%| E|CS|TAMS 0x0000000088f00000, 0x0000000088f00000| Complete 
| 144|0x0000000089000000, 0x0000000089100000, 0x0000000089100000|100%| E|CS|TAMS 0x0000000089000000, 0x0000000089000000| Complete 
| 145|0x0000000089100000, 0x0000000089200000, 0x0000000089200000|100%| E|CS|TAMS 0x0000000089100000, 0x0000000089100000| Complete 
| 146|0x0000000089200000, 0x0000000089300000, 0x0000000089300000|100%| E|CS|TAMS 0x0000000089200000, 0x0000000089200000| Complete 
| 147|0x0000000089300000, 0x0000000089400000, 0x0000000089400000|100%| E|CS|TAMS 0x0000000089300000, 0x0000000089300000| Complete 
| 148|0x0000000089400000, 0x0000000089500000, 0x0000000089500000|100%| E|CS|TAMS 0x0000000089400000, 0x0000000089400000| Complete 
| 149|0x0000000089500000, 0x0000000089600000, 0x0000000089600000|100%| E|CS|TAMS 0x0000000089500000, 0x0000000089500000| Complete 
| 150|0x0000000089600000, 0x0000000089700000, 0x0000000089700000|100%| E|CS|TAMS 0x0000000089600000, 0x0000000089600000| Complete 
| 151|0x0000000089700000, 0x0000000089800000, 0x0000000089800000|100%| E|CS|TAMS 0x0000000089700000, 0x0000000089700000| Complete 
| 152|0x0000000089800000, 0x0000000089900000, 0x0000000089900000|100%| E|CS|TAMS 0x0000000089800000, 0x0000000089800000| Complete 
| 153|0x0000000089900000, 0x0000000089a00000, 0x0000000089a00000|100%| E|CS|TAMS 0x0000000089900000, 0x0000000089900000| Complete 
| 154|0x0000000089a00000, 0x0000000089b00000, 0x0000000089b00000|100%| E|CS|TAMS 0x0000000089a00000, 0x0000000089a00000| Complete 
| 155|0x0000000089b00000, 0x0000000089c00000, 0x0000000089c00000|100%| E|CS|TAMS 0x0000000089b00000, 0x0000000089b00000| Complete 
| 156|0x0000000089c00000, 0x0000000089d00000, 0x0000000089d00000|100%| E|CS|TAMS 0x0000000089c00000, 0x0000000089c00000| Complete 
| 157|0x0000000089d00000, 0x0000000089e00000, 0x0000000089e00000|100%| E|CS|TAMS 0x0000000089d00000, 0x0000000089d00000| Complete 
| 158|0x0000000089e00000, 0x0000000089f00000, 0x0000000089f00000|100%| E|CS|TAMS 0x0000000089e00000, 0x0000000089e00000| Complete 
| 159|0x0000000089f00000, 0x000000008a000000, 0x000000008a000000|100%| E|CS|TAMS 0x0000000089f00000, 0x0000000089f00000| Complete 
| 160|0x000000008a000000, 0x000000008a100000, 0x000000008a100000|100%| E|CS|TAMS 0x000000008a000000, 0x000000008a000000| Complete 
| 161|0x000000008a100000, 0x000000008a200000, 0x000000008a200000|100%| E|CS|TAMS 0x000000008a100000, 0x000000008a100000| Complete 
| 162|0x000000008a200000, 0x000000008a300000, 0x000000008a300000|100%| E|CS|TAMS 0x000000008a200000, 0x000000008a200000| Complete 
| 163|0x000000008a300000, 0x000000008a400000, 0x000000008a400000|100%| E|CS|TAMS 0x000000008a300000, 0x000000008a300000| Complete 
| 164|0x000000008a400000, 0x000000008a500000, 0x000000008a500000|100%| E|CS|TAMS 0x000000008a400000, 0x000000008a400000| Complete 
| 165|0x000000008a500000, 0x000000008a600000, 0x000000008a600000|100%| E|CS|TAMS 0x000000008a500000, 0x000000008a500000| Complete 
| 166|0x000000008a600000, 0x000000008a700000, 0x000000008a700000|100%| E|CS|TAMS 0x000000008a600000, 0x000000008a600000| Complete 
| 167|0x000000008a700000, 0x000000008a800000, 0x000000008a800000|100%| E|CS|TAMS 0x000000008a700000, 0x000000008a700000| Complete 
| 168|0x000000008a800000, 0x000000008a900000, 0x000000008a900000|100%| E|CS|TAMS 0x000000008a800000, 0x000000008a800000| Complete 
| 169|0x000000008a900000, 0x000000008aa00000, 0x000000008aa00000|100%| E|CS|TAMS 0x000000008a900000, 0x000000008a900000| Complete 
| 170|0x000000008aa00000, 0x000000008ab00000, 0x000000008ab00000|100%| E|CS|TAMS 0x000000008aa00000, 0x000000008aa00000| Complete 
| 171|0x000000008ab00000, 0x000000008ac00000, 0x000000008ac00000|100%| E|CS|TAMS 0x000000008ab00000, 0x000000008ab00000| Complete 
| 172|0x000000008ac00000, 0x000000008ad00000, 0x000000008ad00000|100%| E|CS|TAMS 0x000000008ac00000, 0x000000008ac00000| Complete 
| 173|0x000000008ad00000, 0x000000008ae00000, 0x000000008ae00000|100%| E|CS|TAMS 0x000000008ad00000, 0x000000008ad00000| Complete 
| 174|0x000000008ae00000, 0x000000008af00000, 0x000000008af00000|100%| E|CS|TAMS 0x000000008ae00000, 0x000000008ae00000| Complete 
| 175|0x000000008af00000, 0x000000008b000000, 0x000000008b000000|100%| E|CS|TAMS 0x000000008af00000, 0x000000008af00000| Complete 
| 176|0x000000008b000000, 0x000000008b100000, 0x000000008b100000|100%| E|CS|TAMS 0x000000008b000000, 0x000000008b000000| Complete 
| 177|0x000000008b100000, 0x000000008b200000, 0x000000008b200000|100%| E|CS|TAMS 0x000000008b100000, 0x000000008b100000| Complete 
| 178|0x000000008b200000, 0x000000008b300000, 0x000000008b300000|100%| E|CS|TAMS 0x000000008b200000, 0x000000008b200000| Complete 
| 179|0x000000008b300000, 0x000000008b400000, 0x000000008b400000|100%| E|CS|TAMS 0x000000008b300000, 0x000000008b300000| Complete 
| 180|0x000000008b400000, 0x000000008b500000, 0x000000008b500000|100%| E|CS|TAMS 0x000000008b400000, 0x000000008b400000| Complete 
| 181|0x000000008b500000, 0x000000008b600000, 0x000000008b600000|100%| E|CS|TAMS 0x000000008b500000, 0x000000008b500000| Complete 
| 182|0x000000008b600000, 0x000000008b700000, 0x000000008b700000|100%| E|CS|TAMS 0x000000008b600000, 0x000000008b600000| Complete 
| 183|0x000000008b700000, 0x000000008b800000, 0x000000008b800000|100%| E|CS|TAMS 0x000000008b700000, 0x000000008b700000| Complete 
| 184|0x000000008b800000, 0x000000008b900000, 0x000000008b900000|100%| E|CS|TAMS 0x000000008b800000, 0x000000008b800000| Complete 
| 185|0x000000008b900000, 0x000000008ba00000, 0x000000008ba00000|100%| E|CS|TAMS 0x000000008b900000, 0x000000008b900000| Complete 
| 186|0x000000008ba00000, 0x000000008bb00000, 0x000000008bb00000|100%| E|CS|TAMS 0x000000008ba00000, 0x000000008ba00000| Complete 
| 187|0x000000008bb00000, 0x000000008bc00000, 0x000000008bc00000|100%| E|CS|TAMS 0x000000008bb00000, 0x000000008bb00000| Complete 
| 188|0x000000008bc00000, 0x000000008bd00000, 0x000000008bd00000|100%| E|CS|TAMS 0x000000008bc00000, 0x000000008bc00000| Complete 
| 189|0x000000008bd00000, 0x000000008be00000, 0x000000008be00000|100%| E|CS|TAMS 0x000000008bd00000, 0x000000008bd00000| Complete 

Card table byte_map: [0x000001e6ccf90000,0x000001e6cd390000] _byte_map_base: 0x000001e6ccb90000

Marking Bits (Prev, Next): (CMBitMap*) 0x000001e6b36813b8, (CMBitMap*) 0x000001e6b36813f0
 Prev Bits: [0x000001e6cd790000, 0x000001e6cf790000)
 Next Bits: [0x000001e6cf790000, 0x000001e6d1790000)

Polling page: 0x000001e6b34c0000

Metaspace:

Usage:
  Non-class:     65.94 MB capacity,    64.48 MB ( 98%) used,     1.20 MB (  2%) free+waste,   262.06 KB ( <1%) overhead. 
      Class:     10.60 MB capacity,     9.66 MB ( 91%) used,   835.49 KB (  8%) free+waste,   125.94 KB (  1%) overhead. 
       Both:     76.54 MB capacity,    74.14 MB ( 97%) used,     2.02 MB (  3%) free+waste,   388.00 KB ( <1%) overhead. 

Virtual space:
  Non-class space:       68.00 MB reserved,      66.16 MB ( 97%) committed 
      Class space:      504.00 MB reserved,      10.63 MB (  2%) committed 
             Both:      572.00 MB reserved,      76.79 MB ( 13%) committed 

Chunk freelists:
   Non-Class:  40.00 KB
       Class:  24.00 KB
        Both:  64.00 KB

MaxMetaspaceSize: 512.00 MB
CompressedClassSpaceSize: 504.00 MB
Initial GC threshold: 20.80 MB
Current GC threshold: 119.65 MB
CDS: off

CodeHeap 'non-profiled nmethods': size=120064Kb used=4835Kb max_used=4835Kb free=115228Kb
 bounds [0x000001e6c5030000, 0x000001e6c54f0000, 0x000001e6cc570000]
CodeHeap 'profiled nmethods': size=120000Kb used=19184Kb max_used=19184Kb free=100816Kb
 bounds [0x000001e6bdb00000, 0x000001e6bedc0000, 0x000001e6c5030000]
CodeHeap 'non-nmethods': size=5696Kb used=2385Kb max_used=2415Kb free=3310Kb
 bounds [0x000001e6bd570000, 0x000001e6bd7e0000, 0x000001e6bdb00000]
 total_blobs=9642 nmethods=8727 adapters=827
 compilation: enabled
              stopped_count=0, restarted_count=0
 full_count=0

Compilation events (20 events):
Event: 204.326 Thread 0x000001e6d3e0c800 nmethod 8769 0x000001e6bedaf090 code [0x000001e6bedaf240, 0x000001e6bedaf348]
Event: 204.328 Thread 0x000001e6d3e0c800 8770       3       org.objectweb.asm.MethodVisitor::visitFrame (22 bytes)
Event: 204.329 Thread 0x000001e6d3e0c800 nmethod 8770 0x000001e6bedaf410 code [0x000001e6bedaf5c0, 0x000001e6bedaf7a8]
Event: 204.394 Thread 0x000001e6d3e0c800 8771       3       org.apache.tools.zip.ZipOutputStream::getName (15 bytes)
Event: 204.395 Thread 0x000001e6d3e0c800 nmethod 8771 0x000001e6bedaf890 code [0x000001e6bedafb60, 0x000001e6bedb0798]
Event: 204.395 Thread 0x000001e6d3e0c800 8772       3       org.apache.tools.zip.ZipOutputStream::versionNeededToExtract (23 bytes)
Event: 204.395 Thread 0x000001e6d3e0c800 nmethod 8772 0x000001e6bedb0d10 code [0x000001e6bedb0ee0, 0x000001e6bedb1198]
Event: 204.395 Thread 0x000001e6d3e0c800 8773       3       org.apache.tools.zip.ZipOutputStream::getGeneralPurposeBits (43 bytes)
Event: 204.396 Thread 0x000001e6d3e0c800 nmethod 8773 0x000001e6bedb1290 code [0x000001e6bedb1460, 0x000001e6bedb1878]
Event: 204.396 Thread 0x000001e6d3e0c800 8774       3       org.apache.tools.zip.GeneralPurposeBit::encode (61 bytes)
Event: 204.396 Thread 0x000001e6d3e0c800 nmethod 8774 0x000001e6bedb1990 code [0x000001e6bedb1b60, 0x000001e6bedb1e98]
Event: 204.396 Thread 0x000001e6d3e0c800 8775       3       org.apache.tools.zip.ZipUtil::toDosTime (108 bytes)
Event: 204.397 Thread 0x000001e6d3e0c800 nmethod 8775 0x000001e6bedb2010 code [0x000001e6bedb22c0, 0x000001e6bedb32c8]
Event: 204.397 Thread 0x000001e6d3e0c800 8776       3       org.apache.tools.zip.ZipEntry::hashCode (8 bytes)
Event: 204.398 Thread 0x000001e6d3e0c800 nmethod 8776 0x000001e6bedb3910 code [0x000001e6bedb3ae0, 0x000001e6bedb3ce8]
Event: 204.398 Thread 0x000001e6d3e0c800 8777       3       java.util.zip.ZipFile$ZipEntryIterator::hasMoreElements (5 bytes)
Event: 204.398 Thread 0x000001e6d3e0c800 nmethod 8777 0x000001e6bedb3e10 code [0x000001e6bedb3fc0, 0x000001e6bedb4178]
Event: 204.426 Thread 0x000001e6d3e0c800 8778       3       org.objectweb.asm.Type::hashCode (68 bytes)
Event: 204.427 Thread 0x000001e6d3e0c800 nmethod 8778 0x000001e6bedb4210 code [0x000001e6bedb4440, 0x000001e6bedb4bd8]
Event: 204.431 Thread 0x000001e6d3e0c800 8779       3       org.objectweb.asm.MethodWriter::visitFrame (811 bytes)

GC Heap History (20 events):
Event: 3.151 GC heap before
{Heap before GC invocations=2 (full 0):
 garbage-first heap   total 194560K, used 40180K [0x0000000080000000, 0x0000000100000000)
  region size 1024K, 31 young (31744K), 2 survivors (2048K)
 Metaspace       used 10998K, capacity 11267K, committed 11520K, reserved 526336K
  class space    used 1116K, capacity 1206K, committed 1280K, reserved 516096K
}
Event: 3.158 GC heap after
{Heap after GC invocations=3 (full 0):
 garbage-first heap   total 194560K, used 13355K [0x0000000080000000, 0x0000000100000000)
  region size 1024K, 4 young (4096K), 4 survivors (4096K)
 Metaspace       used 10998K, capacity 11267K, committed 11520K, reserved 526336K
  class space    used 1116K, capacity 1206K, committed 1280K, reserved 516096K
}
Event: 6.161 GC heap before
{Heap before GC invocations=3 (full 0):
 garbage-first heap   total 194560K, used 56363K [0x0000000080000000, 0x0000000100000000)
  region size 1024K, 46 young (47104K), 4 survivors (4096K)
 Metaspace       used 18497K, capacity 18881K, committed 18944K, reserved 534528K
  class space    used 2137K, capacity 2277K, committed 2304K, reserved 516096K
}
Event: 6.171 GC heap after
{Heap after GC invocations=4 (full 0):
 garbage-first heap   total 194560K, used 16729K [0x0000000080000000, 0x0000000100000000)
  region size 1024K, 6 young (6144K), 6 survivors (6144K)
 Metaspace       used 18497K, capacity 18881K, committed 18944K, reserved 534528K
  class space    used 2137K, capacity 2277K, committed 2304K, reserved 516096K
}
Event: 6.885 GC heap before
{Heap before GC invocations=4 (full 0):
 garbage-first heap   total 194560K, used 34137K [0x0000000080000000, 0x0000000100000000)
  region size 1024K, 24 young (24576K), 6 survivors (6144K)
 Metaspace       used 20757K, capacity 21167K, committed 21296K, reserved 536576K
  class space    used 2446K, capacity 2614K, committed 2688K, reserved 516096K
}
Event: 6.895 GC heap after
{Heap after GC invocations=5 (full 0):
 garbage-first heap   total 194560K, used 17620K [0x0000000080000000, 0x0000000100000000)
  region size 1024K, 4 young (4096K), 4 survivors (4096K)
 Metaspace       used 20757K, capacity 21167K, committed 21296K, reserved 536576K
  class space    used 2446K, capacity 2614K, committed 2688K, reserved 516096K
}
Event: 9.232 GC heap before
{Heap before GC invocations=6 (full 0):
 garbage-first heap   total 194560K, used 70868K [0x0000000080000000, 0x0000000100000000)
  region size 1024K, 56 young (57344K), 4 survivors (4096K)
 Metaspace       used 26073K, capacity 26672K, committed 26800K, reserved 540672K
  class space    used 3300K, capacity 3521K, committed 3584K, reserved 516096K
}
Event: 9.242 GC heap after
{Heap after GC invocations=7 (full 0):
 garbage-first heap   total 194560K, used 19864K [0x0000000080000000, 0x0000000100000000)
  region size 1024K, 3 young (3072K), 3 survivors (3072K)
 Metaspace       used 26073K, capacity 26672K, committed 26800K, reserved 540672K
  class space    used 3300K, capacity 3521K, committed 3584K, reserved 516096K
}
Event: 13.205 GC heap before
{Heap before GC invocations=7 (full 0):
 garbage-first heap   total 194560K, used 92568K [0x0000000080000000, 0x0000000100000000)
  region size 1024K, 75 young (76800K), 3 survivors (3072K)
 Metaspace       used 34976K, capacity 35799K, committed 35920K, reserved 548864K
  class space    used 4456K, capacity 4802K, committed 4864K, reserved 516096K
}
Event: 13.227 GC heap after
{Heap after GC invocations=8 (full 0):
 garbage-first heap   total 194560K, used 23050K [0x0000000080000000, 0x0000000100000000)
  region size 1024K, 6 young (6144K), 6 survivors (6144K)
 Metaspace       used 34976K, capacity 35799K, committed 35920K, reserved 548864K
  class space    used 4456K, capacity 4802K, committed 4864K, reserved 516096K
}
Event: 54.523 GC heap before
{Heap before GC invocations=9 (full 0):
 garbage-first heap   total 194560K, used 112138K [0x0000000080000000, 0x0000000100000000)
  region size 1024K, 91 young (93184K), 6 survivors (6144K)
 Metaspace       used 42676K, capacity 43876K, committed 43952K, reserved 555008K
  class space    used 5383K, capacity 5855K, committed 5888K, reserved 516096K
}
Event: 54.559 GC heap after
{Heap after GC invocations=10 (full 0):
 garbage-first heap   total 194560K, used 30168K [0x0000000080000000, 0x0000000100000000)
  region size 1024K, 12 young (12288K), 12 survivors (12288K)
 Metaspace       used 42676K, capacity 43876K, committed 43952K, reserved 555008K
  class space    used 5383K, capacity 5855K, committed 5888K, reserved 516096K
}
Event: 80.783 GC heap before
{Heap before GC invocations=11 (full 0):
 garbage-first heap   total 194560K, used 124376K [0x0000000080000000, 0x0000000100000000)
  region size 1024K, 103 young (105472K), 12 survivors (12288K)
 Metaspace       used 49607K, capacity 50888K, committed 51120K, reserved 561152K
  class space    used 6339K, capacity 6850K, committed 6912K, reserved 516096K
}
Event: 80.811 GC heap after
{Heap after GC invocations=12 (full 0):
 garbage-first heap   total 194560K, used 34166K [0x0000000080000000, 0x0000000100000000)
  region size 1024K, 11 young (11264K), 11 survivors (11264K)
 Metaspace       used 49607K, capacity 50888K, committed 51120K, reserved 561152K
  class space    used 6339K, capacity 6850K, committed 6912K, reserved 516096K
}
Event: 112.283 GC heap before
{Heap before GC invocations=12 (full 0):
 garbage-first heap   total 194560K, used 137590K [0x0000000080000000, 0x0000000100000000)
  region size 1024K, 106 young (108544K), 11 survivors (11264K)
 Metaspace       used 58274K, capacity 59980K, committed 60208K, reserved 569344K
  class space    used 7546K, capacity 8265K, committed 8320K, reserved 516096K
}
Event: 112.331 GC heap after
{Heap after GC invocations=13 (full 0):
 garbage-first heap   total 194560K, used 45384K [0x0000000080000000, 0x0000000100000000)
  region size 1024K, 9 young (9216K), 9 survivors (9216K)
 Metaspace       used 58274K, capacity 59980K, committed 60208K, reserved 569344K
  class space    used 7546K, capacity 8265K, committed 8320K, reserved 516096K
}
Event: 118.254 GC heap before
{Heap before GC invocations=13 (full 0):
 garbage-first heap   total 194560K, used 144712K [0x0000000080000000, 0x0000000100000000)
  region size 1024K, 106 young (108544K), 9 survivors (9216K)
 Metaspace       used 65762K, capacity 67582K, committed 67888K, reserved 575488K
  class space    used 8530K, capacity 9251K, committed 9344K, reserved 516096K
}
Event: 118.273 GC heap after
{Heap after GC invocations=14 (full 0):
 garbage-first heap   total 194560K, used 49716K [0x0000000080000000, 0x0000000100000000)
  region size 1024K, 10 young (10240K), 10 survivors (10240K)
 Metaspace       used 65762K, capacity 67582K, committed 67888K, reserved 575488K
  class space    used 8530K, capacity 9251K, committed 9344K, reserved 516096K
}
Event: 125.962 GC heap before
{Heap before GC invocations=14 (full 0):
 garbage-first heap   total 194560K, used 134708K [0x0000000080000000, 0x0000000100000000)
  region size 1024K, 95 young (97280K), 10 survivors (10240K)
 Metaspace       used 71083K, capacity 73117K, committed 73256K, reserved 579584K
  class space    used 9239K, capacity 10074K, committed 10112K, reserved 516096K
}
Event: 126.015 GC heap after
{Heap after GC invocations=15 (full 0):
 garbage-first heap   total 194560K, used 56845K [0x0000000080000000, 0x0000000100000000)
  region size 1024K, 11 young (11264K), 11 survivors (11264K)
 Metaspace       used 71083K, capacity 73117K, committed 73256K, reserved 579584K
  class space    used 9239K, capacity 10074K, committed 10112K, reserved 516096K
}

Deoptimization events (20 events):
Event: 204.156 Thread 0x000001e6d5370000 DEOPT PACKING pc=0x000001e6c532bba4 sp=0x00000097619fe430
Event: 204.156 Thread 0x000001e6d5370000 DEOPT UNPACKING pc=0x000001e6bd5ba1af sp=0x00000097619fe370 mode 2
Event: 204.156 Thread 0x000001e6d5370000 Uncommon trap: trap_request=0xffffffde fr.pc=0x000001e6c532bba4 relative=0x0000000000000244
Event: 204.156 Thread 0x000001e6d5370000 Uncommon trap: reason=class_check action=maybe_recompile pc=0x000001e6c532bba4 method=org.objectweb.asm.MethodVisitor.visitVarInsn(II)V @ 13 c2
Event: 204.156 Thread 0x000001e6d5370000 DEOPT PACKING pc=0x000001e6c532bba4 sp=0x00000097619fe430
Event: 204.156 Thread 0x000001e6d5370000 DEOPT UNPACKING pc=0x000001e6bd5ba1af sp=0x00000097619fe370 mode 2
Event: 204.158 Thread 0x000001e6d5370000 DEOPT PACKING pc=0x000001e6bed5659b sp=0x00000097619fe040
Event: 204.158 Thread 0x000001e6d5370000 DEOPT UNPACKING pc=0x000001e6bd5ba95e sp=0x00000097619fd4b0 mode 0
Event: 204.160 Thread 0x000001e6d5370000 Uncommon trap: trap_request=0xffffffde fr.pc=0x000001e6c532bba4 relative=0x0000000000000244
Event: 204.160 Thread 0x000001e6d5370000 Uncommon trap: reason=class_check action=maybe_recompile pc=0x000001e6c532bba4 method=org.objectweb.asm.MethodVisitor.visitVarInsn(II)V @ 13 c2
Event: 204.160 Thread 0x000001e6d5370000 DEOPT PACKING pc=0x000001e6c532bba4 sp=0x00000097619fe430
Event: 204.160 Thread 0x000001e6d5370000 DEOPT UNPACKING pc=0x000001e6bd5ba1af sp=0x00000097619fe370 mode 2
Event: 204.160 Thread 0x000001e6d5370000 Uncommon trap: trap_request=0xffffffde fr.pc=0x000001e6c532bba4 relative=0x0000000000000244
Event: 204.160 Thread 0x000001e6d5370000 Uncommon trap: reason=class_check action=maybe_recompile pc=0x000001e6c532bba4 method=org.objectweb.asm.MethodVisitor.visitVarInsn(II)V @ 13 c2
Event: 204.160 Thread 0x000001e6d5370000 DEOPT PACKING pc=0x000001e6c532bba4 sp=0x00000097619fe430
Event: 204.160 Thread 0x000001e6d5370000 DEOPT UNPACKING pc=0x000001e6bd5ba1af sp=0x00000097619fe370 mode 2
Event: 204.175 Thread 0x000001e6d5370000 DEOPT PACKING pc=0x000001e6bed5659b sp=0x00000097619fe2f0
Event: 204.175 Thread 0x000001e6d5370000 DEOPT UNPACKING pc=0x000001e6bd5ba95e sp=0x00000097619fd760 mode 0
Event: 204.214 Thread 0x000001e6d5370000 DEOPT PACKING pc=0x000001e6bed5659b sp=0x00000097619fde00
Event: 204.214 Thread 0x000001e6d5370000 DEOPT UNPACKING pc=0x000001e6bd5ba95e sp=0x00000097619fd270 mode 0

Classes redefined (0 events):
No events

Internal exceptions (20 events):
Event: 129.149 Thread 0x000001e6da927800 Exception <a 'java/lang/NoSuchMethodError'{0x000000008a363a20}: <clinit>> (0x000000008a363a20) thrown at [s\src\hotspot\share\prims\jni.cpp, line 1367]
Event: 129.247 Thread 0x000001e6da927800 Exception <a 'java/lang/NoSuchMethodError'{0x000000008a20db50}: 'java.lang.Object java.lang.invoke.DirectMethodHandle$Holder.invokeSpecial(java.lang.Object, java.lang.Object, int, int, java.lang.Object, int, java.lang.Object, java.lang.Object)'> (0x000000008a20db50) thrown at [s\src\hotspot\share\interpreter\linkResolver.cpp, line 773]
Event: 129.249 Thread 0x000001e6da927800 Exception <a 'java/lang/NoSuchMethodError'{0x000000008a211688}: 'java.lang.Object java.lang.invoke.DelegatingMethodHandle$Holder.reinvoke_L(java.lang.Object, int, int, java.lang.Object, int, java.lang.Object, java.lang.Object)'> (0x000000008a211688) thrown at [s\src\hotspot\share\interpreter\linkResolver.cpp, line 773]
Event: 129.276 Thread 0x000001e6da927800 Exception <a 'java/lang/NoSuchMethodError'{0x000000008a23bef0}: 'java.lang.Object java.lang.invoke.DirectMethodHandle$Holder.invokeStatic(java.lang.Object, java.lang.Object, java.lang.Object, java.lang.Object, java.lang.Object, java.lang.Object, java.lang.Object, java.lang.Object, int)'> (0x000000008a23bef0) thrown at [s\src\hotspot\share\interpreter\linkResolver.cpp, line 773]
Event: 129.294 Thread 0x000001e6da927800 Exception <a 'java/lang/NoSuchMethodError'{0x000000008a256b98}: 'java.lang.Object java.lang.invoke.DirectMethodHandle$Holder.invokeStatic(java.lang.Object, java.lang.Object, java.lang.Object, java.lang.Object, java.lang.Object, java.lang.Object, java.lang.Object, java.lang.Object, int, int)'> (0x000000008a256b98) thrown at [s\src\hotspot\share\interpreter\linkResolver.cpp, line 773]
Event: 129.296 Thread 0x000001e6da927800 Exception <a 'java/lang/NoSuchMethodError'{0x000000008a271f40}: 'java.lang.Object java.lang.invoke.DirectMethodHandle$Holder.invokeStatic(java.lang.Object, java.lang.Object, java.lang.Object, java.lang.Object, java.lang.Object, java.lang.Object, java.lang.Object, java.lang.Object, int, int, java.lang.Object)'> (0x000000008a271f40) thrown at [s\src\hotspot\share\interpreter\linkResolver.cpp, line 773]
Event: 129.298 Thread 0x000001e6da927800 Exception <a 'java/lang/NoSuchMethodError'{0x000000008a28ec60}: 'java.lang.Object java.lang.invoke.DirectMethodHandle$Holder.invokeStatic(java.lang.Object, java.lang.Object, java.lang.Object, java.lang.Object, java.lang.Object, java.lang.Object, java.lang.Object, java.lang.Object, int, int, java.lang.Object, java.lang.Object)'> (0x000000008a28ec60) thrown at [s\src\hotspot\share\interpreter\linkResolver.cpp, line 773]
Event: 129.433 Thread 0x000001e6da927800 Exception <a 'java/lang/NoSuchMethodError'{0x000000008a2d13f0}: <clinit>> (0x000000008a2d13f0) thrown at [s\src\hotspot\share\prims\jni.cpp, line 1367]
Event: 129.436 Thread 0x000001e6da927800 Exception <a 'java/lang/NoSuchMethodError'{0x000000008a2f4000}: <clinit>> (0x000000008a2f4000) thrown at [s\src\hotspot\share\prims\jni.cpp, line 1367]
Event: 129.439 Thread 0x000001e6da92a000 Exception <a 'java/lang/InterruptedException'{0x000000008a100000}> (0x000000008a100000) thrown at [s\src\hotspot\share\runtime\objectMonitor.cpp, line 1635]
Event: 129.440 Thread 0x000001e6da92a000 Exception <a 'java/lang/NoSuchMethodError'{0x000000008a108060}: 'java.lang.Object java.lang.invoke.DirectMethodHandle$Holder.invokeStatic(java.lang.Object, java.lang.Object, int, java.lang.Object, long)'> (0x000000008a108060) thrown at [s\src\hotspot\share\interpreter\linkResolver.cpp, line 773]
Event: 129.461 Thread 0x000001e6da927800 Exception <a 'java/lang/NoSuchMethodError'{0x000000008a149358}: <clinit>> (0x000000008a149358) thrown at [s\src\hotspot\share\prims\jni.cpp, line 1367]
Event: 129.462 Thread 0x000001e6da927800 Exception <a 'java/lang/NoSuchMethodError'{0x000000008a1555a8}: <clinit>> (0x000000008a1555a8) thrown at [s\src\hotspot\share\prims\jni.cpp, line 1367]
Event: 129.466 Thread 0x000001e6da927800 Exception <a 'java/lang/NoSuchMethodError'{0x000000008a1628b0}: <clinit>> (0x000000008a1628b0) thrown at [s\src\hotspot\share\prims\jni.cpp, line 1367]
Event: 129.483 Thread 0x000001e6da927800 Exception <a 'java/lang/NoSuchMethodError'{0x000000008a18e298}: <clinit>> (0x000000008a18e298) thrown at [s\src\hotspot\share\prims\jni.cpp, line 1367]
Event: 129.564 Thread 0x000001e6da927800 Exception <a 'java/lang/NoSuchMethodError'{0x000000008a07bc88}: <clinit>> (0x000000008a07bc88) thrown at [s\src\hotspot\share\prims\jni.cpp, line 1367]
Event: 129.635 Thread 0x000001e6da92e800 Exception <a 'java/lang/NoSuchMethodError'{0x0000000089f60920}: 'java.lang.Object java.lang.invoke.DirectMethodHandle$Holder.invokeStatic(java.lang.Object, java.lang.Object, java.lang.Object, java.lang.Object, java.lang.Object, java.lang.Object, java.lang.Object, java.lang.Object, java.lang.Object, java.lang.Object, java.lang.Object, java.lang.Object, java.lang.Object, int)'> (0x0000000089f60920) thrown at [s\src\hotspot\share\interpreter\linkResolver.cpp, line 773]
Event: 129.640 Thread 0x000001e6da92e800 Exception <a 'java/lang/NoSuchMethodError'{0x0000000089f6d148}: 'java.lang.Object java.lang.invoke.DirectMethodHandle$Holder.invokeStatic(java.lang.Object, java.lang.Object, java.lang.Object, java.lang.Object, java.lang.Object, java.lang.Object, java.lang.Object, java.lang.Object, java.lang.Object, java.lang.Object, java.lang.Object, java.lang.Object, java.lang.Object, int, int)'> (0x0000000089f6d148) thrown at [s\src\hotspot\share\interpreter\linkResolver.cpp, line 773]
Event: 129.643 Thread 0x000001e6da92e800 Exception <a 'java/lang/NoSuchMethodError'{0x0000000089f86810}: 'java.lang.Object java.lang.invoke.DelegatingMethodHandle$Holder.reinvoke_L(java.lang.Object, int, java.lang.Object)'> (0x0000000089f86810) thrown at [s\src\hotspot\share\interpreter\linkResolver.cpp, line 773]
Event: 204.041 Thread 0x000001e6d5370000 Exception <a 'sun/nio/fs/WindowsException'{0x0000000088a72338}> (0x0000000088a72338) thrown at [s\src\hotspot\share\prims\jni.cpp, line 617]

Events (20 events):
Event: 204.101 loading class org/gradle/internal/classpath/ClasspathWalker$1
Event: 204.101 loading class org/gradle/internal/classpath/ClasspathWalker$1 done
Event: 204.102 loading class org/gradle/api/internal/file/archive/ZipEntry$ZipCompressionMethod
Event: 204.102 loading class org/gradle/api/internal/file/archive/ZipEntry$ZipCompressionMethod done
Event: 204.103 loading class org/gradle/internal/classpath/ClasspathEntryVisitor$Entry$CompressionMethod
Event: 204.103 loading class org/gradle/internal/classpath/ClasspathEntryVisitor$Entry$CompressionMethod done
Event: 204.105 loading class org/gradle/internal/classpath/InstrumentingTransformer$InstrumentingVisitor
Event: 204.105 loading class org/gradle/internal/classpath/InstrumentingTransformer$InstrumentingVisitor done
Event: 204.107 loading class org/gradle/internal/classpath/InstrumentingTransformer$InstrumentingMethodVisitor
Event: 204.107 loading class org/gradle/internal/classpath/InstrumentingTransformer$InstrumentingMethodVisitor done
Event: 204.108 loading class org/gradle/internal/classpath/InstrumentingBackwardsCompatibilityVisitor$BackwardCompatibilityMethodVisitor
Event: 204.108 loading class org/gradle/internal/classpath/InstrumentingBackwardsCompatibilityVisitor$BackwardCompatibilityMethodVisitor done
Event: 204.111 loading class org/gradle/internal/Pair
Event: 204.111 loading class org/gradle/internal/Pair done
Event: 204.111 loading class org/gradle/internal/Pair
Event: 204.111 loading class org/gradle/internal/Pair done
Event: 204.154 loading class org/gradle/internal/classpath/InstrumentingTransformer$LambdaFactoryDetails
Event: 204.154 loading class org/gradle/internal/classpath/InstrumentingTransformer$LambdaFactoryDetails done
Event: 204.155 loading class org/gradle/internal/classpath/InstrumentingTransformer$InstrumentingVisitor$1
Event: 204.155 loading class org/gradle/internal/classpath/InstrumentingTransformer$InstrumentingVisitor$1 done


Dynamic libraries:
0x00007ff6a3e00000 - 0x00007ff6a3e0d000 	C:\Program Files\Microsoft\jdk-11.0.20.8-hotspot\bin\java.exe
0x00007ff890b70000 - 0x00007ff890d67000 	C:\WINDOWS\SYSTEM32\ntdll.dll
0x00007ff890070000 - 0x00007ff89012d000 	C:\WINDOWS\System32\KERNEL32.DLL
0x00007ff88e250000 - 0x00007ff88e546000 	C:\WINDOWS\System32\KERNELBASE.dll
0x00007ff88e6f0000 - 0x00007ff88e7f0000 	C:\WINDOWS\System32\ucrtbase.dll
0x00007ff885a00000 - 0x00007ff885a17000 	C:\Program Files\Microsoft\jdk-11.0.20.8-hotspot\bin\jli.dll
0x00007ff8839a0000 - 0x00007ff8839b5000 	C:\Program Files\Microsoft\jdk-11.0.20.8-hotspot\bin\VCRUNTIME140.dll
0x00007ff890780000 - 0x00007ff89091e000 	C:\WINDOWS\System32\USER32.dll
0x00007ff88e550000 - 0x00007ff88e572000 	C:\WINDOWS\System32\win32u.dll
0x00007ff87b020000 - 0x00007ff87b2ba000 	C:\WINDOWS\WinSxS\amd64_microsoft.windows.common-controls_6595b64144ccf1df_6.0.19041.1110_none_60b5254171f9507e\COMCTL32.dll
0x00007ff88ffd0000 - 0x00007ff88fffc000 	C:\WINDOWS\System32\GDI32.dll
0x00007ff8905c0000 - 0x00007ff89065e000 	C:\WINDOWS\System32\msvcrt.dll
0x00007ff88e580000 - 0x00007ff88e69a000 	C:\WINDOWS\System32\gdi32full.dll
0x00007ff88ea30000 - 0x00007ff88eacd000 	C:\WINDOWS\System32\msvcp_win.dll
0x00007ff890460000 - 0x00007ff890490000 	C:\WINDOWS\System32\IMM32.DLL
0x00007ff86a6e0000 - 0x00007ff86a77b000 	C:\Program Files\Microsoft\jdk-11.0.20.8-hotspot\bin\msvcp140.dll
0x00007ff859ea0000 - 0x00007ff85aa36000 	C:\Program Files\Microsoft\jdk-11.0.20.8-hotspot\bin\server\jvm.dll
0x00007ff890320000 - 0x00007ff8903ce000 	C:\WINDOWS\System32\ADVAPI32.dll
0x00007ff88f420000 - 0x00007ff88f4bc000 	C:\WINDOWS\System32\sechost.dll
0x00007ff88fc50000 - 0x00007ff88fd76000 	C:\WINDOWS\System32\RPCRT4.dll
0x00007ff88fc40000 - 0x00007ff88fc48000 	C:\WINDOWS\System32\PSAPI.DLL
0x00007ff87b6b0000 - 0x00007ff87b6d7000 	C:\WINDOWS\SYSTEM32\WINMM.dll
0x00007ff87df70000 - 0x00007ff87df79000 	C:\WINDOWS\SYSTEM32\WSOCK32.dll
0x00007ff886d70000 - 0x00007ff886d7a000 	C:\WINDOWS\SYSTEM32\VERSION.dll
0x00007ff890000000 - 0x00007ff89006b000 	C:\WINDOWS\System32\WS2_32.dll
0x00007ff88ca90000 - 0x00007ff88caa2000 	C:\WINDOWS\SYSTEM32\kernel.appcore.dll
0x00007ff889d60000 - 0x00007ff889d70000 	C:\Program Files\Microsoft\jdk-11.0.20.8-hotspot\bin\verify.dll
0x00007ff888bf0000 - 0x00007ff888dd4000 	C:\WINDOWS\SYSTEM32\DBGHELP.DLL
0x00007ff877af0000 - 0x00007ff877b24000 	C:\WINDOWS\SYSTEM32\dbgcore.DLL
0x00007ff88eb40000 - 0x00007ff88ebc2000 	C:\WINDOWS\System32\bcryptPrimitives.dll
0x00007ff869b90000 - 0x00007ff869bb8000 	C:\Program Files\Microsoft\jdk-11.0.20.8-hotspot\bin\java.dll
0x00007ff886000000 - 0x00007ff88600a000 	C:\Program Files\Microsoft\jdk-11.0.20.8-hotspot\bin\jimage.dll
0x00007ff87eef0000 - 0x00007ff87ef08000 	C:\Program Files\Microsoft\jdk-11.0.20.8-hotspot\bin\zip.dll
0x00007ff88f4f0000 - 0x00007ff88fc34000 	C:\WINDOWS\System32\SHELL32.dll
0x00007ff88c260000 - 0x00007ff88c9fb000 	C:\WINDOWS\SYSTEM32\windows.storage.dll
0x00007ff88f040000 - 0x00007ff88f394000 	C:\WINDOWS\System32\combase.dll
0x00007ff88dbb0000 - 0x00007ff88dbdd000 	C:\WINDOWS\SYSTEM32\Wldp.dll
0x00007ff88ff20000 - 0x00007ff88ffcd000 	C:\WINDOWS\System32\SHCORE.dll
0x00007ff890260000 - 0x00007ff8902b5000 	C:\WINDOWS\System32\shlwapi.dll
0x00007ff88e180000 - 0x00007ff88e1a5000 	C:\WINDOWS\SYSTEM32\profapi.dll
0x00007ff87d1a0000 - 0x00007ff87d1b9000 	C:\Program Files\Microsoft\jdk-11.0.20.8-hotspot\bin\net.dll
0x00007ff883710000 - 0x00007ff88381a000 	C:\WINDOWS\SYSTEM32\WINHTTP.dll
0x00007ff88d990000 - 0x00007ff88d9fa000 	C:\WINDOWS\system32\mswsock.dll
0x00007ff87c8d0000 - 0x00007ff87c8e3000 	C:\Program Files\Microsoft\jdk-11.0.20.8-hotspot\bin\nio.dll
0x00007ff889a20000 - 0x00007ff889a47000 	C:\Users\LENOVO\.gradle\native\68d5fa5c4cc2d200863cafc0d521ce42e7d3e7ee720ec0a83991735586a16f82\windows-amd64\native-platform.dll
0x00007ff865ec0000 - 0x00007ff866004000 	C:\Users\LENOVO\.gradle\native\e376f236ea51e6404a007f0833ffe2c6e607c4080706a723a18a27aeea778392\windows-amd64\native-platform-file-events.dll
0x00007ff87d350000 - 0x00007ff87d359000 	C:\Program Files\Microsoft\jdk-11.0.20.8-hotspot\bin\management.dll
0x00007ff87d300000 - 0x00007ff87d30b000 	C:\Program Files\Microsoft\jdk-11.0.20.8-hotspot\bin\management_ext.dll
0x00007ff88dbf0000 - 0x00007ff88dc08000 	C:\WINDOWS\SYSTEM32\CRYPTSP.dll
0x00007ff88d250000 - 0x00007ff88d284000 	C:\WINDOWS\system32\rsaenh.dll
0x00007ff88ea00000 - 0x00007ff88ea27000 	C:\WINDOWS\System32\bcrypt.dll
0x00007ff88e140000 - 0x00007ff88e16e000 	C:\WINDOWS\SYSTEM32\USERENV.dll
0x00007ff88db20000 - 0x00007ff88db2c000 	C:\WINDOWS\SYSTEM32\CRYPTBASE.dll
0x00007ff88d650000 - 0x00007ff88d68b000 	C:\WINDOWS\SYSTEM32\IPHLPAPI.DLL
0x00007ff88f4e0000 - 0x00007ff88f4e8000 	C:\WINDOWS\System32\NSI.dll
0x00007ff884330000 - 0x00007ff884347000 	C:\WINDOWS\SYSTEM32\dhcpcsvc6.DLL
0x00007ff8855a0000 - 0x00007ff8855bd000 	C:\WINDOWS\SYSTEM32\dhcpcsvc.DLL
0x00007ff88d690000 - 0x00007ff88d75a000 	C:\WINDOWS\SYSTEM32\DNSAPI.dll
0x00007ff8860e0000 - 0x00007ff8860e7000 	C:\Program Files\Microsoft\jdk-11.0.20.8-hotspot\bin\rmi.dll

dbghelp: loaded successfully - version: 4.0.5 - missing functions: none
symbol engine: initialized successfully - sym options: 0x614 - pdb path: .;C:\Program Files\Microsoft\jdk-11.0.20.8-hotspot\bin;C:\WINDOWS\SYSTEM32;C:\WINDOWS\WinSxS\amd64_microsoft.windows.common-controls_6595b64144ccf1df_6.0.19041.1110_none_60b5254171f9507e;C:\Program Files\Microsoft\jdk-11.0.20.8-hotspot\bin\server;C:\Users\LENOVO\.gradle\native\68d5fa5c4cc2d200863cafc0d521ce42e7d3e7ee720ec0a83991735586a16f82\windows-amd64;C:\Users\LENOVO\.gradle\native\e376f236ea51e6404a007f0833ffe2c6e607c4080706a723a18a27aeea778392\windows-amd64

VM Arguments:
jvm_args: -XX:MaxMetaspaceSize=512m --add-opens=java.base/java.util=ALL-UNNAMED --add-opens=java.base/java.lang=ALL-UNNAMED --add-opens=java.base/java.lang.invoke=ALL-UNNAMED --add-opens=java.prefs/java.util.prefs=ALL-UNNAMED --add-opens=java.base/java.nio.charset=ALL-UNNAMED --add-opens=java.base/java.net=ALL-UNNAMED --add-opens=java.base/java.util.concurrent.atomic=ALL-UNNAMED -Xmx2048m -Dfile.encoding=windows-1252 -Duser.country=US -Duser.language=en -Duser.variant 
java_command: org.gradle.launcher.daemon.bootstrap.GradleDaemon 7.6
java_class_path (initial): C:\Users\LENOVO\.gradle\wrapper\dists\gradle-7.6-bin\9l9tetv7ltxvx3i8an4pb86ye\gradle-7.6\lib\gradle-launcher-7.6.jar
Launcher Type: SUN_STANDARD

[Global flags]
     intx CICompilerCount                          = 3                                         {product} {ergonomic}
   size_t CompressedClassSpaceSize                 = 528482304                                 {product} {ergonomic}
     uint ConcGCThreads                            = 1                                         {product} {ergonomic}
     uint G1ConcRefinementThreads                  = 4                                         {product} {ergonomic}
   size_t G1HeapRegionSize                         = 1048576                                   {product} {ergonomic}
    uintx GCDrainStackTargetSize                   = 64                                        {product} {ergonomic}
   size_t InitialHeapSize                          = 199229440                                 {product} {ergonomic}
   size_t MarkStackSize                            = 4194304                                   {product} {ergonomic}
   size_t MaxHeapSize                              = 2147483648                                {product} {command line}
   size_t MaxMetaspaceSize                         = 536870912                                 {product} {command line}
   size_t MaxNewSize                               = 1287651328                                {product} {ergonomic}
   size_t MinHeapDeltaBytes                        = 1048576                                   {product} {ergonomic}
    uintx NonNMethodCodeHeapSize                   = 5830732                                {pd product} {ergonomic}
    uintx NonProfiledCodeHeapSize                  = 122913754                              {pd product} {ergonomic}
    uintx ProfiledCodeHeapSize                     = 122913754                              {pd product} {ergonomic}
    uintx ReservedCodeCacheSize                    = 251658240                              {pd product} {ergonomic}
     bool SegmentedCodeCache                       = true                                      {product} {ergonomic}
     bool UseCompressedClassPointers               = true                                 {lp64_product} {ergonomic}
     bool UseCompressedOops                        = true                                 {lp64_product} {ergonomic}
     bool UseG1GC                                  = true                                      {product} {ergonomic}
     bool UseLargePagesIndividualAllocation        = false                                  {pd product} {ergonomic}

Logging:
Log output configuration:
 #0: stdout all=warning uptime,level,tags
 #1: stderr all=off uptime,level,tags

Environment Variables:
JAVA_HOME=C:\Program Files\Microsoft\jdk-11.0.20.8-hotspot\
CLASSPATH=D:\CSentryDemo\android\\gradle\wrapper\gradle-wrapper.jar
PATH=D:\CSentryDemo\node_modules\.bin;D:\node_modules\.bin;C:\Users\LENOVO\AppData\Roaming\npm\node_modules\npm\node_modules\@npmcli\run-script\lib\node-gyp-bin;C:\Program Files\Microsoft\jdk-11.0.20.8-hotspot\bin;C:\Python310\Scripts\;C:\Python310\;C:\ProgramData\Oracle\Java\javapath;C:\WINDOWS\system32;C:\WINDOWS;C:\WINDOWS\System32\Wbem;C:\WINDOWS\System32\WindowsPowerShell\v1.0\;C:\WINDOWS\System32\OpenSSH\;C:\Program Files\Microsoft VS Code\bin;C:\ProgramData\chocolatey\bin;C:\Program Files\OpenJDK\openjdk-8u312-b07\bin;C:\Program Files\Git\cmd;C:\Program Files\OpenJDK\openjdk-11.0.13_8\bin;C:\Users\LENOVO\AppData\Local\Android\Sdk\platform-tools;C:\flutter\bin;C:\Users\LENOVO\AppData\Local\Pub\Cache\bin;C:\flutter\.pub-cache\bin;C:\flutter\.pub-cache;C:\Users\LENOVO\AppData\Roaming\npm;C:\Program Files\nodejs\;C:\Users\LENOVO\AppData\Local\Microsoft\WindowsApps;C:\Program Files (x86)\Java\jdk1.8.0_121\bin;C:\flutter\bin;C:\Users\LENOVO\AppData\Local\Android\Sdk;C:\Users\LENOVO\AppData\Local\Pub\Cache\bin;C:\Users\LENOVO\AppData\Roaming\npm;D:\CSentryDemo\node_modules\.bin
USERNAME=LENOVO
LANG=en_US.UTF-8
OS=Windows_NT
PROCESSOR_IDENTIFIER=Intel64 Family 6 Model 78 Stepping 3, GenuineIntel
TMP=C:\Users\LENOVO\AppData\Local\Temp
TEMP=C:\Users\LENOVO\AppData\Local\Temp



---------------  S Y S T E M  ---------------

OS: Windows 10 , 64 bit Build 19041 (10.0.19041.3570)
OS uptime: 0 days 5:21 hours
Hyper-V role detected

CPU:total 4 (initial active 4) (2 cores per cpu, 2 threads per core) family 6 model 78 stepping 3 microcode 0xf0, cmov, cx8, fxsr, mmx, sse, sse2, sse3, ssse3, sse4.1, sse4.2, popcnt, avx, avx2, aes, clmul, erms, rtm, 3dnowpref, lzcnt, ht, tsc, tscinvbit, bmi1, bmi2, adx, fma

Memory: 4k page, system-wide physical 12143M (136M free)
TotalPageFile size 16143M (AvailPageFile size 4M)
current process WorkingSet (physical memory assigned to process): 353M, peak: 355M
current process commit charge ("private bytes"): 428M, peak: 430M

vm_info: OpenJDK 64-Bit Server VM (11.0.20+8-LTS) for windows-amd64 JRE (11.0.20+8-LTS), built on Jul  7 2023 17:05:21 by "MicrosoftCorporation" with MS VC++ 15.9 (VS2017)

END.
