#
# There is insufficient memory for the Java Runtime Environment to continue.
# Native memory allocation (malloc) failed to allocate 1225936 bytes for Chunk::new
# Possible reasons:
#   The system is out of physical RAM or swap space
#   The process is running with CompressedOops enabled, and the Java Heap may be blocking the growth of the native heap
# Possible solutions:
#   Reduce memory load on the system
#   Increase physical memory or swap space
#   Check if swap backing store is full
#   Decrease Java heap size (-Xmx/-Xms)
#   Decrease number of Java threads
#   Decrease Java thread stack sizes (-Xss)
#   Set larger code cache with -XX:ReservedCodeCacheSize=
#   JVM is running with Unscaled Compressed Oops mode in which the Java heap is
#     placed in the first 4GB address space. The Java Heap base address is the
#     maximum limit for the native heap growth. Please use -XX:HeapBaseMinAddress
#     to set the Java Heap base and to place the Java Heap above 4GB virtual address.
# This output file may be truncated or incomplete.
#
#  Out of Memory Error (arena.cpp:197), pid=6440, tid=3204
#
# JRE version: OpenJDK Runtime Environment Microsoft-8035250 (11.0.20+8) (build 11.0.20+8-LTS)
# Java VM: OpenJDK 64-Bit Server VM Microsoft-8035250 (11.0.20+8-LTS, mixed mode, tiered, compressed oops, g1 gc, windows-amd64)
# No core dump will be written. Minidumps are not enabled by default on client versions of Windows
#

---------------  S U M M A R Y ------------

Command Line: -XX:MaxMetaspaceSize=512m --add-opens=java.base/java.util=ALL-UNNAMED --add-opens=java.base/java.lang=ALL-UNNAMED --add-opens=java.base/java.lang.invoke=ALL-UNNAMED --add-opens=java.prefs/java.util.prefs=ALL-UNNAMED --add-opens=java.base/java.nio.charset=ALL-UNNAMED --add-opens=java.base/java.net=ALL-UNNAMED --add-opens=java.base/java.util.concurrent.atomic=ALL-UNNAMED -Xmx2048m -Dfile.encoding=windows-1252 -Duser.country=US -Duser.language=en -Duser.variant org.gradle.launcher.daemon.bootstrap.GradleDaemon 8.0.1

Host: Intel(R) Core(TM) i7-6600U CPU @ 2.60GHz, 4 cores, 11G,  Windows 10 , 64 bit Build 19041 (10.0.19041.3570)
Time: Mon Oct 23 18:14:16 2023 Pakistan Standard Time elapsed time: 22.723967 seconds (0d 0h 0m 22s)

---------------  T H R E A D  ---------------

Current thread (0x0000024753cab800):  JavaThread "C2 CompilerThread0" daemon [_thread_in_native, id=3204, stack(0x000000c7bb000000,0x000000c7bb100000)]


Current CompileTask:
C2:  22724 3703       4       org.codehaus.groovy.runtime.metaclass.MetaMethodIndex::addMethodToList (131 bytes)

Stack: [0x000000c7bb000000,0x000000c7bb100000]
Native frames: (J=compiled Java code, j=interpreted, Vv=VM code, C=native code)
V  [jvm.dll+0x62e9da]
V  [jvm.dll+0x7bc4e9]
V  [jvm.dll+0x7bdbd8]
V  [jvm.dll+0x7be2b3]
V  [jvm.dll+0x2505a8]
V  [jvm.dll+0xc263c]
V  [jvm.dll+0xc2bfc]
V  [jvm.dll+0x35fdc7]
V  [jvm.dll+0x19f009]
V  [jvm.dll+0x2098c5]
V  [jvm.dll+0x20893d]
V  [jvm.dll+0x18a7de]
V  [jvm.dll+0x2181ec]
V  [jvm.dll+0x21642b]
V  [jvm.dll+0x77efc0]
V  [jvm.dll+0x777db4]
V  [jvm.dll+0x62d845]
C  [ucrtbase.dll+0x21bb2]
C  [KERNEL32.DLL+0x17344]
C  [ntdll.dll+0x526b1]


---------------  P R O C E S S  ---------------

Threads class SMR info:
_java_thread_list=0x0000024757a81200, length=35, elements={
0x000002473540f800, 0x0000024753c99000, 0x0000024753c9b000, 0x0000024753ca6800,
0x0000024753ca7800, 0x0000024753ca8800, 0x0000024753cab800, 0x0000024753cae800,
0x0000024754662000, 0x0000024754761000, 0x0000024757900800, 0x0000024757019800,
0x0000024755a7e800, 0x00000247569a1000, 0x000002475577b000, 0x0000024755ca9800,
0x0000024755554800, 0x00000247556bc000, 0x0000024755938800, 0x000002475593a800,
0x000002475549a000, 0x0000024755498800, 0x0000024755499000, 0x000002475549b000,
0x0000024756b21000, 0x0000024756b1d000, 0x0000024756b1d800, 0x0000024756b1f800,
0x0000024756b22800, 0x0000024756b22000, 0x0000024756b23800, 0x0000024756b26000,
0x0000024756b25000, 0x0000024756b28800, 0x0000024756b29000
}

Java Threads: ( => current thread )
  0x000002473540f800 JavaThread "main" [_thread_blocked, id=7912, stack(0x000000c7ba400000,0x000000c7ba500000)]
  0x0000024753c99000 JavaThread "Reference Handler" daemon [_thread_blocked, id=2128, stack(0x000000c7bab00000,0x000000c7bac00000)]
  0x0000024753c9b000 JavaThread "Finalizer" daemon [_thread_blocked, id=11144, stack(0x000000c7bac00000,0x000000c7bad00000)]
  0x0000024753ca6800 JavaThread "Signal Dispatcher" daemon [_thread_blocked, id=3308, stack(0x000000c7bad00000,0x000000c7bae00000)]
  0x0000024753ca7800 JavaThread "Attach Listener" daemon [_thread_blocked, id=3648, stack(0x000000c7bae00000,0x000000c7baf00000)]
  0x0000024753ca8800 JavaThread "Service Thread" daemon [_thread_blocked, id=12504, stack(0x000000c7baf00000,0x000000c7bb000000)]
=>0x0000024753cab800 JavaThread "C2 CompilerThread0" daemon [_thread_in_native, id=3204, stack(0x000000c7bb000000,0x000000c7bb100000)]
  0x0000024753cae800 JavaThread "C1 CompilerThread0" daemon [_thread_blocked, id=13232, stack(0x000000c7bb100000,0x000000c7bb200000)]
  0x0000024754662000 JavaThread "Sweeper thread" daemon [_thread_blocked, id=12624, stack(0x000000c7bb200000,0x000000c7bb300000)]
  0x0000024754761000 JavaThread "Common-Cleaner" daemon [_thread_blocked, id=2904, stack(0x000000c7bb300000,0x000000c7bb400000)]
  0x0000024757900800 JavaThread "Daemon health stats" [_thread_blocked, id=2936, stack(0x000000c7bb800000,0x000000c7bb900000)]
  0x0000024757019800 JavaThread "Incoming local TCP Connector on port 53715" [_thread_in_native, id=11200, stack(0x000000c7bb900000,0x000000c7bba00000)]
  0x0000024755a7e800 JavaThread "Daemon periodic checks" [_thread_blocked, id=10232, stack(0x000000c7bba00000,0x000000c7bbb00000)]
  0x00000247569a1000 JavaThread "Daemon" [_thread_blocked, id=3504, stack(0x000000c7bbb00000,0x000000c7bbc00000)]
  0x000002475577b000 JavaThread "Handler for socket connection from /127.0.0.1:53715 to /127.0.0.1:53716" [_thread_in_native, id=10444, stack(0x000000c7bbc00000,0x000000c7bbd00000)]
  0x0000024755ca9800 JavaThread "Cancel handler" [_thread_blocked, id=11068, stack(0x000000c7bbd00000,0x000000c7bbe00000)]
  0x0000024755554800 JavaThread "Daemon worker" [_thread_in_vm, id=11876, stack(0x000000c7bbe00000,0x000000c7bbf00000)]
  0x00000247556bc000 JavaThread "Asynchronous log dispatcher for DefaultDaemonConnection: socket connection from /127.0.0.1:53715 to /127.0.0.1:53716" [_thread_blocked, id=5124, stack(0x000000c7bbf00000,0x000000c7bc000000)]
  0x0000024755938800 JavaThread "Stdin handler" [_thread_blocked, id=12332, stack(0x000000c7bc000000,0x000000c7bc100000)]
  0x000002475593a800 JavaThread "Daemon client event forwarder" [_thread_blocked, id=128, stack(0x000000c7bc100000,0x000000c7bc200000)]
  0x000002475549a000 JavaThread "Cache worker for journal cache (C:\Users\LENOVO\.gradle\caches\journal-1)" [_thread_blocked, id=10844, stack(0x000000c7bc200000,0x000000c7bc300000)]
  0x0000024755498800 JavaThread "File lock request listener" [_thread_in_native, id=10176, stack(0x000000c7bc300000,0x000000c7bc400000)]
  0x0000024755499000 JavaThread "Cache worker for file hash cache (C:\Users\LENOVO\.gradle\caches\8.0.1\fileHashes)" [_thread_blocked, id=7128, stack(0x000000c7bc400000,0x000000c7bc500000)]
  0x000002475549b000 JavaThread "File watcher server" daemon [_thread_in_native, id=7624, stack(0x000000c7bc500000,0x000000c7bc600000)]
  0x0000024756b21000 JavaThread "File watcher consumer" daemon [_thread_blocked, id=8076, stack(0x000000c7bc600000,0x000000c7bc700000)]
  0x0000024756b1d000 JavaThread "Cache worker for checksums cache (D:\CSentryDemo\android\.gradle\8.0.1\checksums)" [_thread_blocked, id=9040, stack(0x000000c7bc700000,0x000000c7bc800000)]
  0x0000024756b1d800 JavaThread "Cache worker for cache directory md-rule (C:\Users\LENOVO\.gradle\caches\8.0.1\md-rule)" [_thread_blocked, id=7112, stack(0x000000c7bc800000,0x000000c7bc900000)]
  0x0000024756b1f800 JavaThread "Cache worker for file content cache (C:\Users\LENOVO\.gradle\caches\8.0.1\fileContent)" [_thread_blocked, id=5512, stack(0x000000c7bc900000,0x000000c7bca00000)]
  0x0000024756b22800 JavaThread "Cache worker for file hash cache (D:\CSentryDemo\android\.gradle\8.0.1\fileHashes)" [_thread_blocked, id=2756, stack(0x000000c7bca00000,0x000000c7bcb00000)]
  0x0000024756b22000 JavaThread "Cache worker for cache directory md-supplier (C:\Users\LENOVO\.gradle\caches\8.0.1\md-supplier)" [_thread_blocked, id=8620, stack(0x000000c7bcb00000,0x000000c7bcc00000)]
  0x0000024756b23800 JavaThread "Cache worker for execution history cache (C:\Users\LENOVO\.gradle\caches\8.0.1\executionHistory)" [_thread_blocked, id=8136, stack(0x000000c7bcc00000,0x000000c7bcd00000)]
  0x0000024756b26000 JavaThread "jar transforms" [_thread_blocked, id=2056, stack(0x000000c7bcd00000,0x000000c7bce00000)]
  0x0000024756b25000 JavaThread "jar transforms Thread 2" [_thread_blocked, id=10128, stack(0x000000c7bce00000,0x000000c7bcf00000)]
  0x0000024756b28800 JavaThread "jar transforms Thread 3" [_thread_blocked, id=5528, stack(0x000000c7bcf00000,0x000000c7bd000000)]
  0x0000024756b29000 JavaThread "jar transforms Thread 4" [_thread_blocked, id=2396, stack(0x000000c7bd000000,0x000000c7bd100000)]

Other Threads:
  0x0000024753c83000 VMThread "VM Thread" [stack: 0x000000c7baa00000,0x000000c7bab00000] [id=4280]
  0x00000247547aa800 WatcherThread [stack: 0x000000c7bb400000,0x000000c7bb500000] [id=284]
  0x0000024735429000 GCTaskThread "GC Thread#0" [stack: 0x000000c7ba500000,0x000000c7ba600000] [id=5660]
  0x0000024754d37800 GCTaskThread "GC Thread#1" [stack: 0x000000c7bb500000,0x000000c7bb600000] [id=3296]
  0x0000024754d38800 GCTaskThread "GC Thread#2" [stack: 0x000000c7bb600000,0x000000c7bb700000] [id=7440]
  0x0000024754d39000 GCTaskThread "GC Thread#3" [stack: 0x000000c7bb700000,0x000000c7bb800000] [id=5352]
  0x0000024735459000 ConcurrentGCThread "G1 Main Marker" [stack: 0x000000c7ba600000,0x000000c7ba700000] [id=12796]
  0x000002473545b000 ConcurrentGCThread "G1 Conc#0" [stack: 0x000000c7ba700000,0x000000c7ba800000] [id=2696]
  0x00000247354ee000 ConcurrentGCThread "G1 Refine#0" [stack: 0x000000c7ba800000,0x000000c7ba900000] [id=8092]
  0x0000024753af3000 ConcurrentGCThread "G1 Young RemSet Sampling" [stack: 0x000000c7ba900000,0x000000c7baa00000] [id=6324]

Threads with active compile tasks:
C2 CompilerThread0    22774 3703       4       org.codehaus.groovy.runtime.metaclass.MetaMethodIndex::addMethodToList (131 bytes)

VM state:not at safepoint (normal execution)

VM Mutex/Monitor currently owned by a thread: None

Heap address: 0x0000000080000000, size: 2048 MB, Compressed Oops mode: 32-bit
Narrow klass base: 0x0000000000000000, Narrow klass shift: 3
Compressed class space size: 528482304 Address: 0x0000000100000000

Heap:
 garbage-first heap   total 194560K, used 91436K [0x0000000080000000, 0x0000000100000000)
  region size 1024K, 70 young (71680K), 6 survivors (6144K)
 Metaspace       used 41206K, capacity 42295K, committed 42576K, reserved 555008K
  class space    used 5144K, capacity 5539K, committed 5632K, reserved 516096K
Heap Regions: E=young(eden), S=young(survivor), O=old, HS=humongous(starts), HC=humongous(continues), CS=collection set, F=free, A=archive, TAMS=top-at-mark-start (previous, next)
|   0|0x0000000080000000, 0x0000000080100000, 0x0000000080100000|100%| O|  |TAMS 0x0000000080100000, 0x0000000080000000| Untracked 
|   1|0x0000000080100000, 0x0000000080200000, 0x0000000080200000|100%| O|  |TAMS 0x0000000080200000, 0x0000000080100000| Untracked 
|   2|0x0000000080200000, 0x0000000080300000, 0x0000000080300000|100%| O|  |TAMS 0x0000000080300000, 0x0000000080200000| Untracked 
|   3|0x0000000080300000, 0x0000000080400000, 0x0000000080400000|100%|HS|  |TAMS 0x0000000080400000, 0x0000000080300000| Complete 
|   4|0x0000000080400000, 0x0000000080500000, 0x0000000080500000|100%|HC|  |TAMS 0x0000000080500000, 0x0000000080400000| Complete 
|   5|0x0000000080500000, 0x0000000080600000, 0x0000000080600000|100%|HC|  |TAMS 0x0000000080600000, 0x0000000080500000| Complete 
|   6|0x0000000080600000, 0x0000000080700000, 0x0000000080700000|100%|HC|  |TAMS 0x0000000080700000, 0x0000000080600000| Complete 
|   7|0x0000000080700000, 0x0000000080800000, 0x0000000080800000|100%| O|  |TAMS 0x0000000080800000, 0x0000000080700000| Untracked 
|   8|0x0000000080800000, 0x0000000080900000, 0x0000000080900000|100%| O|  |TAMS 0x0000000080900000, 0x0000000080800000| Untracked 
|   9|0x0000000080900000, 0x0000000080a00000, 0x0000000080a00000|100%| O|  |TAMS 0x0000000080a00000, 0x0000000080900000| Untracked 
|  10|0x0000000080a00000, 0x0000000080b00000, 0x0000000080b00000|100%| O|  |TAMS 0x0000000080b00000, 0x0000000080a00000| Untracked 
|  11|0x0000000080b00000, 0x0000000080c00000, 0x0000000080c00000|100%| O|  |TAMS 0x0000000080c00000, 0x0000000080b00000| Untracked 
|  12|0x0000000080c00000, 0x0000000080d00000, 0x0000000080d00000|100%| O|  |TAMS 0x0000000080d00000, 0x0000000080c00000| Untracked 
|  13|0x0000000080d00000, 0x0000000080e00000, 0x0000000080e00000|100%| O|  |TAMS 0x0000000080e00000, 0x0000000080d00000| Untracked 
|  14|0x0000000080e00000, 0x0000000080f00000, 0x0000000080f00000|100%| O|  |TAMS 0x0000000080f00000, 0x0000000080e00000| Untracked 
|  15|0x0000000080f00000, 0x0000000081000000, 0x0000000081000000|100%| O|  |TAMS 0x0000000081000000, 0x0000000080f00000| Untracked 
|  16|0x0000000081000000, 0x0000000081100000, 0x0000000081100000|100%| O|  |TAMS 0x0000000081100000, 0x0000000081000000| Untracked 
|  17|0x0000000081100000, 0x000000008117b800, 0x0000000081200000| 48%| O|  |TAMS 0x000000008117b800, 0x0000000081100000| Untracked 
|  18|0x0000000081200000, 0x0000000081300000, 0x0000000081300000|100%|HS|  |TAMS 0x0000000081200000, 0x0000000081200000| Complete 
|  19|0x0000000081300000, 0x0000000081400000, 0x0000000081400000|100%|HS|  |TAMS 0x0000000081300000, 0x0000000081300000| Complete 
|  20|0x0000000081400000, 0x0000000081500000, 0x0000000081500000|100%|HC|  |TAMS 0x0000000081400000, 0x0000000081400000| Complete 
|  21|0x0000000081500000, 0x0000000081500000, 0x0000000081600000|  0%| F|  |TAMS 0x0000000081500000, 0x0000000081500000| Untracked 
|  22|0x0000000081600000, 0x0000000081600000, 0x0000000081700000|  0%| F|  |TAMS 0x0000000081600000, 0x0000000081600000| Untracked 
|  23|0x0000000081700000, 0x0000000081700000, 0x0000000081800000|  0%| F|  |TAMS 0x0000000081700000, 0x0000000081700000| Untracked 
|  24|0x0000000081800000, 0x0000000081800000, 0x0000000081900000|  0%| F|  |TAMS 0x0000000081800000, 0x0000000081800000| Untracked 
|  25|0x0000000081900000, 0x0000000081900000, 0x0000000081a00000|  0%| F|  |TAMS 0x0000000081900000, 0x0000000081900000| Untracked 
|  26|0x0000000081a00000, 0x0000000081a00000, 0x0000000081b00000|  0%| F|  |TAMS 0x0000000081a00000, 0x0000000081a00000| Untracked 
|  27|0x0000000081b00000, 0x0000000081b00000, 0x0000000081c00000|  0%| F|  |TAMS 0x0000000081b00000, 0x0000000081b00000| Untracked 
|  28|0x0000000081c00000, 0x0000000081c00000, 0x0000000081d00000|  0%| F|  |TAMS 0x0000000081c00000, 0x0000000081c00000| Untracked 
|  29|0x0000000081d00000, 0x0000000081d00000, 0x0000000081e00000|  0%| F|  |TAMS 0x0000000081d00000, 0x0000000081d00000| Untracked 
|  30|0x0000000081e00000, 0x0000000081e00000, 0x0000000081f00000|  0%| F|  |TAMS 0x0000000081e00000, 0x0000000081e00000| Untracked 
|  31|0x0000000081f00000, 0x0000000081f00000, 0x0000000082000000|  0%| F|  |TAMS 0x0000000081f00000, 0x0000000081f00000| Untracked 
|  32|0x0000000082000000, 0x0000000082000000, 0x0000000082100000|  0%| F|  |TAMS 0x0000000082000000, 0x0000000082000000| Untracked 
|  33|0x0000000082100000, 0x0000000082100000, 0x0000000082200000|  0%| F|  |TAMS 0x0000000082100000, 0x0000000082100000| Untracked 
|  34|0x0000000082200000, 0x0000000082200000, 0x0000000082300000|  0%| F|  |TAMS 0x0000000082200000, 0x0000000082200000| Untracked 
|  35|0x0000000082300000, 0x0000000082300000, 0x0000000082400000|  0%| F|  |TAMS 0x0000000082300000, 0x0000000082300000| Untracked 
|  36|0x0000000082400000, 0x0000000082400000, 0x0000000082500000|  0%| F|  |TAMS 0x0000000082400000, 0x0000000082400000| Untracked 
|  37|0x0000000082500000, 0x0000000082500000, 0x0000000082600000|  0%| F|  |TAMS 0x0000000082500000, 0x0000000082500000| Untracked 
|  38|0x0000000082600000, 0x0000000082600000, 0x0000000082700000|  0%| F|  |TAMS 0x0000000082600000, 0x0000000082600000| Untracked 
|  39|0x0000000082700000, 0x0000000082700000, 0x0000000082800000|  0%| F|  |TAMS 0x0000000082700000, 0x0000000082700000| Untracked 
|  40|0x0000000082800000, 0x0000000082800000, 0x0000000082900000|  0%| F|  |TAMS 0x0000000082800000, 0x0000000082800000| Untracked 
|  41|0x0000000082900000, 0x0000000082900000, 0x0000000082a00000|  0%| F|  |TAMS 0x0000000082900000, 0x0000000082900000| Untracked 
|  42|0x0000000082a00000, 0x0000000082a00000, 0x0000000082b00000|  0%| F|  |TAMS 0x0000000082a00000, 0x0000000082a00000| Untracked 
|  43|0x0000000082b00000, 0x0000000082b00000, 0x0000000082c00000|  0%| F|  |TAMS 0x0000000082b00000, 0x0000000082b00000| Untracked 
|  44|0x0000000082c00000, 0x0000000082c00000, 0x0000000082d00000|  0%| F|  |TAMS 0x0000000082c00000, 0x0000000082c00000| Untracked 
|  45|0x0000000082d00000, 0x0000000082d00000, 0x0000000082e00000|  0%| F|  |TAMS 0x0000000082d00000, 0x0000000082d00000| Untracked 
|  46|0x0000000082e00000, 0x0000000082e00000, 0x0000000082f00000|  0%| F|  |TAMS 0x0000000082e00000, 0x0000000082e00000| Untracked 
|  47|0x0000000082f00000, 0x0000000082f00000, 0x0000000083000000|  0%| F|  |TAMS 0x0000000082f00000, 0x0000000082f00000| Untracked 
|  48|0x0000000083000000, 0x0000000083000000, 0x0000000083100000|  0%| F|  |TAMS 0x0000000083000000, 0x0000000083000000| Untracked 
|  49|0x0000000083100000, 0x0000000083100000, 0x0000000083200000|  0%| F|  |TAMS 0x0000000083100000, 0x0000000083100000| Untracked 
|  50|0x0000000083200000, 0x0000000083200000, 0x0000000083300000|  0%| F|  |TAMS 0x0000000083200000, 0x0000000083200000| Untracked 
|  51|0x0000000083300000, 0x0000000083300000, 0x0000000083400000|  0%| F|  |TAMS 0x0000000083300000, 0x0000000083300000| Untracked 
|  52|0x0000000083400000, 0x0000000083400000, 0x0000000083500000|  0%| F|  |TAMS 0x0000000083400000, 0x0000000083400000| Untracked 
|  53|0x0000000083500000, 0x0000000083500000, 0x0000000083600000|  0%| F|  |TAMS 0x0000000083500000, 0x0000000083500000| Untracked 
|  54|0x0000000083600000, 0x0000000083600000, 0x0000000083700000|  0%| F|  |TAMS 0x0000000083600000, 0x0000000083600000| Untracked 
|  55|0x0000000083700000, 0x0000000083700000, 0x0000000083800000|  0%| F|  |TAMS 0x0000000083700000, 0x0000000083700000| Untracked 
|  56|0x0000000083800000, 0x0000000083800000, 0x0000000083900000|  0%| F|  |TAMS 0x0000000083800000, 0x0000000083800000| Untracked 
|  57|0x0000000083900000, 0x0000000083900000, 0x0000000083a00000|  0%| F|  |TAMS 0x0000000083900000, 0x0000000083900000| Untracked 
|  58|0x0000000083a00000, 0x0000000083a00000, 0x0000000083b00000|  0%| F|  |TAMS 0x0000000083a00000, 0x0000000083a00000| Untracked 
|  59|0x0000000083b00000, 0x0000000083b00000, 0x0000000083c00000|  0%| F|  |TAMS 0x0000000083b00000, 0x0000000083b00000| Untracked 
|  60|0x0000000083c00000, 0x0000000083c00000, 0x0000000083d00000|  0%| F|  |TAMS 0x0000000083c00000, 0x0000000083c00000| Untracked 
|  61|0x0000000083d00000, 0x0000000083d00000, 0x0000000083e00000|  0%| F|  |TAMS 0x0000000083d00000, 0x0000000083d00000| Untracked 
|  62|0x0000000083e00000, 0x0000000083e00000, 0x0000000083f00000|  0%| F|  |TAMS 0x0000000083e00000, 0x0000000083e00000| Untracked 
|  63|0x0000000083f00000, 0x0000000083f00000, 0x0000000084000000|  0%| F|  |TAMS 0x0000000083f00000, 0x0000000083f00000| Untracked 
|  64|0x0000000084000000, 0x0000000084000000, 0x0000000084100000|  0%| F|  |TAMS 0x0000000084000000, 0x0000000084000000| Untracked 
|  65|0x0000000084100000, 0x0000000084100000, 0x0000000084200000|  0%| F|  |TAMS 0x0000000084100000, 0x0000000084100000| Untracked 
|  66|0x0000000084200000, 0x0000000084200000, 0x0000000084300000|  0%| F|  |TAMS 0x0000000084200000, 0x0000000084200000| Untracked 
|  67|0x0000000084300000, 0x0000000084300000, 0x0000000084400000|  0%| F|  |TAMS 0x0000000084300000, 0x0000000084300000| Untracked 
|  68|0x0000000084400000, 0x0000000084400000, 0x0000000084500000|  0%| F|  |TAMS 0x0000000084400000, 0x0000000084400000| Untracked 
|  69|0x0000000084500000, 0x0000000084500000, 0x0000000084600000|  0%| F|  |TAMS 0x0000000084500000, 0x0000000084500000| Untracked 
|  70|0x0000000084600000, 0x0000000084600000, 0x0000000084700000|  0%| F|  |TAMS 0x0000000084600000, 0x0000000084600000| Untracked 
|  71|0x0000000084700000, 0x0000000084700000, 0x0000000084800000|  0%| F|  |TAMS 0x0000000084700000, 0x0000000084700000| Untracked 
|  72|0x0000000084800000, 0x0000000084800000, 0x0000000084900000|  0%| F|  |TAMS 0x0000000084800000, 0x0000000084800000| Untracked 
|  73|0x0000000084900000, 0x0000000084900000, 0x0000000084a00000|  0%| F|  |TAMS 0x0000000084900000, 0x0000000084900000| Untracked 
|  74|0x0000000084a00000, 0x0000000084a00000, 0x0000000084b00000|  0%| F|  |TAMS 0x0000000084a00000, 0x0000000084a00000| Untracked 
|  75|0x0000000084b00000, 0x0000000084b00000, 0x0000000084c00000|  0%| F|  |TAMS 0x0000000084b00000, 0x0000000084b00000| Untracked 
|  76|0x0000000084c00000, 0x0000000084c00000, 0x0000000084d00000|  0%| F|  |TAMS 0x0000000084c00000, 0x0000000084c00000| Untracked 
|  77|0x0000000084d00000, 0x0000000084d00000, 0x0000000084e00000|  0%| F|  |TAMS 0x0000000084d00000, 0x0000000084d00000| Untracked 
|  78|0x0000000084e00000, 0x0000000084e00000, 0x0000000084f00000|  0%| F|  |TAMS 0x0000000084e00000, 0x0000000084e00000| Untracked 
|  79|0x0000000084f00000, 0x0000000084f00000, 0x0000000085000000|  0%| F|  |TAMS 0x0000000084f00000, 0x0000000084f00000| Untracked 
|  80|0x0000000085000000, 0x0000000085000000, 0x0000000085100000|  0%| F|  |TAMS 0x0000000085000000, 0x0000000085000000| Untracked 
|  81|0x0000000085100000, 0x0000000085100000, 0x0000000085200000|  0%| F|  |TAMS 0x0000000085100000, 0x0000000085100000| Untracked 
|  82|0x0000000085200000, 0x0000000085200000, 0x0000000085300000|  0%| F|  |TAMS 0x0000000085200000, 0x0000000085200000| Untracked 
|  83|0x0000000085300000, 0x0000000085300000, 0x0000000085400000|  0%| F|  |TAMS 0x0000000085300000, 0x0000000085300000| Untracked 
|  84|0x0000000085400000, 0x0000000085400000, 0x0000000085500000|  0%| F|  |TAMS 0x0000000085400000, 0x0000000085400000| Untracked 
|  85|0x0000000085500000, 0x0000000085500000, 0x0000000085600000|  0%| F|  |TAMS 0x0000000085500000, 0x0000000085500000| Untracked 
|  86|0x0000000085600000, 0x0000000085600000, 0x0000000085700000|  0%| F|  |TAMS 0x0000000085600000, 0x0000000085600000| Untracked 
|  87|0x0000000085700000, 0x0000000085700000, 0x0000000085800000|  0%| F|  |TAMS 0x0000000085700000, 0x0000000085700000| Untracked 
|  88|0x0000000085800000, 0x0000000085800000, 0x0000000085900000|  0%| F|  |TAMS 0x0000000085800000, 0x0000000085800000| Untracked 
|  89|0x0000000085900000, 0x0000000085900000, 0x0000000085a00000|  0%| F|  |TAMS 0x0000000085900000, 0x0000000085900000| Untracked 
|  90|0x0000000085a00000, 0x0000000085a00000, 0x0000000085b00000|  0%| F|  |TAMS 0x0000000085a00000, 0x0000000085a00000| Untracked 
|  91|0x0000000085b00000, 0x0000000085b00000, 0x0000000085c00000|  0%| F|  |TAMS 0x0000000085b00000, 0x0000000085b00000| Untracked 
|  92|0x0000000085c00000, 0x0000000085c00000, 0x0000000085d00000|  0%| F|  |TAMS 0x0000000085c00000, 0x0000000085c00000| Untracked 
|  93|0x0000000085d00000, 0x0000000085d00000, 0x0000000085e00000|  0%| F|  |TAMS 0x0000000085d00000, 0x0000000085d00000| Untracked 
|  94|0x0000000085e00000, 0x0000000085e00000, 0x0000000085f00000|  0%| F|  |TAMS 0x0000000085e00000, 0x0000000085e00000| Untracked 
|  95|0x0000000085f00000, 0x0000000085f00000, 0x0000000086000000|  0%| F|  |TAMS 0x0000000085f00000, 0x0000000085f00000| Untracked 
|  96|0x0000000086000000, 0x0000000086000000, 0x0000000086100000|  0%| F|  |TAMS 0x0000000086000000, 0x0000000086000000| Untracked 
|  97|0x0000000086100000, 0x0000000086100000, 0x0000000086200000|  0%| F|  |TAMS 0x0000000086100000, 0x0000000086100000| Untracked 
|  98|0x0000000086200000, 0x0000000086200000, 0x0000000086300000|  0%| F|  |TAMS 0x0000000086200000, 0x0000000086200000| Untracked 
|  99|0x0000000086300000, 0x0000000086300000, 0x0000000086400000|  0%| F|  |TAMS 0x0000000086300000, 0x0000000086300000| Untracked 
| 100|0x0000000086400000, 0x0000000086400000, 0x0000000086500000|  0%| F|  |TAMS 0x0000000086400000, 0x0000000086400000| Untracked 
| 101|0x0000000086500000, 0x0000000086500000, 0x0000000086600000|  0%| F|  |TAMS 0x0000000086500000, 0x0000000086500000| Untracked 
| 102|0x0000000086600000, 0x0000000086600000, 0x0000000086700000|  0%| F|  |TAMS 0x0000000086600000, 0x0000000086600000| Untracked 
| 103|0x0000000086700000, 0x0000000086700000, 0x0000000086800000|  0%| F|  |TAMS 0x0000000086700000, 0x0000000086700000| Untracked 
| 104|0x0000000086800000, 0x0000000086800000, 0x0000000086900000|  0%| F|  |TAMS 0x0000000086800000, 0x0000000086800000| Untracked 
| 105|0x0000000086900000, 0x0000000086900000, 0x0000000086a00000|  0%| F|  |TAMS 0x0000000086900000, 0x0000000086900000| Untracked 
| 106|0x0000000086a00000, 0x0000000086a00000, 0x0000000086b00000|  0%| F|  |TAMS 0x0000000086a00000, 0x0000000086a00000| Untracked 
| 107|0x0000000086b00000, 0x0000000086b00000, 0x0000000086c00000|  0%| F|  |TAMS 0x0000000086b00000, 0x0000000086b00000| Untracked 
| 108|0x0000000086c00000, 0x0000000086c00000, 0x0000000086d00000|  0%| F|  |TAMS 0x0000000086c00000, 0x0000000086c00000| Untracked 
| 109|0x0000000086d00000, 0x0000000086d00000, 0x0000000086e00000|  0%| F|  |TAMS 0x0000000086d00000, 0x0000000086d00000| Untracked 
| 110|0x0000000086e00000, 0x0000000086e00000, 0x0000000086f00000|  0%| F|  |TAMS 0x0000000086e00000, 0x0000000086e00000| Untracked 
| 111|0x0000000086f00000, 0x0000000086f00000, 0x0000000087000000|  0%| F|  |TAMS 0x0000000086f00000, 0x0000000086f00000| Untracked 
| 112|0x0000000087000000, 0x0000000087000000, 0x0000000087100000|  0%| F|  |TAMS 0x0000000087000000, 0x0000000087000000| Untracked 
| 113|0x0000000087100000, 0x0000000087100000, 0x0000000087200000|  0%| F|  |TAMS 0x0000000087100000, 0x0000000087100000| Untracked 
| 114|0x0000000087200000, 0x0000000087200000, 0x0000000087300000|  0%| F|  |TAMS 0x0000000087200000, 0x0000000087200000| Untracked 
| 115|0x0000000087300000, 0x0000000087300000, 0x0000000087400000|  0%| F|  |TAMS 0x0000000087300000, 0x0000000087300000| Untracked 
| 116|0x0000000087400000, 0x0000000087400000, 0x0000000087500000|  0%| F|  |TAMS 0x0000000087400000, 0x0000000087400000| Untracked 
| 117|0x0000000087500000, 0x0000000087500000, 0x0000000087600000|  0%| F|  |TAMS 0x0000000087500000, 0x0000000087500000| Untracked 
| 118|0x0000000087600000, 0x0000000087600000, 0x0000000087700000|  0%| F|  |TAMS 0x0000000087600000, 0x0000000087600000| Untracked 
| 119|0x0000000087700000, 0x0000000087700000, 0x0000000087800000|  0%| F|  |TAMS 0x0000000087700000, 0x0000000087700000| Untracked 
| 120|0x0000000087800000, 0x0000000087900000, 0x0000000087900000|100%| E|  |TAMS 0x0000000087800000, 0x0000000087800000| Complete 
| 121|0x0000000087900000, 0x0000000087a00000, 0x0000000087a00000|100%| E|CS|TAMS 0x0000000087900000, 0x0000000087900000| Complete 
| 122|0x0000000087a00000, 0x0000000087b00000, 0x0000000087b00000|100%| E|CS|TAMS 0x0000000087a00000, 0x0000000087a00000| Complete 
| 123|0x0000000087b00000, 0x0000000087c00000, 0x0000000087c00000|100%| E|CS|TAMS 0x0000000087b00000, 0x0000000087b00000| Complete 
| 124|0x0000000087c00000, 0x0000000087d00000, 0x0000000087d00000|100%| E|CS|TAMS 0x0000000087c00000, 0x0000000087c00000| Complete 
| 125|0x0000000087d00000, 0x0000000087e00000, 0x0000000087e00000|100%| E|CS|TAMS 0x0000000087d00000, 0x0000000087d00000| Complete 
| 126|0x0000000087e00000, 0x0000000087f00000, 0x0000000087f00000|100%| E|CS|TAMS 0x0000000087e00000, 0x0000000087e00000| Complete 
| 127|0x0000000087f00000, 0x0000000088000000, 0x0000000088000000|100%| E|CS|TAMS 0x0000000087f00000, 0x0000000087f00000| Complete 
| 128|0x0000000088000000, 0x0000000088100000, 0x0000000088100000|100%| E|CS|TAMS 0x0000000088000000, 0x0000000088000000| Complete 
| 129|0x0000000088100000, 0x0000000088200000, 0x0000000088200000|100%| E|CS|TAMS 0x0000000088100000, 0x0000000088100000| Complete 
| 130|0x0000000088200000, 0x0000000088300000, 0x0000000088300000|100%| E|CS|TAMS 0x0000000088200000, 0x0000000088200000| Complete 
| 131|0x0000000088300000, 0x0000000088400000, 0x0000000088400000|100%| E|CS|TAMS 0x0000000088300000, 0x0000000088300000| Complete 
| 132|0x0000000088400000, 0x0000000088500000, 0x0000000088500000|100%| E|CS|TAMS 0x0000000088400000, 0x0000000088400000| Complete 
| 133|0x0000000088500000, 0x0000000088600000, 0x0000000088600000|100%| E|CS|TAMS 0x0000000088500000, 0x0000000088500000| Complete 
| 134|0x0000000088600000, 0x0000000088700000, 0x0000000088700000|100%| E|CS|TAMS 0x0000000088600000, 0x0000000088600000| Complete 
| 135|0x0000000088700000, 0x0000000088800000, 0x0000000088800000|100%| E|CS|TAMS 0x0000000088700000, 0x0000000088700000| Complete 
| 136|0x0000000088800000, 0x0000000088900000, 0x0000000088900000|100%| E|CS|TAMS 0x0000000088800000, 0x0000000088800000| Complete 
| 137|0x0000000088900000, 0x0000000088a00000, 0x0000000088a00000|100%| E|CS|TAMS 0x0000000088900000, 0x0000000088900000| Complete 
| 138|0x0000000088a00000, 0x0000000088b00000, 0x0000000088b00000|100%| E|CS|TAMS 0x0000000088a00000, 0x0000000088a00000| Complete 
| 139|0x0000000088b00000, 0x0000000088c00000, 0x0000000088c00000|100%| E|CS|TAMS 0x0000000088b00000, 0x0000000088b00000| Complete 
| 140|0x0000000088c00000, 0x0000000088d00000, 0x0000000088d00000|100%| E|CS|TAMS 0x0000000088c00000, 0x0000000088c00000| Complete 
| 141|0x0000000088d00000, 0x0000000088e00000, 0x0000000088e00000|100%| E|CS|TAMS 0x0000000088d00000, 0x0000000088d00000| Complete 
| 142|0x0000000088e00000, 0x0000000088f00000, 0x0000000088f00000|100%| E|CS|TAMS 0x0000000088e00000, 0x0000000088e00000| Complete 
| 143|0x0000000088f00000, 0x0000000089000000, 0x0000000089000000|100%| E|CS|TAMS 0x0000000088f00000, 0x0000000088f00000| Complete 
| 144|0x0000000089000000, 0x0000000089100000, 0x0000000089100000|100%| E|CS|TAMS 0x0000000089000000, 0x0000000089000000| Complete 
| 145|0x0000000089100000, 0x0000000089200000, 0x0000000089200000|100%| E|CS|TAMS 0x0000000089100000, 0x0000000089100000| Complete 
| 146|0x0000000089200000, 0x0000000089300000, 0x0000000089300000|100%| E|CS|TAMS 0x0000000089200000, 0x0000000089200000| Complete 
| 147|0x0000000089300000, 0x0000000089400000, 0x0000000089400000|100%| E|CS|TAMS 0x0000000089300000, 0x0000000089300000| Complete 
| 148|0x0000000089400000, 0x0000000089500000, 0x0000000089500000|100%| E|CS|TAMS 0x0000000089400000, 0x0000000089400000| Complete 
| 149|0x0000000089500000, 0x0000000089600000, 0x0000000089600000|100%| E|CS|TAMS 0x0000000089500000, 0x0000000089500000| Complete 
| 150|0x0000000089600000, 0x0000000089700000, 0x0000000089700000|100%| E|CS|TAMS 0x0000000089600000, 0x0000000089600000| Complete 
| 151|0x0000000089700000, 0x0000000089800000, 0x0000000089800000|100%| E|CS|TAMS 0x0000000089700000, 0x0000000089700000| Complete 
| 152|0x0000000089800000, 0x0000000089900000, 0x0000000089900000|100%| E|CS|TAMS 0x0000000089800000, 0x0000000089800000| Complete 
| 153|0x0000000089900000, 0x0000000089a00000, 0x0000000089a00000|100%| E|CS|TAMS 0x0000000089900000, 0x0000000089900000| Complete 
| 154|0x0000000089a00000, 0x0000000089b00000, 0x0000000089b00000|100%| E|CS|TAMS 0x0000000089a00000, 0x0000000089a00000| Complete 
| 155|0x0000000089b00000, 0x0000000089c00000, 0x0000000089c00000|100%| E|CS|TAMS 0x0000000089b00000, 0x0000000089b00000| Complete 
| 156|0x0000000089c00000, 0x0000000089d00000, 0x0000000089d00000|100%| E|CS|TAMS 0x0000000089c00000, 0x0000000089c00000| Complete 
| 157|0x0000000089d00000, 0x0000000089e00000, 0x0000000089e00000|100%| E|CS|TAMS 0x0000000089d00000, 0x0000000089d00000| Complete 
| 158|0x0000000089e00000, 0x0000000089f00000, 0x0000000089f00000|100%| E|CS|TAMS 0x0000000089e00000, 0x0000000089e00000| Complete 
| 159|0x0000000089f00000, 0x000000008a000000, 0x000000008a000000|100%| E|CS|TAMS 0x0000000089f00000, 0x0000000089f00000| Complete 
| 160|0x000000008a000000, 0x000000008a100000, 0x000000008a100000|100%| E|CS|TAMS 0x000000008a000000, 0x000000008a000000| Complete 
| 161|0x000000008a100000, 0x000000008a200000, 0x000000008a200000|100%| E|CS|TAMS 0x000000008a100000, 0x000000008a100000| Complete 
| 162|0x000000008a200000, 0x000000008a300000, 0x000000008a300000|100%| E|CS|TAMS 0x000000008a200000, 0x000000008a200000| Complete 
| 163|0x000000008a300000, 0x000000008a400000, 0x000000008a400000|100%| E|CS|TAMS 0x000000008a300000, 0x000000008a300000| Complete 
| 164|0x000000008a400000, 0x000000008a500000, 0x000000008a500000|100%| E|CS|TAMS 0x000000008a400000, 0x000000008a400000| Complete 
| 165|0x000000008a500000, 0x000000008a600000, 0x000000008a600000|100%| E|CS|TAMS 0x000000008a500000, 0x000000008a500000| Complete 
| 166|0x000000008a600000, 0x000000008a700000, 0x000000008a700000|100%| E|CS|TAMS 0x000000008a600000, 0x000000008a600000| Complete 
| 167|0x000000008a700000, 0x000000008a800000, 0x000000008a800000|100%| E|CS|TAMS 0x000000008a700000, 0x000000008a700000| Complete 
| 168|0x000000008a800000, 0x000000008a900000, 0x000000008a900000|100%| E|CS|TAMS 0x000000008a800000, 0x000000008a800000| Complete 
| 169|0x000000008a900000, 0x000000008a9cfa08, 0x000000008aa00000| 81%| S|CS|TAMS 0x000000008a900000, 0x000000008a900000| Complete 
| 170|0x000000008aa00000, 0x000000008ab00000, 0x000000008ab00000|100%| S|CS|TAMS 0x000000008aa00000, 0x000000008aa00000| Complete 
| 171|0x000000008ab00000, 0x000000008ac00000, 0x000000008ac00000|100%| S|CS|TAMS 0x000000008ab00000, 0x000000008ab00000| Complete 
| 172|0x000000008ac00000, 0x000000008ad00000, 0x000000008ad00000|100%| S|CS|TAMS 0x000000008ac00000, 0x000000008ac00000| Complete 
| 173|0x000000008ad00000, 0x000000008ae00000, 0x000000008ae00000|100%| S|CS|TAMS 0x000000008ad00000, 0x000000008ad00000| Complete 
| 174|0x000000008ae00000, 0x000000008af00000, 0x000000008af00000|100%| S|CS|TAMS 0x000000008ae00000, 0x000000008ae00000| Complete 
| 175|0x000000008af00000, 0x000000008b000000, 0x000000008b000000|100%| E|CS|TAMS 0x000000008af00000, 0x000000008af00000| Complete 
| 176|0x000000008b000000, 0x000000008b100000, 0x000000008b100000|100%| E|CS|TAMS 0x000000008b000000, 0x000000008b000000| Complete 
| 177|0x000000008b100000, 0x000000008b200000, 0x000000008b200000|100%| E|CS|TAMS 0x000000008b100000, 0x000000008b100000| Complete 
| 178|0x000000008b200000, 0x000000008b300000, 0x000000008b300000|100%| E|CS|TAMS 0x000000008b200000, 0x000000008b200000| Complete 
| 179|0x000000008b300000, 0x000000008b400000, 0x000000008b400000|100%| E|CS|TAMS 0x000000008b300000, 0x000000008b300000| Complete 
| 180|0x000000008b400000, 0x000000008b500000, 0x000000008b500000|100%| E|CS|TAMS 0x000000008b400000, 0x000000008b400000| Complete 
| 181|0x000000008b500000, 0x000000008b600000, 0x000000008b600000|100%| E|CS|TAMS 0x000000008b500000, 0x000000008b500000| Complete 
| 182|0x000000008b600000, 0x000000008b700000, 0x000000008b700000|100%| E|CS|TAMS 0x000000008b600000, 0x000000008b600000| Complete 
| 183|0x000000008b700000, 0x000000008b800000, 0x000000008b800000|100%| E|CS|TAMS 0x000000008b700000, 0x000000008b700000| Complete 
| 184|0x000000008b800000, 0x000000008b900000, 0x000000008b900000|100%| E|CS|TAMS 0x000000008b800000, 0x000000008b800000| Complete 
| 185|0x000000008b900000, 0x000000008ba00000, 0x000000008ba00000|100%| E|CS|TAMS 0x000000008b900000, 0x000000008b900000| Complete 
| 186|0x000000008ba00000, 0x000000008bb00000, 0x000000008bb00000|100%| E|CS|TAMS 0x000000008ba00000, 0x000000008ba00000| Complete 
| 187|0x000000008bb00000, 0x000000008bc00000, 0x000000008bc00000|100%| E|CS|TAMS 0x000000008bb00000, 0x000000008bb00000| Complete 
| 188|0x000000008bc00000, 0x000000008bd00000, 0x000000008bd00000|100%| E|CS|TAMS 0x000000008bc00000, 0x000000008bc00000| Complete 
| 189|0x000000008bd00000, 0x000000008be00000, 0x000000008be00000|100%| E|CS|TAMS 0x000000008bd00000, 0x000000008bd00000| Complete 

Card table byte_map: [0x000002474cf90000,0x000002474d390000] _byte_map_base: 0x000002474cb90000

Marking Bits (Prev, Next): (CMBitMap*) 0x000002473544fa98, (CMBitMap*) 0x000002473544fad0
 Prev Bits: [0x000002474d790000, 0x000002474f790000)
 Next Bits: [0x000002474f790000, 0x0000024751790000)

Polling page: 0x00000247333b0000

Metaspace:

Usage:
  Non-class:     35.89 MB capacity,    35.25 MB ( 98%) used,   552.99 KB (  2%) free+waste,   105.38 KB ( <1%) overhead. 
      Class:      5.41 MB capacity,     5.04 MB ( 93%) used,   331.95 KB (  6%) free+waste,    50.94 KB ( <1%) overhead. 
       Both:     41.30 MB capacity,    40.29 MB ( 98%) used,   884.95 KB (  2%) free+waste,   156.31 KB ( <1%) overhead. 

Virtual space:
  Non-class space:       38.00 MB reserved,      36.08 MB ( 95%) committed 
      Class space:      504.00 MB reserved,       5.50 MB (  1%) committed 
             Both:      542.00 MB reserved,      41.58 MB (  8%) committed 

Chunk freelists:
   Non-Class:  60.00 KB
       Class:  29.00 KB
        Both:  89.00 KB

MaxMetaspaceSize: 512.00 MB
CompressedClassSpaceSize: 504.00 MB
Initial GC threshold: 20.80 MB
Current GC threshold: 58.88 MB
CDS: off

CodeHeap 'non-profiled nmethods': size=120064Kb used=1963Kb max_used=1963Kb free=118100Kb
 bounds [0x0000024745650000, 0x00000247458c0000, 0x000002474cb90000]
CodeHeap 'profiled nmethods': size=120000Kb used=8220Kb max_used=8220Kb free=111779Kb
 bounds [0x000002473e120000, 0x000002473e930000, 0x0000024745650000]
CodeHeap 'non-nmethods': size=5696Kb used=2274Kb max_used=2302Kb free=3421Kb
 bounds [0x000002473db90000, 0x000002473de00000, 0x000002473e120000]
 total_blobs=4531 nmethods=3763 adapters=680
 compilation: enabled
              stopped_count=0, restarted_count=0
 full_count=0

Compilation events (20 events):
Event: 22.566 Thread 0x0000024753cae800 3766       1       sun.reflect.generics.factory.CoreReflectionFactory::getScope (5 bytes)
Event: 22.566 Thread 0x0000024753cae800 nmethod 3766 0x000002474583a810 code [0x000002474583a9c0, 0x000002474583aa78]
Event: 22.566 Thread 0x0000024753cae800 3767       3       java.lang.reflect.Method::isSynthetic (5 bytes)
Event: 22.567 Thread 0x0000024753cae800 nmethod 3767 0x000002473e912810 code [0x000002473e9129e0, 0x000002473e912c18]
Event: 22.567 Thread 0x0000024753cae800 3768       1       sun.reflect.generics.tree.MethodTypeSignature::getFormalTypeParameters (5 bytes)
Event: 22.567 Thread 0x0000024753cae800 nmethod 3768 0x000002474583ab10 code [0x000002474583acc0, 0x000002474583ad78]
Event: 22.567 Thread 0x0000024753cae800 3769       3       sun.reflect.generics.scope.AbstractScope::lookup (66 bytes)
Event: 22.568 Thread 0x0000024753cae800 nmethod 3769 0x000002473e912d10 code [0x000002473e912f40, 0x000002473e9136e8]
Event: 22.629 Thread 0x0000024753cae800 3770       3       java.util.Collections$SingletonSet::contains (9 bytes)
Event: 22.630 Thread 0x0000024753cae800 nmethod 3770 0x000002473e913990 code [0x000002473e913b60, 0x000002473e913e48]
Event: 22.652 Thread 0x0000024753cae800 3771       3       java.util.stream.Collectors$$Lambda$62/0x0000000100161c40::accept (11 bytes)
Event: 22.653 Thread 0x0000024753cae800 nmethod 3771 0x000002473e913f10 code [0x000002473e9140e0, 0x000002473e9143a8]
Event: 22.662 Thread 0x0000024753cae800 3772       3       groovyjarjarasm.asm.ByteVector::putUTF8 (144 bytes)
Event: 22.663 Thread 0x0000024753cae800 nmethod 3772 0x000002473e914490 code [0x000002473e914720, 0x000002473e915208]
Event: 22.663 Thread 0x0000024753cae800 3773       3       groovyjarjarasm.asm.Frame::execute (2318 bytes)
Event: 22.671 Thread 0x0000024753cae800 nmethod 3773 0x000002473e915710 code [0x000002473e916480, 0x000002473e91cad8]
Event: 22.671 Thread 0x0000024753cae800 3774       3       groovyjarjarasm.asm.Symbol::<init> (38 bytes)
Event: 22.672 Thread 0x0000024753cae800 nmethod 3774 0x000002473e91e790 code [0x000002473e91e940, 0x000002473e91ebd8]
Event: 22.672 Thread 0x0000024753cae800 3775       3       groovyjarjarasm.asm.SymbolTable$Entry::<init> (17 bytes)
Event: 22.672 Thread 0x0000024753cae800 nmethod 3775 0x000002473e91ed10 code [0x000002473e91eec0, 0x000002473e91f028]

GC Heap History (10 events):
Event: 2.125 GC heap before
{Heap before GC invocations=0 (full 0):
 garbage-first heap   total 194560K, used 13312K [0x0000000080000000, 0x0000000100000000)
  region size 1024K, 14 young (14336K), 0 survivors (0K)
 Metaspace       used 6820K, capacity 7053K, committed 7424K, reserved 524288K
  class space    used 574K, capacity 650K, committed 768K, reserved 516096K
}
Event: 2.190 GC heap after
{Heap after GC invocations=1 (full 0):
 garbage-first heap   total 194560K, used 4289K [0x0000000080000000, 0x0000000100000000)
  region size 1024K, 2 young (2048K), 2 survivors (2048K)
 Metaspace       used 6820K, capacity 7053K, committed 7424K, reserved 524288K
  class space    used 574K, capacity 650K, committed 768K, reserved 516096K
}
Event: 13.395 GC heap before
{Heap before GC invocations=1 (full 0):
 garbage-first heap   total 194560K, used 104641K [0x0000000080000000, 0x0000000100000000)
  region size 1024K, 97 young (99328K), 2 survivors (2048K)
 Metaspace       used 20710K, capacity 21127K, committed 21296K, reserved 536576K
  class space    used 2437K, capacity 2607K, committed 2688K, reserved 516096K
}
Event: 13.421 GC heap after
{Heap after GC invocations=2 (full 0):
 garbage-first heap   total 194560K, used 18007K [0x0000000080000000, 0x0000000100000000)
  region size 1024K, 12 young (12288K), 12 survivors (12288K)
 Metaspace       used 20710K, capacity 21127K, committed 21296K, reserved 536576K
  class space    used 2437K, capacity 2607K, committed 2688K, reserved 516096K
}
Event: 15.014 GC heap before
{Heap before GC invocations=3 (full 0):
 garbage-first heap   total 194560K, used 53847K [0x0000000080000000, 0x0000000100000000)
  region size 1024K, 47 young (48128K), 12 survivors (12288K)
 Metaspace       used 24359K, capacity 24921K, committed 25264K, reserved 538624K
  class space    used 3010K, capacity 3237K, committed 3328K, reserved 516096K
}
Event: 15.032 GC heap after
{Heap after GC invocations=4 (full 0):
 garbage-first heap   total 194560K, used 19369K [0x0000000080000000, 0x0000000100000000)
  region size 1024K, 2 young (2048K), 2 survivors (2048K)
 Metaspace       used 24359K, capacity 24921K, committed 25264K, reserved 538624K
  class space    used 3010K, capacity 3237K, committed 3328K, reserved 516096K
}
Event: 18.418 GC heap before
{Heap before GC invocations=4 (full 0):
 garbage-first heap   total 194560K, used 99241K [0x0000000080000000, 0x0000000100000000)
  region size 1024K, 80 young (81920K), 2 survivors (2048K)
 Metaspace       used 31613K, capacity 32312K, committed 32560K, reserved 544768K
  class space    used 4132K, capacity 4429K, committed 4480K, reserved 516096K
}
Event: 18.427 GC heap after
{Heap after GC invocations=5 (full 0):
 garbage-first heap   total 194560K, used 21911K [0x0000000080000000, 0x0000000100000000)
  region size 1024K, 4 young (4096K), 4 survivors (4096K)
 Metaspace       used 31613K, capacity 32312K, committed 32560K, reserved 544768K
  class space    used 4132K, capacity 4429K, committed 4480K, reserved 516096K
}
Event: 19.641 GC heap before
{Heap before GC invocations=5 (full 0):
 garbage-first heap   total 194560K, used 36247K [0x0000000080000000, 0x0000000100000000)
  region size 1024K, 19 young (19456K), 4 survivors (4096K)
 Metaspace       used 34968K, capacity 35784K, committed 35920K, reserved 548864K
  class space    used 4443K, capacity 4780K, committed 4864K, reserved 516096K
}
Event: 19.664 GC heap after
{Heap after GC invocations=6 (full 0):
 garbage-first heap   total 194560K, used 23852K [0x0000000080000000, 0x0000000100000000)
  region size 1024K, 6 young (6144K), 6 survivors (6144K)
 Metaspace       used 34968K, capacity 35784K, committed 35920K, reserved 548864K
  class space    used 4443K, capacity 4780K, committed 4864K, reserved 516096K
}

Deoptimization events (20 events):
Event: 21.883 Thread 0x0000024755a7e800 Uncommon trap: trap_request=0xffffff4d fr.pc=0x000002474568ea90 relative=0x0000000000000550
Event: 21.883 Thread 0x0000024755a7e800 Uncommon trap: reason=unstable_if action=reinterpret pc=0x000002474568ea90 method=java.lang.AbstractStringBuilder.append(Ljava/lang/String;)Ljava/lang/AbstractStringBuilder; @ 1 c2
Event: 21.883 Thread 0x0000024755a7e800 DEOPT PACKING pc=0x000002474568ea90 sp=0x000000c7bbafe5e0
Event: 21.883 Thread 0x0000024755a7e800 DEOPT UNPACKING pc=0x000002473dbda1af sp=0x000000c7bbafe560 mode 2
Event: 21.884 Thread 0x0000024755a7e800 Uncommon trap: trap_request=0xffffff4d fr.pc=0x00000247456860e4 relative=0x0000000000000524
Event: 21.884 Thread 0x0000024755a7e800 Uncommon trap: reason=unstable_if action=reinterpret pc=0x00000247456860e4 method=java.lang.AbstractStringBuilder.append(Ljava/lang/String;)Ljava/lang/AbstractStringBuilder; @ 1 c2
Event: 21.884 Thread 0x0000024755a7e800 DEOPT PACKING pc=0x00000247456860e4 sp=0x000000c7bbafe580
Event: 21.884 Thread 0x0000024755a7e800 DEOPT UNPACKING pc=0x000002473dbda1af sp=0x000000c7bbafe568 mode 2
Event: 22.028 Thread 0x0000024755554800 DEOPT PACKING pc=0x000002473e4d1ae8 sp=0x000000c7bbef9bd0
Event: 22.028 Thread 0x0000024755554800 DEOPT UNPACKING pc=0x000002473dbda95e sp=0x000000c7bbef90d8 mode 0
Event: 22.040 Thread 0x0000024755554800 Uncommon trap: trap_request=0xffffffde fr.pc=0x00000247458010fc relative=0x000000000000037c
Event: 22.042 Thread 0x0000024755554800 Uncommon trap: reason=class_check action=maybe_recompile pc=0x00000247458010fc method=java.util.regex.Pattern$Start.match(Ljava/util/regex/Matcher;ILjava/lang/CharSequence;)Z @ 44 c2
Event: 22.042 Thread 0x0000024755554800 DEOPT PACKING pc=0x00000247458010fc sp=0x000000c7bbef79b0
Event: 22.042 Thread 0x0000024755554800 DEOPT UNPACKING pc=0x000002473dbda1af sp=0x000000c7bbef7878 mode 2
Event: 22.214 Thread 0x0000024755554800 DEOPT PACKING pc=0x000002473e879474 sp=0x000000c7bbef80b0
Event: 22.214 Thread 0x0000024755554800 DEOPT UNPACKING pc=0x000002473dbda95e sp=0x000000c7bbef7650 mode 0
Event: 22.660 Thread 0x0000024755554800 Uncommon trap: trap_request=0xffffff4d fr.pc=0x000002474572199c relative=0x00000000000013dc
Event: 22.661 Thread 0x0000024755554800 Uncommon trap: reason=unstable_if action=reinterpret pc=0x000002474572199c method=java.util.concurrent.ConcurrentHashMap.putVal(Ljava/lang/Object;Ljava/lang/Object;Z)Ljava/lang/Object; @ 231 c2
Event: 22.661 Thread 0x0000024755554800 DEOPT PACKING pc=0x000002474572199c sp=0x000000c7bbef69e0
Event: 22.661 Thread 0x0000024755554800 DEOPT UNPACKING pc=0x000002473dbda1af sp=0x000000c7bbef6960 mode 2

Classes redefined (0 events):
No events

Internal exceptions (20 events):
Event: 22.354 Thread 0x0000024755554800 Exception <a 'java/lang/ClassNotFoundException'{0x00000000884dae30}: groovy/lang/GStringBeanInfo> (0x00000000884dae30) thrown at [s\src\hotspot\share\classfile\systemDictionary.cpp, line 230]
Event: 22.359 Thread 0x0000024755554800 Exception <a 'java/lang/ClassNotFoundException'{0x0000000088310948}: groovy/lang/GStringCustomizer> (0x0000000088310948) thrown at [s\src\hotspot\share\classfile\systemDictionary.cpp, line 230]
Event: 22.362 Thread 0x0000024755554800 Exception <a 'java/lang/ClassNotFoundException'{0x000000008834fec8}: groovy/lang/GString$1Customizer> (0x000000008834fec8) thrown at [s\src\hotspot\share\classfile\systemDictionary.cpp, line 230]
Event: 22.397 Thread 0x0000024755554800 Exception <a 'java/lang/ClassNotFoundException'{0x0000000087f08668}: org/codehaus/groovy/runtime/GStringImplBeanInfo> (0x0000000087f08668) thrown at [s\src\hotspot\share\classfile\systemDictionary.cpp, line 230]
Event: 22.424 Thread 0x0000024755554800 Exception <a 'java/lang/ClassNotFoundException'{0x0000000087dbb1e8}: org/codehaus/groovy/runtime/GStringImplCustomizer> (0x0000000087dbb1e8) thrown at [s\src\hotspot\share\classfile\systemDictionary.cpp, line 230]
Event: 22.434 Thread 0x0000024755554800 Exception <a 'java/lang/ClassNotFoundException'{0x0000000087c18bf0}: ReactNativeModulesBeanInfo> (0x0000000087c18bf0) thrown at [s\src\hotspot\share\classfile\systemDictionary.cpp, line 230]
Event: 22.434 Thread 0x0000024755554800 Exception <a 'java/lang/ClassNotFoundException'{0x0000000087c20070}: ReactNativeModulesCustomizer> (0x0000000087c20070) thrown at [s\src\hotspot\share\classfile\systemDictionary.cpp, line 230]
Event: 22.542 Thread 0x0000024755554800 Exception <a 'java/lang/ClassNotFoundException'{0x0000000087b90528}: java/util/ArrayListBeanInfo> (0x0000000087b90528) thrown at [s\src\hotspot\share\classfile\systemDictionary.cpp, line 230]
Event: 22.543 Thread 0x0000024755554800 Exception <a 'java/lang/ClassNotFoundException'{0x0000000087b96040}: java/util/AbstractListBeanInfo> (0x0000000087b96040) thrown at [s\src\hotspot\share\classfile\systemDictionary.cpp, line 230]
Event: 22.543 Thread 0x0000024755554800 Exception <a 'java/lang/ClassNotFoundException'{0x0000000087b9ba70}: java/util/AbstractCollectionBeanInfo> (0x0000000087b9ba70) thrown at [s\src\hotspot\share\classfile\systemDictionary.cpp, line 230]
Event: 22.544 Thread 0x0000024755554800 Exception <a 'java/lang/ClassNotFoundException'{0x0000000087ba15a0}: java/util/AbstractCollectionCustomizer> (0x0000000087ba15a0) thrown at [s\src\hotspot\share\classfile\systemDictionary.cpp, line 230]
Event: 22.546 Thread 0x0000024755554800 Exception <a 'java/lang/ClassNotFoundException'{0x0000000087bb0238}: java/util/AbstractListCustomizer> (0x0000000087bb0238) thrown at [s\src\hotspot\share\classfile\systemDictionary.cpp, line 230]
Event: 22.548 Thread 0x0000024755554800 Exception <a 'java/lang/ClassNotFoundException'{0x0000000087bc0d20}: java/util/ArrayListCustomizer> (0x0000000087bc0d20) thrown at [s\src\hotspot\share\classfile\systemDictionary.cpp, line 230]
Event: 22.561 Thread 0x0000024755554800 Exception <a 'java/lang/ClassNotFoundException'{0x0000000087a3db78}: java/util/HashMapBeanInfo> (0x0000000087a3db78) thrown at [s\src\hotspot\share\classfile\systemDictionary.cpp, line 230]
Event: 22.561 Thread 0x0000024755554800 Exception <a 'java/lang/ClassNotFoundException'{0x0000000087a43560}: java/util/AbstractMapBeanInfo> (0x0000000087a43560) thrown at [s\src\hotspot\share\classfile\systemDictionary.cpp, line 230]
Event: 22.561 Thread 0x0000024755554800 Exception <a 'java/lang/ClassNotFoundException'{0x0000000087a48fc8}: java/util/AbstractMapCustomizer> (0x0000000087a48fc8) thrown at [s\src\hotspot\share\classfile\systemDictionary.cpp, line 230]
Event: 22.564 Thread 0x0000024755554800 Exception <a 'java/lang/ClassNotFoundException'{0x0000000087a585e8}: java/util/HashMapCustomizer> (0x0000000087a585e8) thrown at [s\src\hotspot\share\classfile\systemDictionary.cpp, line 230]
Event: 22.665 Thread 0x0000024755554800 Exception <a 'java/lang/ClassNotFoundException'{0x000000008790c1e8}: java/lang/RuntimeBeanInfo> (0x000000008790c1e8) thrown at [s\src\hotspot\share\classfile\systemDictionary.cpp, line 230]
Event: 22.666 Thread 0x0000024755554800 Exception <a 'java/lang/ClassNotFoundException'{0x0000000087911ba0}: java/lang/RuntimeCustomizer> (0x0000000087911ba0) thrown at [s\src\hotspot\share\classfile\systemDictionary.cpp, line 230]
Event: 22.688 Thread 0x0000024755554800 Exception <a 'java/io/IOException'{0x0000000087939b28}: CreateProcess error=1455, The paging file is too small for this operation to complete> (0x0000000087939b28) thrown at [s\src\hotspot\share\prims\jni.cpp, line 638]

Events (20 events):
Event: 22.665 loading class java/lang/RuntimeBeanInfo
Event: 22.665 loading class java/lang/RuntimeBeanInfo done
Event: 22.665 loading class java/lang/RuntimeBeanInfo
Event: 22.665 loading class java/lang/RuntimeBeanInfo done
Event: 22.665 loading class java/lang/RuntimeCustomizer
Event: 22.665 loading class java/lang/RuntimeCustomizer done
Event: 22.665 loading class java/lang/RuntimeCustomizer
Event: 22.665 loading class java/lang/RuntimeCustomizer done
Event: 22.666 loading class org/codehaus/groovy/runtime/callsite/StaticMetaMethodSite
Event: 22.666 loading class org/codehaus/groovy/runtime/callsite/StaticMetaMethodSite done
Event: 22.669 loading class groovy/lang/GroovyRuntimeException
Event: 22.669 loading class groovy/lang/GroovyRuntimeException done
Event: 22.675 loading class org/gradle/internal/classpath/intercept/CallInterceptorsSet$DecoratingCallSite$1
Event: 22.675 loading class org/gradle/internal/classpath/intercept/CallInterceptorsSet$DecoratingCallSite$1 done
Event: 22.678 loading class org/gradle/internal/classpath/intercept/InvocationUtils
Event: 22.678 loading class org/gradle/internal/classpath/intercept/InvocationUtils done
Event: 22.679 loading class java/lang/ProcessImpl
Event: 22.681 loading class java/lang/ProcessImpl done
Event: 22.689 loading class groovy/runtime/metaclass/org/gradle/internal/logging/slf4j/OutputEventListenerBackedLoggerMetaClass
Event: 22.689 loading class groovy/runtime/metaclass/org/gradle/internal/logging/slf4j/OutputEventListenerBackedLoggerMetaClass done


Dynamic libraries:
0x00007ff6a3e00000 - 0x00007ff6a3e0d000 	C:\Program Files\Microsoft\jdk-11.0.20.8-hotspot\bin\java.exe
0x00007ff890b70000 - 0x00007ff890d67000 	C:\WINDOWS\SYSTEM32\ntdll.dll
0x00007ff890070000 - 0x00007ff89012d000 	C:\WINDOWS\System32\KERNEL32.DLL
0x00007ff88e250000 - 0x00007ff88e546000 	C:\WINDOWS\System32\KERNELBASE.dll
0x00007ff88e6f0000 - 0x00007ff88e7f0000 	C:\WINDOWS\System32\ucrtbase.dll
0x00007ff885a00000 - 0x00007ff885a17000 	C:\Program Files\Microsoft\jdk-11.0.20.8-hotspot\bin\jli.dll
0x00007ff890780000 - 0x00007ff89091e000 	C:\WINDOWS\System32\USER32.dll
0x00007ff88e550000 - 0x00007ff88e572000 	C:\WINDOWS\System32\win32u.dll
0x00007ff88ffd0000 - 0x00007ff88fffc000 	C:\WINDOWS\System32\GDI32.dll
0x00007ff88e580000 - 0x00007ff88e69a000 	C:\WINDOWS\System32\gdi32full.dll
0x00007ff8839a0000 - 0x00007ff8839b5000 	C:\Program Files\Microsoft\jdk-11.0.20.8-hotspot\bin\VCRUNTIME140.dll
0x00007ff88ea30000 - 0x00007ff88eacd000 	C:\WINDOWS\System32\msvcp_win.dll
0x00007ff87b020000 - 0x00007ff87b2ba000 	C:\WINDOWS\WinSxS\amd64_microsoft.windows.common-controls_6595b64144ccf1df_6.0.19041.1110_none_60b5254171f9507e\COMCTL32.dll
0x00007ff8905c0000 - 0x00007ff89065e000 	C:\WINDOWS\System32\msvcrt.dll
0x00007ff890460000 - 0x00007ff890490000 	C:\WINDOWS\System32\IMM32.DLL
0x00007ff86a6e0000 - 0x00007ff86a77b000 	C:\Program Files\Microsoft\jdk-11.0.20.8-hotspot\bin\msvcp140.dll
0x00007ff859ea0000 - 0x00007ff85aa36000 	C:\Program Files\Microsoft\jdk-11.0.20.8-hotspot\bin\server\jvm.dll
0x00007ff890320000 - 0x00007ff8903ce000 	C:\WINDOWS\System32\ADVAPI32.dll
0x00007ff88f420000 - 0x00007ff88f4bc000 	C:\WINDOWS\System32\sechost.dll
0x00007ff88fc50000 - 0x00007ff88fd76000 	C:\WINDOWS\System32\RPCRT4.dll
0x00007ff88fc40000 - 0x00007ff88fc48000 	C:\WINDOWS\System32\PSAPI.DLL
0x00007ff87df70000 - 0x00007ff87df79000 	C:\WINDOWS\SYSTEM32\WSOCK32.dll
0x00007ff87b6b0000 - 0x00007ff87b6d7000 	C:\WINDOWS\SYSTEM32\WINMM.dll
0x00007ff890000000 - 0x00007ff89006b000 	C:\WINDOWS\System32\WS2_32.dll
0x00007ff886d70000 - 0x00007ff886d7a000 	C:\WINDOWS\SYSTEM32\VERSION.dll
0x00007ff88ca90000 - 0x00007ff88caa2000 	C:\WINDOWS\SYSTEM32\kernel.appcore.dll
0x00007ff889d60000 - 0x00007ff889d70000 	C:\Program Files\Microsoft\jdk-11.0.20.8-hotspot\bin\verify.dll
0x00007ff888bf0000 - 0x00007ff888dd4000 	C:\WINDOWS\SYSTEM32\DBGHELP.DLL
0x00007ff877af0000 - 0x00007ff877b24000 	C:\WINDOWS\SYSTEM32\dbgcore.DLL
0x00007ff88eb40000 - 0x00007ff88ebc2000 	C:\WINDOWS\System32\bcryptPrimitives.dll
0x00007ff869b90000 - 0x00007ff869bb8000 	C:\Program Files\Microsoft\jdk-11.0.20.8-hotspot\bin\java.dll
0x00007ff886000000 - 0x00007ff88600a000 	C:\Program Files\Microsoft\jdk-11.0.20.8-hotspot\bin\jimage.dll
0x00007ff87eef0000 - 0x00007ff87ef08000 	C:\Program Files\Microsoft\jdk-11.0.20.8-hotspot\bin\zip.dll
0x00007ff88f4f0000 - 0x00007ff88fc34000 	C:\WINDOWS\System32\SHELL32.dll
0x00007ff88c260000 - 0x00007ff88c9fb000 	C:\WINDOWS\SYSTEM32\windows.storage.dll
0x00007ff88f040000 - 0x00007ff88f394000 	C:\WINDOWS\System32\combase.dll
0x00007ff88dbb0000 - 0x00007ff88dbdd000 	C:\WINDOWS\SYSTEM32\Wldp.dll
0x00007ff88ff20000 - 0x00007ff88ffcd000 	C:\WINDOWS\System32\SHCORE.dll
0x00007ff890260000 - 0x00007ff8902b5000 	C:\WINDOWS\System32\shlwapi.dll
0x00007ff88e180000 - 0x00007ff88e1a5000 	C:\WINDOWS\SYSTEM32\profapi.dll
0x00007ff87d1a0000 - 0x00007ff87d1b9000 	C:\Program Files\Microsoft\jdk-11.0.20.8-hotspot\bin\net.dll
0x00007ff883710000 - 0x00007ff88381a000 	C:\WINDOWS\SYSTEM32\WINHTTP.dll
0x00007ff88d990000 - 0x00007ff88d9fa000 	C:\WINDOWS\system32\mswsock.dll
0x00007ff87c8d0000 - 0x00007ff87c8e3000 	C:\Program Files\Microsoft\jdk-11.0.20.8-hotspot\bin\nio.dll
0x00007ff889a20000 - 0x00007ff889a47000 	C:\Users\LENOVO\.gradle\native\68d5fa5c4cc2d200863cafc0d521ce42e7d3e7ee720ec0a83991735586a16f82\windows-amd64\native-platform.dll
0x00007ff865ec0000 - 0x00007ff866004000 	C:\Users\LENOVO\.gradle\native\e376f236ea51e6404a007f0833ffe2c6e607c4080706a723a18a27aeea778392\windows-amd64\native-platform-file-events.dll
0x00007ff87d350000 - 0x00007ff87d359000 	C:\Program Files\Microsoft\jdk-11.0.20.8-hotspot\bin\management.dll
0x00007ff87d300000 - 0x00007ff87d30b000 	C:\Program Files\Microsoft\jdk-11.0.20.8-hotspot\bin\management_ext.dll
0x00007ff88dbf0000 - 0x00007ff88dc08000 	C:\WINDOWS\SYSTEM32\CRYPTSP.dll
0x00007ff88d250000 - 0x00007ff88d284000 	C:\WINDOWS\system32\rsaenh.dll
0x00007ff88ea00000 - 0x00007ff88ea27000 	C:\WINDOWS\System32\bcrypt.dll
0x00007ff88e140000 - 0x00007ff88e16e000 	C:\WINDOWS\SYSTEM32\USERENV.dll
0x00007ff88db20000 - 0x00007ff88db2c000 	C:\WINDOWS\SYSTEM32\CRYPTBASE.dll
0x00007ff88d650000 - 0x00007ff88d68b000 	C:\WINDOWS\SYSTEM32\IPHLPAPI.DLL
0x00007ff88f4e0000 - 0x00007ff88f4e8000 	C:\WINDOWS\System32\NSI.dll
0x00007ff884330000 - 0x00007ff884347000 	C:\WINDOWS\SYSTEM32\dhcpcsvc6.DLL
0x00007ff8855a0000 - 0x00007ff8855bd000 	C:\WINDOWS\SYSTEM32\dhcpcsvc.DLL
0x00007ff88d690000 - 0x00007ff88d75a000 	C:\WINDOWS\SYSTEM32\DNSAPI.dll

dbghelp: loaded successfully - version: 4.0.5 - missing functions: none
symbol engine: initialized successfully - sym options: 0x614 - pdb path: .;C:\Program Files\Microsoft\jdk-11.0.20.8-hotspot\bin;C:\WINDOWS\SYSTEM32;C:\WINDOWS\WinSxS\amd64_microsoft.windows.common-controls_6595b64144ccf1df_6.0.19041.1110_none_60b5254171f9507e;C:\Program Files\Microsoft\jdk-11.0.20.8-hotspot\bin\server;C:\Users\LENOVO\.gradle\native\68d5fa5c4cc2d200863cafc0d521ce42e7d3e7ee720ec0a83991735586a16f82\windows-amd64;C:\Users\LENOVO\.gradle\native\e376f236ea51e6404a007f0833ffe2c6e607c4080706a723a18a27aeea778392\windows-amd64

VM Arguments:
jvm_args: -XX:MaxMetaspaceSize=512m --add-opens=java.base/java.util=ALL-UNNAMED --add-opens=java.base/java.lang=ALL-UNNAMED --add-opens=java.base/java.lang.invoke=ALL-UNNAMED --add-opens=java.prefs/java.util.prefs=ALL-UNNAMED --add-opens=java.base/java.nio.charset=ALL-UNNAMED --add-opens=java.base/java.net=ALL-UNNAMED --add-opens=java.base/java.util.concurrent.atomic=ALL-UNNAMED -Xmx2048m -Dfile.encoding=windows-1252 -Duser.country=US -Duser.language=en -Duser.variant 
java_command: org.gradle.launcher.daemon.bootstrap.GradleDaemon 8.0.1
java_class_path (initial): C:\Users\LENOVO\.gradle\wrapper\dists\gradle-8.0.1-all\aro4hu1c3oeioove7l0i4i14o\gradle-8.0.1\lib\gradle-launcher-8.0.1.jar
Launcher Type: SUN_STANDARD

[Global flags]
     intx CICompilerCount                          = 3                                         {product} {ergonomic}
   size_t CompressedClassSpaceSize                 = 528482304                                 {product} {ergonomic}
     uint ConcGCThreads                            = 1                                         {product} {ergonomic}
     uint G1ConcRefinementThreads                  = 4                                         {product} {ergonomic}
   size_t G1HeapRegionSize                         = 1048576                                   {product} {ergonomic}
    uintx GCDrainStackTargetSize                   = 64                                        {product} {ergonomic}
   size_t InitialHeapSize                          = 199229440                                 {product} {ergonomic}
   size_t MarkStackSize                            = 4194304                                   {product} {ergonomic}
   size_t MaxHeapSize                              = 2147483648                                {product} {command line}
   size_t MaxMetaspaceSize                         = 536870912                                 {product} {command line}
   size_t MaxNewSize                               = 1287651328                                {product} {ergonomic}
   size_t MinHeapDeltaBytes                        = 1048576                                   {product} {ergonomic}
    uintx NonNMethodCodeHeapSize                   = 5830732                                {pd product} {ergonomic}
    uintx NonProfiledCodeHeapSize                  = 122913754                              {pd product} {ergonomic}
    uintx ProfiledCodeHeapSize                     = 122913754                              {pd product} {ergonomic}
    uintx ReservedCodeCacheSize                    = 251658240                              {pd product} {ergonomic}
     bool SegmentedCodeCache                       = true                                      {product} {ergonomic}
     bool UseCompressedClassPointers               = true                                 {lp64_product} {ergonomic}
     bool UseCompressedOops                        = true                                 {lp64_product} {ergonomic}
     bool UseG1GC                                  = true                                      {product} {ergonomic}
     bool UseLargePagesIndividualAllocation        = false                                  {pd product} {ergonomic}

Logging:
Log output configuration:
 #0: stdout all=warning uptime,level,tags
 #1: stderr all=off uptime,level,tags

Environment Variables:
JAVA_HOME=C:\Program Files\Microsoft\jdk-11.0.20.8-hotspot\
CLASSPATH=D:\CSentryDemo\android\\gradle\wrapper\gradle-wrapper.jar
PATH=D:\CSentryDemo\node_modules\.bin;D:\node_modules\.bin;C:\Users\LENOVO\AppData\Roaming\npm\node_modules\npm\node_modules\@npmcli\run-script\lib\node-gyp-bin;C:\Program Files\Microsoft\jdk-11.0.20.8-hotspot\bin;C:\Python310\Scripts\;C:\Python310\;C:\ProgramData\Oracle\Java\javapath;C:\WINDOWS\system32;C:\WINDOWS;C:\WINDOWS\System32\Wbem;C:\WINDOWS\System32\WindowsPowerShell\v1.0\;C:\WINDOWS\System32\OpenSSH\;C:\Program Files\Microsoft VS Code\bin;C:\ProgramData\chocolatey\bin;C:\Program Files\OpenJDK\openjdk-8u312-b07\bin;C:\Program Files\Git\cmd;C:\Program Files\OpenJDK\openjdk-11.0.13_8\bin;C:\Users\LENOVO\AppData\Local\Android\Sdk\platform-tools;C:\flutter\bin;C:\Users\LENOVO\AppData\Local\Pub\Cache\bin;C:\flutter\.pub-cache\bin;C:\flutter\.pub-cache;C:\Users\LENOVO\AppData\Roaming\npm;C:\Program Files\nodejs\;C:\Users\LENOVO\AppData\Local\Microsoft\WindowsApps;C:\Program Files (x86)\Java\jdk1.8.0_121\bin;C:\flutter\bin;C:\Users\LENOVO\AppData\Local\Android\Sdk;C:\Users\LENOVO\AppData\Local\Pub\Cache\bin;C:\Users\LENOVO\AppData\Roaming\npm;D:\CSentryDemo\node_modules\.bin
USERNAME=LENOVO
LANG=en_US.UTF-8
OS=Windows_NT
PROCESSOR_IDENTIFIER=Intel64 Family 6 Model 78 Stepping 3, GenuineIntel
TMP=C:\Users\LENOVO\AppData\Local\Temp
TEMP=C:\Users\LENOVO\AppData\Local\Temp



---------------  S Y S T E M  ---------------

OS: Windows 10 , 64 bit Build 19041 (10.0.19041.3570)
OS uptime: 0 days 5:48 hours
Hyper-V role detected

CPU:total 4 (initial active 4) (2 cores per cpu, 2 threads per core) family 6 model 78 stepping 3 microcode 0xf0, cmov, cx8, fxsr, mmx, sse, sse2, sse3, ssse3, sse4.1, sse4.2, popcnt, avx, avx2, aes, clmul, erms, rtm, 3dnowpref, lzcnt, ht, tsc, tscinvbit, bmi1, bmi2, adx, fma

Memory: 4k page, system-wide physical 12143M (83M free)
TotalPageFile size 16143M (AvailPageFile size 5M)
current process WorkingSet (physical memory assigned to process): 265M, peak: 267M
current process commit charge ("private bytes"): 363M, peak: 364M

vm_info: OpenJDK 64-Bit Server VM (11.0.20+8-LTS) for windows-amd64 JRE (11.0.20+8-LTS), built on Jul  7 2023 17:05:21 by "MicrosoftCorporation" with MS VC++ 15.9 (VS2017)

END.
